MSP430 Assembler PC v21.6.1 Tue Dec 20 13:45:49 2022

Copyright (c) 2003-2018 Texas Instruments Incorporated
ram.asm                                                              PAGE    1

       1            ;******************************************************************************
       2            ;* MSP430 G3 C/C++ Codegen                                              PC v21.6.1.LTS *
       3            ;* Date/Time created: Tue Dec 20 13:45:49 2022                                *
       4            ;******************************************************************************
       5                    .compiler_opts --abi=eabi --diag_wrap=off --hll_source=on --mem_model:code=large --mem_model:d
       6            
       7            $C$DW$CU        .dwtag  DW_TAG_compile_unit
       8                    .dwattr $C$DW$CU, DW_AT_name("../MP430DriverLib/driverlib/MSP430F5xx_6xx/ram.c")
       9                    .dwattr $C$DW$CU, DW_AT_producer("TI MSP430 G3 C/C++ Codegen PC v21.6.1.LTS Copyright (c) 2003
      10                    .dwattr $C$DW$CU, DW_AT_TI_version(0x01)
      11                    .dwattr $C$DW$CU, DW_AT_comp_dir("C:\Users\MCourson\workspace_v11\MZERO_HB50Board\Debug")
      12            ;       C:\ti\ccs1110\ccs\tools\compiler\ti-cgt-msp430_21.6.1.LTS\bin\opt430.exe C:\\Users\\MCourson\\
      13 000000               .sect   ".text:RAM_setSectorOff"
      14                    .clink
      15                    .global RAM_setSectorOff
      16            
      17            $C$DW$1 .dwtag  DW_TAG_subprogram
      18                    .dwattr $C$DW$1, DW_AT_name("RAM_setSectorOff")
      19                    .dwattr $C$DW$1, DW_AT_low_pc(RAM_setSectorOff)
      20                    .dwattr $C$DW$1, DW_AT_high_pc(0x00)
      21                    .dwattr $C$DW$1, DW_AT_TI_symbol_name("RAM_setSectorOff")
      22                    .dwattr $C$DW$1, DW_AT_external
      23                    .dwattr $C$DW$1, DW_AT_TI_begin_file("../MP430DriverLib/driverlib/MSP430F5xx_6xx/ram.c")
      24                    .dwattr $C$DW$1, DW_AT_TI_begin_line(0x15)
      25                    .dwattr $C$DW$1, DW_AT_TI_begin_column(0x06)
      26                    .dwattr $C$DW$1, DW_AT_decl_file("../MP430DriverLib/driverlib/MSP430F5xx_6xx/ram.c")
      27                    .dwattr $C$DW$1, DW_AT_decl_line(0x15)
      28                    .dwattr $C$DW$1, DW_AT_decl_column(0x06)
      29                    .dwattr $C$DW$1, DW_AT_TI_max_frame_size(0x04)
      30                    .dwpsn  file "../MP430DriverLib/driverlib/MSP430F5xx_6xx/ram.c",line 23,column 1,is_stmt,addre
      31            
      32                    .dwfde $C$DW$CIE, RAM_setSectorOff
      33            $C$DW$2 .dwtag  DW_TAG_formal_parameter
      34                    .dwattr $C$DW$2, DW_AT_name("sector")
      35                    .dwattr $C$DW$2, DW_AT_TI_symbol_name("sector")
      36                    .dwattr $C$DW$2, DW_AT_type(*$C$DW$T$24)
      37                    .dwattr $C$DW$2, DW_AT_location[DW_OP_reg12]
      38            
      39            
      40            ;*****************************************************************************
      41            ;* FUNCTION NAME: RAM_setSectorOff                                           *
      42            ;*                                                                           *
      43            ;*   Regs Modified     : SP,SR,r12                                           *
      44            ;*   Regs Used         : SP,SR,r12                                           *
      45            ;*   Local Frame Size  : 0 Args + 0 Auto + 0 Save = 0 byte                   *
      46            ;*****************************************************************************
      47 000000       RAM_setSectorOff:
      48            ;* --------------------------------------------------------------------------*
      49                    .dwcfi  cfa_offset, 4
      50                    .dwcfi  save_reg_to_mem, 16, -4
      51            ;* r12   assigned to sector
      52            $C$DW$3 .dwtag  DW_TAG_variable
      53                    .dwattr $C$DW$3, DW_AT_name("sector")
      54                    .dwattr $C$DW$3, DW_AT_TI_symbol_name("sector")
      55                    .dwattr $C$DW$3, DW_AT_type(*$C$DW$T$24)
MSP430 Assembler PC v21.6.1 Tue Dec 20 13:45:49 2022

Copyright (c) 2003-2018 Texas Instruments Incorporated
ram.asm                                                              PAGE    2

      56                    .dwattr $C$DW$3, DW_AT_location[DW_OP_reg12]
      57            
      58                    .dwpsn  file "../MP430DriverLib/driverlib/MSP430F5xx_6xx/ram.c",line 25,column 5,is_stmt,isa 0
      59 000000 4C4C          MOV.B     r12,r12               ; [] |25| 
      60 000002 503C          ADD.W     #23040,r12            ; [] |25| 
         000004 5A00 
      61 000006 4C82          MOV.W     r12,&0x158            ; [] |25| 
         000008 0158 
      62                    .dwpsn  file "../MP430DriverLib/driverlib/MSP430F5xx_6xx/ram.c",line 26,column 1,is_stmt,isa 0
      63            $C$DW$4 .dwtag  DW_TAG_TI_branch
      64                    .dwattr $C$DW$4, DW_AT_low_pc(0x00)
      65                    .dwattr $C$DW$4, DW_AT_TI_return
      66            
      67 00000a 0110          RETA      ; [] 
      68                    ; [] 
      69                    .dwattr $C$DW$1, DW_AT_TI_end_file("../MP430DriverLib/driverlib/MSP430F5xx_6xx/ram.c")
      70                    .dwattr $C$DW$1, DW_AT_TI_end_line(0x1a)
      71                    .dwattr $C$DW$1, DW_AT_TI_end_column(0x01)
      72                    .dwendentry
      73                    .dwendtag $C$DW$1
      74            
      75 000000               .sect   ".text:RAM_getSectorState"
      76                    .clink
      77                    .global RAM_getSectorState
      78            
      79            $C$DW$5 .dwtag  DW_TAG_subprogram
      80                    .dwattr $C$DW$5, DW_AT_name("RAM_getSectorState")
      81                    .dwattr $C$DW$5, DW_AT_low_pc(RAM_getSectorState)
      82                    .dwattr $C$DW$5, DW_AT_high_pc(0x00)
      83                    .dwattr $C$DW$5, DW_AT_TI_symbol_name("RAM_getSectorState")
      84                    .dwattr $C$DW$5, DW_AT_external
      85                    .dwattr $C$DW$5, DW_AT_type(*$C$DW$T$24)
      86                    .dwattr $C$DW$5, DW_AT_TI_begin_file("../MP430DriverLib/driverlib/MSP430F5xx_6xx/ram.c")
      87                    .dwattr $C$DW$5, DW_AT_TI_begin_line(0x1c)
      88                    .dwattr $C$DW$5, DW_AT_TI_begin_column(0x09)
      89                    .dwattr $C$DW$5, DW_AT_decl_file("../MP430DriverLib/driverlib/MSP430F5xx_6xx/ram.c")
      90                    .dwattr $C$DW$5, DW_AT_decl_line(0x1c)
      91                    .dwattr $C$DW$5, DW_AT_decl_column(0x09)
      92                    .dwattr $C$DW$5, DW_AT_TI_max_frame_size(0x04)
      93                    .dwpsn  file "../MP430DriverLib/driverlib/MSP430F5xx_6xx/ram.c",line 30,column 1,is_stmt,addre
      94            
      95                    .dwfde $C$DW$CIE, RAM_getSectorState
      96            $C$DW$6 .dwtag  DW_TAG_formal_parameter
      97                    .dwattr $C$DW$6, DW_AT_name("sector")
      98                    .dwattr $C$DW$6, DW_AT_TI_symbol_name("sector")
      99                    .dwattr $C$DW$6, DW_AT_type(*$C$DW$T$24)
     100                    .dwattr $C$DW$6, DW_AT_location[DW_OP_reg12]
     101            
     102            
     103            ;*****************************************************************************
     104            ;* FUNCTION NAME: RAM_getSectorState                                         *
     105            ;*                                                                           *
     106            ;*   Regs Modified     : SP,SR,r12,r15                                       *
     107            ;*   Regs Used         : SP,SR,r12,r15                                       *
     108            ;*   Local Frame Size  : 0 Args + 0 Auto + 0 Save = 0 byte                   *
MSP430 Assembler PC v21.6.1 Tue Dec 20 13:45:49 2022

Copyright (c) 2003-2018 Texas Instruments Incorporated
ram.asm                                                              PAGE    3

     109            ;*****************************************************************************
     110 000000       RAM_getSectorState:
     111            ;* --------------------------------------------------------------------------*
     112                    .dwcfi  cfa_offset, 4
     113                    .dwcfi  save_reg_to_mem, 16, -4
     114                    .dwpsn  file "../MP430DriverLib/driverlib/MSP430F5xx_6xx/ram.c",line 31,column 5,is_stmt,isa 0
     115 000000 425F          MOV.B     &0x158,r15            ; [] |31| 
         000002 0158 
     116 000004 FF4C          AND.B     r15,r12               ; [] |31| 
     117                    .dwpsn  file "../MP430DriverLib/driverlib/MSP430F5xx_6xx/ram.c",line 32,column 1,is_stmt,isa 0
     118            $C$DW$7 .dwtag  DW_TAG_TI_branch
     119                    .dwattr $C$DW$7, DW_AT_low_pc(0x00)
     120                    .dwattr $C$DW$7, DW_AT_TI_return
     121            
     122 000006 0110          RETA      ; [] 
     123                    ; [] 
     124                    .dwattr $C$DW$5, DW_AT_TI_end_file("../MP430DriverLib/driverlib/MSP430F5xx_6xx/ram.c")
     125                    .dwattr $C$DW$5, DW_AT_TI_end_line(0x20)
     126                    .dwattr $C$DW$5, DW_AT_TI_end_column(0x01)
     127                    .dwendentry
     128                    .dwendtag $C$DW$5
     129            
     130            
     131            ;******************************************************************************
     132            ;* BUILD ATTRIBUTES                                                           *
     133            ;******************************************************************************
     134                    .battr "TI", Tag_File, 1, Tag_LPM_INFO(1)
     135                    .battr "TI", Tag_File, 1, Tag_PORTS_INIT_INFO("012345678901ABCDEFGHIJ0000000000001111110000000
     136                    .battr "TI", Tag_File, 1, Tag_LEA_INFO(1)
     137                    .battr "TI", Tag_File, 1, Tag_HW_MPY32_INFO(2)
     138                    .battr "TI", Tag_File, 1, Tag_HW_MPY_ISR_INFO(1)
     139                    .battr "TI", Tag_File, 1, Tag_HW_MPY_INLINE_INFO(1)
     140                    .battr "mspabi", Tag_File, 1, Tag_enum_size(3)
     141            
     142            ;******************************************************************************
     143            ;* TYPE INFORMATION                                                           *
     144            ;******************************************************************************
     145            
     146            $C$DW$T$21      .dwtag  DW_TAG_structure_type
     147                    .dwattr $C$DW$T$21, DW_AT_byte_size(0x10)
     148            $C$DW$8 .dwtag  DW_TAG_member
     149                    .dwattr $C$DW$8, DW_AT_type(*$C$DW$T$14)
     150                    .dwattr $C$DW$8, DW_AT_name("__max_align1")
     151                    .dwattr $C$DW$8, DW_AT_TI_symbol_name("__max_align1")
     152                    .dwattr $C$DW$8, DW_AT_data_member_location[DW_OP_plus_uconst 0x0]
     153                    .dwattr $C$DW$8, DW_AT_accessibility(DW_ACCESS_public)
     154                    .dwattr $C$DW$8, DW_AT_decl_file("C:/ti/ccs1110/ccs/tools/compiler/ti-cgt-msp430_21.6.1.LTS/in
     155                    .dwattr $C$DW$8, DW_AT_decl_line(0x7b)
     156                    .dwattr $C$DW$8, DW_AT_decl_column(0x0c)
     157            
     158            $C$DW$9 .dwtag  DW_TAG_member
     159                    .dwattr $C$DW$9, DW_AT_type(*$C$DW$T$18)
     160                    .dwattr $C$DW$9, DW_AT_name("__max_align2")
     161                    .dwattr $C$DW$9, DW_AT_TI_symbol_name("__max_align2")
     162                    .dwattr $C$DW$9, DW_AT_data_member_location[DW_OP_plus_uconst 0x8]
MSP430 Assembler PC v21.6.1 Tue Dec 20 13:45:49 2022

Copyright (c) 2003-2018 Texas Instruments Incorporated
ram.asm                                                              PAGE    4

     163                    .dwattr $C$DW$9, DW_AT_accessibility(DW_ACCESS_public)
     164                    .dwattr $C$DW$9, DW_AT_decl_file("C:/ti/ccs1110/ccs/tools/compiler/ti-cgt-msp430_21.6.1.LTS/in
     165                    .dwattr $C$DW$9, DW_AT_decl_line(0x7c)
     166                    .dwattr $C$DW$9, DW_AT_decl_column(0x0e)
     167            
     168                    .dwattr $C$DW$T$21, DW_AT_decl_file("C:/ti/ccs1110/ccs/tools/compiler/ti-cgt-msp430_21.6.1.LTS
     169                    .dwattr $C$DW$T$21, DW_AT_decl_line(0x7a)
     170                    .dwattr $C$DW$T$21, DW_AT_decl_column(0x10)
     171                    .dwendtag $C$DW$T$21
     172            
     173            $C$DW$T$22      .dwtag  DW_TAG_typedef
     174                    .dwattr $C$DW$T$22, DW_AT_name("__max_align_t")
     175                    .dwattr $C$DW$T$22, DW_AT_type(*$C$DW$T$21)
     176                    .dwattr $C$DW$T$22, DW_AT_language(DW_LANG_C)
     177                    .dwattr $C$DW$T$22, DW_AT_decl_file("C:/ti/ccs1110/ccs/tools/compiler/ti-cgt-msp430_21.6.1.LTS
     178                    .dwattr $C$DW$T$22, DW_AT_decl_line(0x7d)
     179                    .dwattr $C$DW$T$22, DW_AT_decl_column(0x03)
     180            
     181            $C$DW$T$2       .dwtag  DW_TAG_unspecified_type
     182                    .dwattr $C$DW$T$2, DW_AT_name("void")
     183            
     184            
     185            $C$DW$T$26      .dwtag  DW_TAG_subroutine_type
     186                    .dwattr $C$DW$T$26, DW_AT_language(DW_LANG_C)
     187                    .dwendtag $C$DW$T$26
     188            
     189            $C$DW$T$27      .dwtag  DW_TAG_pointer_type
     190                    .dwattr $C$DW$T$27, DW_AT_type(*$C$DW$T$26)
     191                    .dwattr $C$DW$T$27, DW_AT_address_class(0x14)
     192            
     193            $C$DW$T$28      .dwtag  DW_TAG_typedef
     194                    .dwattr $C$DW$T$28, DW_AT_name("__SFR_FARPTR")
     195                    .dwattr $C$DW$T$28, DW_AT_type(*$C$DW$T$27)
     196                    .dwattr $C$DW$T$28, DW_AT_language(DW_LANG_C)
     197                    .dwattr $C$DW$T$28, DW_AT_decl_file("C:\ti\ccs1110\ccs\ccs_base\msp430\include\msp430f5438a.h"
     198                    .dwattr $C$DW$T$28, DW_AT_decl_line(0x49)
     199                    .dwattr $C$DW$T$28, DW_AT_decl_column(0x11)
     200            
     201            $C$DW$T$4       .dwtag  DW_TAG_base_type
     202                    .dwattr $C$DW$T$4, DW_AT_encoding(DW_ATE_boolean)
     203                    .dwattr $C$DW$T$4, DW_AT_name("bool")
     204                    .dwattr $C$DW$T$4, DW_AT_byte_size(0x01)
     205            
     206            $C$DW$T$5       .dwtag  DW_TAG_base_type
     207                    .dwattr $C$DW$T$5, DW_AT_encoding(DW_ATE_signed_char)
     208                    .dwattr $C$DW$T$5, DW_AT_name("signed char")
     209                    .dwattr $C$DW$T$5, DW_AT_byte_size(0x01)
     210            
     211            $C$DW$T$29      .dwtag  DW_TAG_typedef
     212                    .dwattr $C$DW$T$29, DW_AT_name("__int8_t")
     213                    .dwattr $C$DW$T$29, DW_AT_type(*$C$DW$T$5)
     214                    .dwattr $C$DW$T$29, DW_AT_language(DW_LANG_C)
     215                    .dwattr $C$DW$T$29, DW_AT_decl_file("C:/ti/ccs1110/ccs/tools/compiler/ti-cgt-msp430_21.6.1.LTS
     216                    .dwattr $C$DW$T$29, DW_AT_decl_line(0x36)
     217                    .dwattr $C$DW$T$29, DW_AT_decl_column(0x16)
MSP430 Assembler PC v21.6.1 Tue Dec 20 13:45:49 2022

Copyright (c) 2003-2018 Texas Instruments Incorporated
ram.asm                                                              PAGE    5

     218            
     219            $C$DW$T$30      .dwtag  DW_TAG_typedef
     220                    .dwattr $C$DW$T$30, DW_AT_name("__int_least8_t")
     221                    .dwattr $C$DW$T$30, DW_AT_type(*$C$DW$T$29)
     222                    .dwattr $C$DW$T$30, DW_AT_language(DW_LANG_C)
     223                    .dwattr $C$DW$T$30, DW_AT_decl_file("C:/ti/ccs1110/ccs/tools/compiler/ti-cgt-msp430_21.6.1.LTS
     224                    .dwattr $C$DW$T$30, DW_AT_decl_line(0x5a)
     225                    .dwattr $C$DW$T$30, DW_AT_decl_column(0x12)
     226            
     227            $C$DW$T$31      .dwtag  DW_TAG_typedef
     228                    .dwattr $C$DW$T$31, DW_AT_name("int_least8_t")
     229                    .dwattr $C$DW$T$31, DW_AT_type(*$C$DW$T$30)
     230                    .dwattr $C$DW$T$31, DW_AT_language(DW_LANG_C)
     231                    .dwattr $C$DW$T$31, DW_AT_decl_file("C:/ti/ccs1110/ccs/tools/compiler/ti-cgt-msp430_21.6.1.LTS
     232                    .dwattr $C$DW$T$31, DW_AT_decl_line(0x2a)
     233                    .dwattr $C$DW$T$31, DW_AT_decl_column(0x19)
     234            
     235            $C$DW$T$32      .dwtag  DW_TAG_typedef
     236                    .dwattr $C$DW$T$32, DW_AT_name("int8_t")
     237                    .dwattr $C$DW$T$32, DW_AT_type(*$C$DW$T$29)
     238                    .dwattr $C$DW$T$32, DW_AT_language(DW_LANG_C)
     239                    .dwattr $C$DW$T$32, DW_AT_decl_file("C:/ti/ccs1110/ccs/tools/compiler/ti-cgt-msp430_21.6.1.LTS
     240                    .dwattr $C$DW$T$32, DW_AT_decl_line(0x25)
     241                    .dwattr $C$DW$T$32, DW_AT_decl_column(0x13)
     242            
     243            $C$DW$T$6       .dwtag  DW_TAG_base_type
     244                    .dwattr $C$DW$T$6, DW_AT_encoding(DW_ATE_unsigned_char)
     245                    .dwattr $C$DW$T$6, DW_AT_name("unsigned char")
     246                    .dwattr $C$DW$T$6, DW_AT_byte_size(0x01)
     247            
     248            $C$DW$T$23      .dwtag  DW_TAG_typedef
     249                    .dwattr $C$DW$T$23, DW_AT_name("__uint8_t")
     250                    .dwattr $C$DW$T$23, DW_AT_type(*$C$DW$T$6)
     251                    .dwattr $C$DW$T$23, DW_AT_language(DW_LANG_C)
     252                    .dwattr $C$DW$T$23, DW_AT_decl_file("C:/ti/ccs1110/ccs/tools/compiler/ti-cgt-msp430_21.6.1.LTS
     253                    .dwattr $C$DW$T$23, DW_AT_decl_line(0x37)
     254                    .dwattr $C$DW$T$23, DW_AT_decl_column(0x18)
     255            
     256            $C$DW$T$36      .dwtag  DW_TAG_typedef
     257                    .dwattr $C$DW$T$36, DW_AT_name("__sa_family_t")
     258                    .dwattr $C$DW$T$36, DW_AT_type(*$C$DW$T$23)
     259                    .dwattr $C$DW$T$36, DW_AT_language(DW_LANG_C)
     260                    .dwattr $C$DW$T$36, DW_AT_decl_file("C:/ti/ccs1110/ccs/tools/compiler/ti-cgt-msp430_21.6.1.LTS
     261                    .dwattr $C$DW$T$36, DW_AT_decl_line(0x47)
     262                    .dwattr $C$DW$T$36, DW_AT_decl_column(0x13)
     263            
     264            $C$DW$T$37      .dwtag  DW_TAG_typedef
     265                    .dwattr $C$DW$T$37, DW_AT_name("__uint_least8_t")
     266                    .dwattr $C$DW$T$37, DW_AT_type(*$C$DW$T$23)
     267                    .dwattr $C$DW$T$37, DW_AT_language(DW_LANG_C)
     268                    .dwattr $C$DW$T$37, DW_AT_decl_file("C:/ti/ccs1110/ccs/tools/compiler/ti-cgt-msp430_21.6.1.LTS
     269                    .dwattr $C$DW$T$37, DW_AT_decl_line(0x74)
     270                    .dwattr $C$DW$T$37, DW_AT_decl_column(0x13)
     271            
     272            $C$DW$T$38      .dwtag  DW_TAG_typedef
MSP430 Assembler PC v21.6.1 Tue Dec 20 13:45:49 2022

Copyright (c) 2003-2018 Texas Instruments Incorporated
ram.asm                                                              PAGE    6

     273                    .dwattr $C$DW$T$38, DW_AT_name("uint_least8_t")
     274                    .dwattr $C$DW$T$38, DW_AT_type(*$C$DW$T$37)
     275                    .dwattr $C$DW$T$38, DW_AT_language(DW_LANG_C)
     276                    .dwattr $C$DW$T$38, DW_AT_decl_file("C:/ti/ccs1110/ccs/tools/compiler/ti-cgt-msp430_21.6.1.LTS
     277                    .dwattr $C$DW$T$38, DW_AT_decl_line(0x2f)
     278                    .dwattr $C$DW$T$38, DW_AT_decl_column(0x1a)
     279            
     280            $C$DW$T$24      .dwtag  DW_TAG_typedef
     281                    .dwattr $C$DW$T$24, DW_AT_name("uint8_t")
     282                    .dwattr $C$DW$T$24, DW_AT_type(*$C$DW$T$23)
     283                    .dwattr $C$DW$T$24, DW_AT_language(DW_LANG_C)
     284                    .dwattr $C$DW$T$24, DW_AT_decl_file("C:/ti/ccs1110/ccs/tools/compiler/ti-cgt-msp430_21.6.1.LTS
     285                    .dwattr $C$DW$T$24, DW_AT_decl_line(0x3b)
     286                    .dwattr $C$DW$T$24, DW_AT_decl_column(0x14)
     287            
     288            $C$DW$T$7       .dwtag  DW_TAG_base_type
     289                    .dwattr $C$DW$T$7, DW_AT_encoding(DW_ATE_signed_char)
     290                    .dwattr $C$DW$T$7, DW_AT_name("wchar_t")
     291                    .dwattr $C$DW$T$7, DW_AT_byte_size(0x02)
     292            
     293            $C$DW$T$8       .dwtag  DW_TAG_base_type
     294                    .dwattr $C$DW$T$8, DW_AT_encoding(DW_ATE_signed)
     295                    .dwattr $C$DW$T$8, DW_AT_name("short")
     296                    .dwattr $C$DW$T$8, DW_AT_byte_size(0x02)
     297            
     298            $C$DW$T$9       .dwtag  DW_TAG_base_type
     299                    .dwattr $C$DW$T$9, DW_AT_encoding(DW_ATE_unsigned)
     300                    .dwattr $C$DW$T$9, DW_AT_name("unsigned short")
     301                    .dwattr $C$DW$T$9, DW_AT_byte_size(0x02)
     302            
     303            $C$DW$T$10      .dwtag  DW_TAG_base_type
     304                    .dwattr $C$DW$T$10, DW_AT_encoding(DW_ATE_signed)
     305                    .dwattr $C$DW$T$10, DW_AT_name("int")
     306                    .dwattr $C$DW$T$10, DW_AT_byte_size(0x02)
     307            
     308            $C$DW$T$40      .dwtag  DW_TAG_typedef
     309                    .dwattr $C$DW$T$40, DW_AT_name("_Mbstatet")
     310                    .dwattr $C$DW$T$40, DW_AT_type(*$C$DW$T$10)
     311                    .dwattr $C$DW$T$40, DW_AT_language(DW_LANG_C)
     312                    .dwattr $C$DW$T$40, DW_AT_decl_file("C:/ti/ccs1110/ccs/tools/compiler/ti-cgt-msp430_21.6.1.LTS
     313                    .dwattr $C$DW$T$40, DW_AT_decl_line(0x8f)
     314                    .dwattr $C$DW$T$40, DW_AT_decl_column(0x0d)
     315            
     316            $C$DW$T$41      .dwtag  DW_TAG_typedef
     317                    .dwattr $C$DW$T$41, DW_AT_name("__mbstate_t")
     318                    .dwattr $C$DW$T$41, DW_AT_type(*$C$DW$T$40)
     319                    .dwattr $C$DW$T$41, DW_AT_language(DW_LANG_C)
     320                    .dwattr $C$DW$T$41, DW_AT_decl_file("C:/ti/ccs1110/ccs/tools/compiler/ti-cgt-msp430_21.6.1.LTS
     321                    .dwattr $C$DW$T$41, DW_AT_decl_line(0x92)
     322                    .dwattr $C$DW$T$41, DW_AT_decl_column(0x13)
     323            
     324            $C$DW$T$42      .dwtag  DW_TAG_typedef
     325                    .dwattr $C$DW$T$42, DW_AT_name("__accmode_t")
     326                    .dwattr $C$DW$T$42, DW_AT_type(*$C$DW$T$10)
     327                    .dwattr $C$DW$T$42, DW_AT_language(DW_LANG_C)
MSP430 Assembler PC v21.6.1 Tue Dec 20 13:45:49 2022

Copyright (c) 2003-2018 Texas Instruments Incorporated
ram.asm                                                              PAGE    7

     328                    .dwattr $C$DW$T$42, DW_AT_decl_file("C:/ti/ccs1110/ccs/tools/compiler/ti-cgt-msp430_21.6.1.LTS
     329                    .dwattr $C$DW$T$42, DW_AT_decl_line(0x3b)
     330                    .dwattr $C$DW$T$42, DW_AT_decl_column(0x0e)
     331            
     332            $C$DW$T$43      .dwtag  DW_TAG_typedef
     333                    .dwattr $C$DW$T$43, DW_AT_name("__cpulevel_t")
     334                    .dwattr $C$DW$T$43, DW_AT_type(*$C$DW$T$10)
     335                    .dwattr $C$DW$T$43, DW_AT_language(DW_LANG_C)
     336                    .dwattr $C$DW$T$43, DW_AT_decl_file("C:/ti/ccs1110/ccs/tools/compiler/ti-cgt-msp430_21.6.1.LTS
     337                    .dwattr $C$DW$T$43, DW_AT_decl_line(0x50)
     338                    .dwattr $C$DW$T$43, DW_AT_decl_column(0x0e)
     339            
     340            $C$DW$T$44      .dwtag  DW_TAG_typedef
     341                    .dwattr $C$DW$T$44, DW_AT_name("__cpusetid_t")
     342                    .dwattr $C$DW$T$44, DW_AT_type(*$C$DW$T$10)
     343                    .dwattr $C$DW$T$44, DW_AT_language(DW_LANG_C)
     344                    .dwattr $C$DW$T$44, DW_AT_decl_file("C:/ti/ccs1110/ccs/tools/compiler/ti-cgt-msp430_21.6.1.LTS
     345                    .dwattr $C$DW$T$44, DW_AT_decl_line(0x51)
     346                    .dwattr $C$DW$T$44, DW_AT_decl_column(0x0e)
     347            
     348            $C$DW$T$45      .dwtag  DW_TAG_typedef
     349                    .dwattr $C$DW$T$45, DW_AT_name("__cpuwhich_t")
     350                    .dwattr $C$DW$T$45, DW_AT_type(*$C$DW$T$10)
     351                    .dwattr $C$DW$T$45, DW_AT_language(DW_LANG_C)
     352                    .dwattr $C$DW$T$45, DW_AT_decl_file("C:/ti/ccs1110/ccs/tools/compiler/ti-cgt-msp430_21.6.1.LTS
     353                    .dwattr $C$DW$T$45, DW_AT_decl_line(0x4f)
     354                    .dwattr $C$DW$T$45, DW_AT_decl_column(0x0e)
     355            
     356            $C$DW$T$46      .dwtag  DW_TAG_typedef
     357                    .dwattr $C$DW$T$46, DW_AT_name("__ct_rune_t")
     358                    .dwattr $C$DW$T$46, DW_AT_type(*$C$DW$T$10)
     359                    .dwattr $C$DW$T$46, DW_AT_language(DW_LANG_C)
     360                    .dwattr $C$DW$T$46, DW_AT_decl_file("C:/ti/ccs1110/ccs/tools/compiler/ti-cgt-msp430_21.6.1.LTS
     361                    .dwattr $C$DW$T$46, DW_AT_decl_line(0x69)
     362                    .dwattr $C$DW$T$46, DW_AT_decl_column(0x0e)
     363            
     364            $C$DW$T$47      .dwtag  DW_TAG_typedef
     365                    .dwattr $C$DW$T$47, DW_AT_name("__rune_t")
     366                    .dwattr $C$DW$T$47, DW_AT_type(*$C$DW$T$46)
     367                    .dwattr $C$DW$T$47, DW_AT_language(DW_LANG_C)
     368                    .dwattr $C$DW$T$47, DW_AT_decl_file("C:/ti/ccs1110/ccs/tools/compiler/ti-cgt-msp430_21.6.1.LTS
     369                    .dwattr $C$DW$T$47, DW_AT_decl_line(0x6c)
     370                    .dwattr $C$DW$T$47, DW_AT_decl_column(0x15)
     371            
     372            $C$DW$T$48      .dwtag  DW_TAG_typedef
     373                    .dwattr $C$DW$T$48, DW_AT_name("__wint_t")
     374                    .dwattr $C$DW$T$48, DW_AT_type(*$C$DW$T$46)
     375                    .dwattr $C$DW$T$48, DW_AT_language(DW_LANG_C)
     376                    .dwattr $C$DW$T$48, DW_AT_decl_file("C:/ti/ccs1110/ccs/tools/compiler/ti-cgt-msp430_21.6.1.LTS
     377                    .dwattr $C$DW$T$48, DW_AT_decl_line(0x6d)
     378                    .dwattr $C$DW$T$48, DW_AT_decl_column(0x15)
     379            
     380            $C$DW$T$49      .dwtag  DW_TAG_typedef
     381                    .dwattr $C$DW$T$49, DW_AT_name("__int16_t")
     382                    .dwattr $C$DW$T$49, DW_AT_type(*$C$DW$T$10)
MSP430 Assembler PC v21.6.1 Tue Dec 20 13:45:49 2022

Copyright (c) 2003-2018 Texas Instruments Incorporated
ram.asm                                                              PAGE    8

     383                    .dwattr $C$DW$T$49, DW_AT_language(DW_LANG_C)
     384                    .dwattr $C$DW$T$49, DW_AT_decl_file("C:/ti/ccs1110/ccs/tools/compiler/ti-cgt-msp430_21.6.1.LTS
     385                    .dwattr $C$DW$T$49, DW_AT_decl_line(0x38)
     386                    .dwattr $C$DW$T$49, DW_AT_decl_column(0x0f)
     387            
     388            $C$DW$T$50      .dwtag  DW_TAG_typedef
     389                    .dwattr $C$DW$T$50, DW_AT_name("__int_fast16_t")
     390                    .dwattr $C$DW$T$50, DW_AT_type(*$C$DW$T$49)
     391                    .dwattr $C$DW$T$50, DW_AT_language(DW_LANG_C)
     392                    .dwattr $C$DW$T$50, DW_AT_decl_file("C:/ti/ccs1110/ccs/tools/compiler/ti-cgt-msp430_21.6.1.LTS
     393                    .dwattr $C$DW$T$50, DW_AT_decl_line(0x57)
     394                    .dwattr $C$DW$T$50, DW_AT_decl_column(0x13)
     395            
     396            $C$DW$T$51      .dwtag  DW_TAG_typedef
     397                    .dwattr $C$DW$T$51, DW_AT_name("int_fast16_t")
     398                    .dwattr $C$DW$T$51, DW_AT_type(*$C$DW$T$50)
     399                    .dwattr $C$DW$T$51, DW_AT_language(DW_LANG_C)
     400                    .dwattr $C$DW$T$51, DW_AT_decl_file("C:/ti/ccs1110/ccs/tools/compiler/ti-cgt-msp430_21.6.1.LTS
     401                    .dwattr $C$DW$T$51, DW_AT_decl_line(0x35)
     402                    .dwattr $C$DW$T$51, DW_AT_decl_column(0x19)
     403            
     404            $C$DW$T$52      .dwtag  DW_TAG_typedef
     405                    .dwattr $C$DW$T$52, DW_AT_name("__int_fast8_t")
     406                    .dwattr $C$DW$T$52, DW_AT_type(*$C$DW$T$49)
     407                    .dwattr $C$DW$T$52, DW_AT_language(DW_LANG_C)
     408                    .dwattr $C$DW$T$52, DW_AT_decl_file("C:/ti/ccs1110/ccs/tools/compiler/ti-cgt-msp430_21.6.1.LTS
     409                    .dwattr $C$DW$T$52, DW_AT_decl_line(0x56)
     410                    .dwattr $C$DW$T$52, DW_AT_decl_column(0x13)
     411            
     412            $C$DW$T$53      .dwtag  DW_TAG_typedef
     413                    .dwattr $C$DW$T$53, DW_AT_name("int_fast8_t")
     414                    .dwattr $C$DW$T$53, DW_AT_type(*$C$DW$T$52)
     415                    .dwattr $C$DW$T$53, DW_AT_language(DW_LANG_C)
     416                    .dwattr $C$DW$T$53, DW_AT_decl_file("C:/ti/ccs1110/ccs/tools/compiler/ti-cgt-msp430_21.6.1.LTS
     417                    .dwattr $C$DW$T$53, DW_AT_decl_line(0x34)
     418                    .dwattr $C$DW$T$53, DW_AT_decl_column(0x18)
     419            
     420            $C$DW$T$54      .dwtag  DW_TAG_typedef
     421                    .dwattr $C$DW$T$54, DW_AT_name("__int_least16_t")
     422                    .dwattr $C$DW$T$54, DW_AT_type(*$C$DW$T$49)
     423                    .dwattr $C$DW$T$54, DW_AT_language(DW_LANG_C)
     424                    .dwattr $C$DW$T$54, DW_AT_decl_file("C:/ti/ccs1110/ccs/tools/compiler/ti-cgt-msp430_21.6.1.LTS
     425                    .dwattr $C$DW$T$54, DW_AT_decl_line(0x5b)
     426                    .dwattr $C$DW$T$54, DW_AT_decl_column(0x13)
     427            
     428            $C$DW$T$55      .dwtag  DW_TAG_typedef
     429                    .dwattr $C$DW$T$55, DW_AT_name("int_least16_t")
     430                    .dwattr $C$DW$T$55, DW_AT_type(*$C$DW$T$54)
     431                    .dwattr $C$DW$T$55, DW_AT_language(DW_LANG_C)
     432                    .dwattr $C$DW$T$55, DW_AT_decl_file("C:/ti/ccs1110/ccs/tools/compiler/ti-cgt-msp430_21.6.1.LTS
     433                    .dwattr $C$DW$T$55, DW_AT_decl_line(0x2b)
     434                    .dwattr $C$DW$T$55, DW_AT_decl_column(0x1a)
     435            
     436            $C$DW$T$56      .dwtag  DW_TAG_typedef
     437                    .dwattr $C$DW$T$56, DW_AT_name("__register_t")
MSP430 Assembler PC v21.6.1 Tue Dec 20 13:45:49 2022

Copyright (c) 2003-2018 Texas Instruments Incorporated
ram.asm                                                              PAGE    9

     438                    .dwattr $C$DW$T$56, DW_AT_type(*$C$DW$T$49)
     439                    .dwattr $C$DW$T$56, DW_AT_language(DW_LANG_C)
     440                    .dwattr $C$DW$T$56, DW_AT_decl_file("C:/ti/ccs1110/ccs/tools/compiler/ti-cgt-msp430_21.6.1.LTS
     441                    .dwattr $C$DW$T$56, DW_AT_decl_line(0x5f)
     442                    .dwattr $C$DW$T$56, DW_AT_decl_column(0x13)
     443            
     444            $C$DW$T$57      .dwtag  DW_TAG_typedef
     445                    .dwattr $C$DW$T$57, DW_AT_name("int16_t")
     446                    .dwattr $C$DW$T$57, DW_AT_type(*$C$DW$T$49)
     447                    .dwattr $C$DW$T$57, DW_AT_language(DW_LANG_C)
     448                    .dwattr $C$DW$T$57, DW_AT_decl_file("C:/ti/ccs1110/ccs/tools/compiler/ti-cgt-msp430_21.6.1.LTS
     449                    .dwattr $C$DW$T$57, DW_AT_decl_line(0x2b)
     450                    .dwattr $C$DW$T$57, DW_AT_decl_column(0x14)
     451            
     452            $C$DW$T$58      .dwtag  DW_TAG_typedef
     453                    .dwattr $C$DW$T$58, DW_AT_name("__nl_item")
     454                    .dwattr $C$DW$T$58, DW_AT_type(*$C$DW$T$10)
     455                    .dwattr $C$DW$T$58, DW_AT_language(DW_LANG_C)
     456                    .dwattr $C$DW$T$58, DW_AT_decl_file("C:/ti/ccs1110/ccs/tools/compiler/ti-cgt-msp430_21.6.1.LTS
     457                    .dwattr $C$DW$T$58, DW_AT_decl_line(0x3c)
     458                    .dwattr $C$DW$T$58, DW_AT_decl_column(0x0e)
     459            
     460            $C$DW$T$59      .dwtag  DW_TAG_typedef
     461                    .dwattr $C$DW$T$59, DW_AT_name("__ptrdiff_t")
     462                    .dwattr $C$DW$T$59, DW_AT_type(*$C$DW$T$10)
     463                    .dwattr $C$DW$T$59, DW_AT_language(DW_LANG_C)
     464                    .dwattr $C$DW$T$59, DW_AT_decl_file("C:/ti/ccs1110/ccs/tools/compiler/ti-cgt-msp430_21.6.1.LTS
     465                    .dwattr $C$DW$T$59, DW_AT_decl_line(0x5e)
     466                    .dwattr $C$DW$T$59, DW_AT_decl_column(0x1c)
     467            
     468            $C$DW$T$11      .dwtag  DW_TAG_base_type
     469                    .dwattr $C$DW$T$11, DW_AT_encoding(DW_ATE_unsigned)
     470                    .dwattr $C$DW$T$11, DW_AT_name("unsigned int")
     471                    .dwattr $C$DW$T$11, DW_AT_byte_size(0x02)
     472            
     473            $C$DW$T$60      .dwtag  DW_TAG_typedef
     474                    .dwattr $C$DW$T$60, DW_AT_name("___wchar_t")
     475                    .dwattr $C$DW$T$60, DW_AT_type(*$C$DW$T$11)
     476                    .dwattr $C$DW$T$60, DW_AT_language(DW_LANG_C)
     477                    .dwattr $C$DW$T$60, DW_AT_decl_file("C:/ti/ccs1110/ccs/tools/compiler/ti-cgt-msp430_21.6.1.LTS
     478                    .dwattr $C$DW$T$60, DW_AT_decl_line(0x7d)
     479                    .dwattr $C$DW$T$60, DW_AT_decl_column(0x1a)
     480            
     481            $C$DW$T$63      .dwtag  DW_TAG_typedef
     482                    .dwattr $C$DW$T$63, DW_AT_name("__size_t")
     483                    .dwattr $C$DW$T$63, DW_AT_type(*$C$DW$T$11)
     484                    .dwattr $C$DW$T$63, DW_AT_language(DW_LANG_C)
     485                    .dwattr $C$DW$T$63, DW_AT_decl_file("C:/ti/ccs1110/ccs/tools/compiler/ti-cgt-msp430_21.6.1.LTS
     486                    .dwattr $C$DW$T$63, DW_AT_decl_line(0x61)
     487                    .dwattr $C$DW$T$63, DW_AT_decl_column(0x19)
     488            
     489            $C$DW$T$64      .dwtag  DW_TAG_typedef
     490                    .dwattr $C$DW$T$64, DW_AT_name("__uint16_t")
     491                    .dwattr $C$DW$T$64, DW_AT_type(*$C$DW$T$11)
     492                    .dwattr $C$DW$T$64, DW_AT_language(DW_LANG_C)
MSP430 Assembler PC v21.6.1 Tue Dec 20 13:45:49 2022

Copyright (c) 2003-2018 Texas Instruments Incorporated
ram.asm                                                              PAGE   10

     493                    .dwattr $C$DW$T$64, DW_AT_decl_file("C:/ti/ccs1110/ccs/tools/compiler/ti-cgt-msp430_21.6.1.LTS
     494                    .dwattr $C$DW$T$64, DW_AT_decl_line(0x39)
     495                    .dwattr $C$DW$T$64, DW_AT_decl_column(0x17)
     496            
     497            $C$DW$T$65      .dwtag  DW_TAG_typedef
     498                    .dwattr $C$DW$T$65, DW_AT_name("__mode_t")
     499                    .dwattr $C$DW$T$65, DW_AT_type(*$C$DW$T$64)
     500                    .dwattr $C$DW$T$65, DW_AT_language(DW_LANG_C)
     501                    .dwattr $C$DW$T$65, DW_AT_decl_file("C:/ti/ccs1110/ccs/tools/compiler/ti-cgt-msp430_21.6.1.LTS
     502                    .dwattr $C$DW$T$65, DW_AT_decl_line(0x3a)
     503                    .dwattr $C$DW$T$65, DW_AT_decl_column(0x14)
     504            
     505            $C$DW$T$66      .dwtag  DW_TAG_typedef
     506                    .dwattr $C$DW$T$66, DW_AT_name("__u_register_t")
     507                    .dwattr $C$DW$T$66, DW_AT_type(*$C$DW$T$64)
     508                    .dwattr $C$DW$T$66, DW_AT_language(DW_LANG_C)
     509                    .dwattr $C$DW$T$66, DW_AT_decl_file("C:/ti/ccs1110/ccs/tools/compiler/ti-cgt-msp430_21.6.1.LTS
     510                    .dwattr $C$DW$T$66, DW_AT_decl_line(0x78)
     511                    .dwattr $C$DW$T$66, DW_AT_decl_column(0x14)
     512            
     513            $C$DW$T$67      .dwtag  DW_TAG_typedef
     514                    .dwattr $C$DW$T$67, DW_AT_name("__uint_fast16_t")
     515                    .dwattr $C$DW$T$67, DW_AT_type(*$C$DW$T$64)
     516                    .dwattr $C$DW$T$67, DW_AT_language(DW_LANG_C)
     517                    .dwattr $C$DW$T$67, DW_AT_decl_file("C:/ti/ccs1110/ccs/tools/compiler/ti-cgt-msp430_21.6.1.LTS
     518                    .dwattr $C$DW$T$67, DW_AT_decl_line(0x71)
     519                    .dwattr $C$DW$T$67, DW_AT_decl_column(0x14)
     520            
     521            $C$DW$T$68      .dwtag  DW_TAG_typedef
     522                    .dwattr $C$DW$T$68, DW_AT_name("uint_fast16_t")
     523                    .dwattr $C$DW$T$68, DW_AT_type(*$C$DW$T$67)
     524                    .dwattr $C$DW$T$68, DW_AT_language(DW_LANG_C)
     525                    .dwattr $C$DW$T$68, DW_AT_decl_file("C:/ti/ccs1110/ccs/tools/compiler/ti-cgt-msp430_21.6.1.LTS
     526                    .dwattr $C$DW$T$68, DW_AT_decl_line(0x3a)
     527                    .dwattr $C$DW$T$68, DW_AT_decl_column(0x1a)
     528            
     529            $C$DW$T$69      .dwtag  DW_TAG_typedef
     530                    .dwattr $C$DW$T$69, DW_AT_name("__uint_fast8_t")
     531                    .dwattr $C$DW$T$69, DW_AT_type(*$C$DW$T$64)
     532                    .dwattr $C$DW$T$69, DW_AT_language(DW_LANG_C)
     533                    .dwattr $C$DW$T$69, DW_AT_decl_file("C:/ti/ccs1110/ccs/tools/compiler/ti-cgt-msp430_21.6.1.LTS
     534                    .dwattr $C$DW$T$69, DW_AT_decl_line(0x70)
     535                    .dwattr $C$DW$T$69, DW_AT_decl_column(0x14)
     536            
     537            $C$DW$T$70      .dwtag  DW_TAG_typedef
     538                    .dwattr $C$DW$T$70, DW_AT_name("uint_fast8_t")
     539                    .dwattr $C$DW$T$70, DW_AT_type(*$C$DW$T$69)
     540                    .dwattr $C$DW$T$70, DW_AT_language(DW_LANG_C)
     541                    .dwattr $C$DW$T$70, DW_AT_decl_file("C:/ti/ccs1110/ccs/tools/compiler/ti-cgt-msp430_21.6.1.LTS
     542                    .dwattr $C$DW$T$70, DW_AT_decl_line(0x39)
     543                    .dwattr $C$DW$T$70, DW_AT_decl_column(0x19)
     544            
     545            $C$DW$T$71      .dwtag  DW_TAG_typedef
     546                    .dwattr $C$DW$T$71, DW_AT_name("__uint_least16_t")
     547                    .dwattr $C$DW$T$71, DW_AT_type(*$C$DW$T$64)
MSP430 Assembler PC v21.6.1 Tue Dec 20 13:45:49 2022

Copyright (c) 2003-2018 Texas Instruments Incorporated
ram.asm                                                              PAGE   11

     548                    .dwattr $C$DW$T$71, DW_AT_language(DW_LANG_C)
     549                    .dwattr $C$DW$T$71, DW_AT_decl_file("C:/ti/ccs1110/ccs/tools/compiler/ti-cgt-msp430_21.6.1.LTS
     550                    .dwattr $C$DW$T$71, DW_AT_decl_line(0x75)
     551                    .dwattr $C$DW$T$71, DW_AT_decl_column(0x14)
     552            
     553            $C$DW$T$72      .dwtag  DW_TAG_typedef
     554                    .dwattr $C$DW$T$72, DW_AT_name("__char16_t")
     555                    .dwattr $C$DW$T$72, DW_AT_type(*$C$DW$T$71)
     556                    .dwattr $C$DW$T$72, DW_AT_language(DW_LANG_C)
     557                    .dwattr $C$DW$T$72, DW_AT_decl_file("C:/ti/ccs1110/ccs/tools/compiler/ti-cgt-msp430_21.6.1.LTS
     558                    .dwattr $C$DW$T$72, DW_AT_decl_line(0x71)
     559                    .dwattr $C$DW$T$72, DW_AT_decl_column(0x1a)
     560            
     561            $C$DW$T$73      .dwtag  DW_TAG_typedef
     562                    .dwattr $C$DW$T$73, DW_AT_name("uint_least16_t")
     563                    .dwattr $C$DW$T$73, DW_AT_type(*$C$DW$T$71)
     564                    .dwattr $C$DW$T$73, DW_AT_language(DW_LANG_C)
     565                    .dwattr $C$DW$T$73, DW_AT_decl_file("C:/ti/ccs1110/ccs/tools/compiler/ti-cgt-msp430_21.6.1.LTS
     566                    .dwattr $C$DW$T$73, DW_AT_decl_line(0x30)
     567                    .dwattr $C$DW$T$73, DW_AT_decl_column(0x1a)
     568            
     569            $C$DW$T$74      .dwtag  DW_TAG_typedef
     570                    .dwattr $C$DW$T$74, DW_AT_name("uint16_t")
     571                    .dwattr $C$DW$T$74, DW_AT_type(*$C$DW$T$64)
     572                    .dwattr $C$DW$T$74, DW_AT_language(DW_LANG_C)
     573                    .dwattr $C$DW$T$74, DW_AT_decl_file("C:/ti/ccs1110/ccs/tools/compiler/ti-cgt-msp430_21.6.1.LTS
     574                    .dwattr $C$DW$T$74, DW_AT_decl_line(0x41)
     575                    .dwattr $C$DW$T$74, DW_AT_decl_column(0x15)
     576            
     577            $C$DW$T$75      .dwtag  DW_TAG_typedef
     578                    .dwattr $C$DW$T$75, DW_AT_name("__useconds_t")
     579                    .dwattr $C$DW$T$75, DW_AT_type(*$C$DW$T$11)
     580                    .dwattr $C$DW$T$75, DW_AT_language(DW_LANG_C)
     581                    .dwattr $C$DW$T$75, DW_AT_decl_file("C:/ti/ccs1110/ccs/tools/compiler/ti-cgt-msp430_21.6.1.LTS
     582                    .dwattr $C$DW$T$75, DW_AT_decl_line(0x4e)
     583                    .dwattr $C$DW$T$75, DW_AT_decl_column(0x16)
     584            
     585            $C$DW$T$12      .dwtag  DW_TAG_base_type
     586                    .dwattr $C$DW$T$12, DW_AT_encoding(DW_ATE_signed)
     587                    .dwattr $C$DW$T$12, DW_AT_name("long")
     588                    .dwattr $C$DW$T$12, DW_AT_byte_size(0x04)
     589            
     590            $C$DW$T$76      .dwtag  DW_TAG_typedef
     591                    .dwattr $C$DW$T$76, DW_AT_name("__int32_t")
     592                    .dwattr $C$DW$T$76, DW_AT_type(*$C$DW$T$12)
     593                    .dwattr $C$DW$T$76, DW_AT_language(DW_LANG_C)
     594                    .dwattr $C$DW$T$76, DW_AT_decl_file("C:/ti/ccs1110/ccs/tools/compiler/ti-cgt-msp430_21.6.1.LTS
     595                    .dwattr $C$DW$T$76, DW_AT_decl_line(0x3a)
     596                    .dwattr $C$DW$T$76, DW_AT_decl_column(0x10)
     597            
     598            $C$DW$T$77      .dwtag  DW_TAG_typedef
     599                    .dwattr $C$DW$T$77, DW_AT_name("__blksize_t")
     600                    .dwattr $C$DW$T$77, DW_AT_type(*$C$DW$T$76)
     601                    .dwattr $C$DW$T$77, DW_AT_language(DW_LANG_C)
     602                    .dwattr $C$DW$T$77, DW_AT_decl_file("C:/ti/ccs1110/ccs/tools/compiler/ti-cgt-msp430_21.6.1.LTS
MSP430 Assembler PC v21.6.1 Tue Dec 20 13:45:49 2022

Copyright (c) 2003-2018 Texas Instruments Incorporated
ram.asm                                                              PAGE   12

     603                    .dwattr $C$DW$T$77, DW_AT_decl_line(0x2f)
     604                    .dwattr $C$DW$T$77, DW_AT_decl_column(0x13)
     605            
     606            $C$DW$T$78      .dwtag  DW_TAG_typedef
     607                    .dwattr $C$DW$T$78, DW_AT_name("__clockid_t")
     608                    .dwattr $C$DW$T$78, DW_AT_type(*$C$DW$T$76)
     609                    .dwattr $C$DW$T$78, DW_AT_language(DW_LANG_C)
     610                    .dwattr $C$DW$T$78, DW_AT_decl_file("C:/ti/ccs1110/ccs/tools/compiler/ti-cgt-msp430_21.6.1.LTS
     611                    .dwattr $C$DW$T$78, DW_AT_decl_line(0x31)
     612                    .dwattr $C$DW$T$78, DW_AT_decl_column(0x13)
     613            
     614            $C$DW$T$79      .dwtag  DW_TAG_typedef
     615                    .dwattr $C$DW$T$79, DW_AT_name("__critical_t")
     616                    .dwattr $C$DW$T$79, DW_AT_type(*$C$DW$T$76)
     617                    .dwattr $C$DW$T$79, DW_AT_language(DW_LANG_C)
     618                    .dwattr $C$DW$T$79, DW_AT_decl_file("C:/ti/ccs1110/ccs/tools/compiler/ti-cgt-msp430_21.6.1.LTS
     619                    .dwattr $C$DW$T$79, DW_AT_decl_line(0x4b)
     620                    .dwattr $C$DW$T$79, DW_AT_decl_column(0x13)
     621            
     622            $C$DW$T$80      .dwtag  DW_TAG_typedef
     623                    .dwattr $C$DW$T$80, DW_AT_name("__int_fast32_t")
     624                    .dwattr $C$DW$T$80, DW_AT_type(*$C$DW$T$76)
     625                    .dwattr $C$DW$T$80, DW_AT_language(DW_LANG_C)
     626                    .dwattr $C$DW$T$80, DW_AT_decl_file("C:/ti/ccs1110/ccs/tools/compiler/ti-cgt-msp430_21.6.1.LTS
     627                    .dwattr $C$DW$T$80, DW_AT_decl_line(0x58)
     628                    .dwattr $C$DW$T$80, DW_AT_decl_column(0x13)
     629            
     630            $C$DW$T$81      .dwtag  DW_TAG_typedef
     631                    .dwattr $C$DW$T$81, DW_AT_name("int_fast32_t")
     632                    .dwattr $C$DW$T$81, DW_AT_type(*$C$DW$T$80)
     633                    .dwattr $C$DW$T$81, DW_AT_language(DW_LANG_C)
     634                    .dwattr $C$DW$T$81, DW_AT_decl_file("C:/ti/ccs1110/ccs/tools/compiler/ti-cgt-msp430_21.6.1.LTS
     635                    .dwattr $C$DW$T$81, DW_AT_decl_line(0x36)
     636                    .dwattr $C$DW$T$81, DW_AT_decl_column(0x19)
     637            
     638            $C$DW$T$82      .dwtag  DW_TAG_typedef
     639                    .dwattr $C$DW$T$82, DW_AT_name("__int_least32_t")
     640                    .dwattr $C$DW$T$82, DW_AT_type(*$C$DW$T$76)
     641                    .dwattr $C$DW$T$82, DW_AT_language(DW_LANG_C)
     642                    .dwattr $C$DW$T$82, DW_AT_decl_file("C:/ti/ccs1110/ccs/tools/compiler/ti-cgt-msp430_21.6.1.LTS
     643                    .dwattr $C$DW$T$82, DW_AT_decl_line(0x5c)
     644                    .dwattr $C$DW$T$82, DW_AT_decl_column(0x13)
     645            
     646            $C$DW$T$83      .dwtag  DW_TAG_typedef
     647                    .dwattr $C$DW$T$83, DW_AT_name("int_least32_t")
     648                    .dwattr $C$DW$T$83, DW_AT_type(*$C$DW$T$82)
     649                    .dwattr $C$DW$T$83, DW_AT_language(DW_LANG_C)
     650                    .dwattr $C$DW$T$83, DW_AT_decl_file("C:/ti/ccs1110/ccs/tools/compiler/ti-cgt-msp430_21.6.1.LTS
     651                    .dwattr $C$DW$T$83, DW_AT_decl_line(0x2c)
     652                    .dwattr $C$DW$T$83, DW_AT_decl_column(0x1a)
     653            
     654            $C$DW$T$84      .dwtag  DW_TAG_typedef
     655                    .dwattr $C$DW$T$84, DW_AT_name("__intfptr_t")
     656                    .dwattr $C$DW$T$84, DW_AT_type(*$C$DW$T$76)
     657                    .dwattr $C$DW$T$84, DW_AT_language(DW_LANG_C)
MSP430 Assembler PC v21.6.1 Tue Dec 20 13:45:49 2022

Copyright (c) 2003-2018 Texas Instruments Incorporated
ram.asm                                                              PAGE   13

     658                    .dwattr $C$DW$T$84, DW_AT_decl_file("C:/ti/ccs1110/ccs/tools/compiler/ti-cgt-msp430_21.6.1.LTS
     659                    .dwattr $C$DW$T$84, DW_AT_decl_line(0x4e)
     660                    .dwattr $C$DW$T$84, DW_AT_decl_column(0x13)
     661            
     662            $C$DW$T$85      .dwtag  DW_TAG_typedef
     663                    .dwattr $C$DW$T$85, DW_AT_name("__intptr_t")
     664                    .dwattr $C$DW$T$85, DW_AT_type(*$C$DW$T$76)
     665                    .dwattr $C$DW$T$85, DW_AT_language(DW_LANG_C)
     666                    .dwattr $C$DW$T$85, DW_AT_decl_file("C:/ti/ccs1110/ccs/tools/compiler/ti-cgt-msp430_21.6.1.LTS
     667                    .dwattr $C$DW$T$85, DW_AT_decl_line(0x51)
     668                    .dwattr $C$DW$T$85, DW_AT_decl_column(0x13)
     669            
     670            $C$DW$T$86      .dwtag  DW_TAG_typedef
     671                    .dwattr $C$DW$T$86, DW_AT_name("intptr_t")
     672                    .dwattr $C$DW$T$86, DW_AT_type(*$C$DW$T$85)
     673                    .dwattr $C$DW$T$86, DW_AT_language(DW_LANG_C)
     674                    .dwattr $C$DW$T$86, DW_AT_decl_file("C:/ti/ccs1110/ccs/tools/compiler/ti-cgt-msp430_21.6.1.LTS
     675                    .dwattr $C$DW$T$86, DW_AT_decl_line(0x50)
     676                    .dwattr $C$DW$T$86, DW_AT_decl_column(0x15)
     677            
     678            $C$DW$T$87      .dwtag  DW_TAG_typedef
     679                    .dwattr $C$DW$T$87, DW_AT_name("__lwpid_t")
     680                    .dwattr $C$DW$T$87, DW_AT_type(*$C$DW$T$76)
     681                    .dwattr $C$DW$T$87, DW_AT_language(DW_LANG_C)
     682                    .dwattr $C$DW$T$87, DW_AT_decl_file("C:/ti/ccs1110/ccs/tools/compiler/ti-cgt-msp430_21.6.1.LTS
     683                    .dwattr $C$DW$T$87, DW_AT_decl_line(0x39)
     684                    .dwattr $C$DW$T$87, DW_AT_decl_column(0x13)
     685            
     686            $C$DW$T$88      .dwtag  DW_TAG_typedef
     687                    .dwattr $C$DW$T$88, DW_AT_name("__pid_t")
     688                    .dwattr $C$DW$T$88, DW_AT_type(*$C$DW$T$76)
     689                    .dwattr $C$DW$T$88, DW_AT_language(DW_LANG_C)
     690                    .dwattr $C$DW$T$88, DW_AT_decl_file("C:/ti/ccs1110/ccs/tools/compiler/ti-cgt-msp430_21.6.1.LTS
     691                    .dwattr $C$DW$T$88, DW_AT_decl_line(0x40)
     692                    .dwattr $C$DW$T$88, DW_AT_decl_column(0x13)
     693            
     694            $C$DW$T$89      .dwtag  DW_TAG_typedef
     695                    .dwattr $C$DW$T$89, DW_AT_name("__segsz_t")
     696                    .dwattr $C$DW$T$89, DW_AT_type(*$C$DW$T$76)
     697                    .dwattr $C$DW$T$89, DW_AT_language(DW_LANG_C)
     698                    .dwattr $C$DW$T$89, DW_AT_decl_file("C:/ti/ccs1110/ccs/tools/compiler/ti-cgt-msp430_21.6.1.LTS
     699                    .dwattr $C$DW$T$89, DW_AT_decl_line(0x60)
     700                    .dwattr $C$DW$T$89, DW_AT_decl_column(0x13)
     701            
     702            $C$DW$T$90      .dwtag  DW_TAG_typedef
     703                    .dwattr $C$DW$T$90, DW_AT_name("__ssize_t")
     704                    .dwattr $C$DW$T$90, DW_AT_type(*$C$DW$T$76)
     705                    .dwattr $C$DW$T$90, DW_AT_language(DW_LANG_C)
     706                    .dwattr $C$DW$T$90, DW_AT_decl_file("C:/ti/ccs1110/ccs/tools/compiler/ti-cgt-msp430_21.6.1.LTS
     707                    .dwattr $C$DW$T$90, DW_AT_decl_line(0x62)
     708                    .dwattr $C$DW$T$90, DW_AT_decl_column(0x13)
     709            
     710            $C$DW$T$91      .dwtag  DW_TAG_typedef
     711                    .dwattr $C$DW$T$91, DW_AT_name("int32_t")
     712                    .dwattr $C$DW$T$91, DW_AT_type(*$C$DW$T$76)
MSP430 Assembler PC v21.6.1 Tue Dec 20 13:45:49 2022

Copyright (c) 2003-2018 Texas Instruments Incorporated
ram.asm                                                              PAGE   14

     713                    .dwattr $C$DW$T$91, DW_AT_language(DW_LANG_C)
     714                    .dwattr $C$DW$T$91, DW_AT_decl_file("C:/ti/ccs1110/ccs/tools/compiler/ti-cgt-msp430_21.6.1.LTS
     715                    .dwattr $C$DW$T$91, DW_AT_decl_line(0x30)
     716                    .dwattr $C$DW$T$91, DW_AT_decl_column(0x14)
     717            
     718            $C$DW$T$92      .dwtag  DW_TAG_typedef
     719                    .dwattr $C$DW$T$92, DW_AT_name("__key_t")
     720                    .dwattr $C$DW$T$92, DW_AT_type(*$C$DW$T$12)
     721                    .dwattr $C$DW$T$92, DW_AT_language(DW_LANG_C)
     722                    .dwattr $C$DW$T$92, DW_AT_decl_file("C:/ti/ccs1110/ccs/tools/compiler/ti-cgt-msp430_21.6.1.LTS
     723                    .dwattr $C$DW$T$92, DW_AT_decl_line(0x38)
     724                    .dwattr $C$DW$T$92, DW_AT_decl_column(0x0f)
     725            
     726            $C$DW$T$93      .dwtag  DW_TAG_typedef
     727                    .dwattr $C$DW$T$93, DW_AT_name("__suseconds_t")
     728                    .dwattr $C$DW$T$93, DW_AT_type(*$C$DW$T$12)
     729                    .dwattr $C$DW$T$93, DW_AT_language(DW_LANG_C)
     730                    .dwattr $C$DW$T$93, DW_AT_decl_file("C:/ti/ccs1110/ccs/tools/compiler/ti-cgt-msp430_21.6.1.LTS
     731                    .dwattr $C$DW$T$93, DW_AT_decl_line(0x4a)
     732                    .dwattr $C$DW$T$93, DW_AT_decl_column(0x0f)
     733            
     734            $C$DW$T$94      .dwtag  DW_TAG_typedef
     735                    .dwattr $C$DW$T$94, DW_AT_name("_off_t")
     736                    .dwattr $C$DW$T$94, DW_AT_type(*$C$DW$T$12)
     737                    .dwattr $C$DW$T$94, DW_AT_language(DW_LANG_C)
     738                    .dwattr $C$DW$T$94, DW_AT_decl_file("C:/ti/ccs1110/ccs/tools/compiler/ti-cgt-msp430_21.6.1.LTS
     739                    .dwattr $C$DW$T$94, DW_AT_decl_line(0x8d)
     740                    .dwattr $C$DW$T$94, DW_AT_decl_column(0x12)
     741            
     742            $C$DW$T$95      .dwtag  DW_TAG_typedef
     743                    .dwattr $C$DW$T$95, DW_AT_name("__off_t")
     744                    .dwattr $C$DW$T$95, DW_AT_type(*$C$DW$T$94)
     745                    .dwattr $C$DW$T$95, DW_AT_language(DW_LANG_C)
     746                    .dwattr $C$DW$T$95, DW_AT_decl_file("C:/ti/ccs1110/ccs/tools/compiler/ti-cgt-msp430_21.6.1.LTS
     747                    .dwattr $C$DW$T$95, DW_AT_decl_line(0x3e)
     748                    .dwattr $C$DW$T$95, DW_AT_decl_column(0x18)
     749            
     750            $C$DW$T$13      .dwtag  DW_TAG_base_type
     751                    .dwattr $C$DW$T$13, DW_AT_encoding(DW_ATE_unsigned)
     752                    .dwattr $C$DW$T$13, DW_AT_name("unsigned long")
     753                    .dwattr $C$DW$T$13, DW_AT_byte_size(0x04)
     754            
     755            $C$DW$T$96      .dwtag  DW_TAG_typedef
     756                    .dwattr $C$DW$T$96, DW_AT_name("__uint32_t")
     757                    .dwattr $C$DW$T$96, DW_AT_type(*$C$DW$T$13)
     758                    .dwattr $C$DW$T$96, DW_AT_language(DW_LANG_C)
     759                    .dwattr $C$DW$T$96, DW_AT_decl_file("C:/ti/ccs1110/ccs/tools/compiler/ti-cgt-msp430_21.6.1.LTS
     760                    .dwattr $C$DW$T$96, DW_AT_decl_line(0x3b)
     761                    .dwattr $C$DW$T$96, DW_AT_decl_column(0x18)
     762            
     763            $C$DW$T$97      .dwtag  DW_TAG_typedef
     764                    .dwattr $C$DW$T$97, DW_AT_name("__clock_t")
     765                    .dwattr $C$DW$T$97, DW_AT_type(*$C$DW$T$96)
     766                    .dwattr $C$DW$T$97, DW_AT_language(DW_LANG_C)
     767                    .dwattr $C$DW$T$97, DW_AT_decl_file("C:/ti/ccs1110/ccs/tools/compiler/ti-cgt-msp430_21.6.1.LTS
MSP430 Assembler PC v21.6.1 Tue Dec 20 13:45:49 2022

Copyright (c) 2003-2018 Texas Instruments Incorporated
ram.asm                                                              PAGE   15

     768                    .dwattr $C$DW$T$97, DW_AT_decl_line(0x4a)
     769                    .dwattr $C$DW$T$97, DW_AT_decl_column(0x14)
     770            
     771            $C$DW$T$98      .dwtag  DW_TAG_typedef
     772                    .dwattr $C$DW$T$98, DW_AT_name("__fflags_t")
     773                    .dwattr $C$DW$T$98, DW_AT_type(*$C$DW$T$96)
     774                    .dwattr $C$DW$T$98, DW_AT_language(DW_LANG_C)
     775                    .dwattr $C$DW$T$98, DW_AT_decl_file("C:/ti/ccs1110/ccs/tools/compiler/ti-cgt-msp430_21.6.1.LTS
     776                    .dwattr $C$DW$T$98, DW_AT_decl_line(0x32)
     777                    .dwattr $C$DW$T$98, DW_AT_decl_column(0x14)
     778            
     779            $C$DW$T$99      .dwtag  DW_TAG_typedef
     780                    .dwattr $C$DW$T$99, DW_AT_name("__fixpt_t")
     781                    .dwattr $C$DW$T$99, DW_AT_type(*$C$DW$T$96)
     782                    .dwattr $C$DW$T$99, DW_AT_language(DW_LANG_C)
     783                    .dwattr $C$DW$T$99, DW_AT_decl_file("C:/ti/ccs1110/ccs/tools/compiler/ti-cgt-msp430_21.6.1.LTS
     784                    .dwattr $C$DW$T$99, DW_AT_decl_line(0x81)
     785                    .dwattr $C$DW$T$99, DW_AT_decl_column(0x14)
     786            
     787            $C$DW$T$100     .dwtag  DW_TAG_typedef
     788                    .dwattr $C$DW$T$100, DW_AT_name("__gid_t")
     789                    .dwattr $C$DW$T$100, DW_AT_type(*$C$DW$T$96)
     790                    .dwattr $C$DW$T$100, DW_AT_language(DW_LANG_C)
     791                    .dwattr $C$DW$T$100, DW_AT_decl_file("C:/ti/ccs1110/ccs/tools/compiler/ti-cgt-msp430_21.6.1.LT
     792                    .dwattr $C$DW$T$100, DW_AT_decl_line(0x35)
     793                    .dwattr $C$DW$T$100, DW_AT_decl_column(0x14)
     794            
     795            $C$DW$T$101     .dwtag  DW_TAG_typedef
     796                    .dwattr $C$DW$T$101, DW_AT_name("__socklen_t")
     797                    .dwattr $C$DW$T$101, DW_AT_type(*$C$DW$T$96)
     798                    .dwattr $C$DW$T$101, DW_AT_language(DW_LANG_C)
     799                    .dwattr $C$DW$T$101, DW_AT_decl_file("C:/ti/ccs1110/ccs/tools/compiler/ti-cgt-msp430_21.6.1.LT
     800                    .dwattr $C$DW$T$101, DW_AT_decl_line(0x49)
     801                    .dwattr $C$DW$T$101, DW_AT_decl_column(0x14)
     802            
     803            $C$DW$T$102     .dwtag  DW_TAG_typedef
     804                    .dwattr $C$DW$T$102, DW_AT_name("__time_t")
     805                    .dwattr $C$DW$T$102, DW_AT_type(*$C$DW$T$96)
     806                    .dwattr $C$DW$T$102, DW_AT_language(DW_LANG_C)
     807                    .dwattr $C$DW$T$102, DW_AT_decl_file("C:/ti/ccs1110/ccs/tools/compiler/ti-cgt-msp430_21.6.1.LT
     808                    .dwattr $C$DW$T$102, DW_AT_decl_line(0x66)
     809                    .dwattr $C$DW$T$102, DW_AT_decl_column(0x19)
     810            
     811            $C$DW$T$103     .dwtag  DW_TAG_typedef
     812                    .dwattr $C$DW$T$103, DW_AT_name("__uid_t")
     813                    .dwattr $C$DW$T$103, DW_AT_type(*$C$DW$T$96)
     814                    .dwattr $C$DW$T$103, DW_AT_language(DW_LANG_C)
     815                    .dwattr $C$DW$T$103, DW_AT_decl_file("C:/ti/ccs1110/ccs/tools/compiler/ti-cgt-msp430_21.6.1.LT
     816                    .dwattr $C$DW$T$103, DW_AT_decl_line(0x4d)
     817                    .dwattr $C$DW$T$103, DW_AT_decl_column(0x14)
     818            
     819            $C$DW$T$104     .dwtag  DW_TAG_typedef
     820                    .dwattr $C$DW$T$104, DW_AT_name("__uint_fast32_t")
     821                    .dwattr $C$DW$T$104, DW_AT_type(*$C$DW$T$96)
     822                    .dwattr $C$DW$T$104, DW_AT_language(DW_LANG_C)
MSP430 Assembler PC v21.6.1 Tue Dec 20 13:45:49 2022

Copyright (c) 2003-2018 Texas Instruments Incorporated
ram.asm                                                              PAGE   16

     823                    .dwattr $C$DW$T$104, DW_AT_decl_file("C:/ti/ccs1110/ccs/tools/compiler/ti-cgt-msp430_21.6.1.LT
     824                    .dwattr $C$DW$T$104, DW_AT_decl_line(0x72)
     825                    .dwattr $C$DW$T$104, DW_AT_decl_column(0x14)
     826            
     827            $C$DW$T$105     .dwtag  DW_TAG_typedef
     828                    .dwattr $C$DW$T$105, DW_AT_name("uint_fast32_t")
     829                    .dwattr $C$DW$T$105, DW_AT_type(*$C$DW$T$104)
     830                    .dwattr $C$DW$T$105, DW_AT_language(DW_LANG_C)
     831                    .dwattr $C$DW$T$105, DW_AT_decl_file("C:/ti/ccs1110/ccs/tools/compiler/ti-cgt-msp430_21.6.1.LT
     832                    .dwattr $C$DW$T$105, DW_AT_decl_line(0x3b)
     833                    .dwattr $C$DW$T$105, DW_AT_decl_column(0x1a)
     834            
     835            $C$DW$T$106     .dwtag  DW_TAG_typedef
     836                    .dwattr $C$DW$T$106, DW_AT_name("__uint_least32_t")
     837                    .dwattr $C$DW$T$106, DW_AT_type(*$C$DW$T$96)
     838                    .dwattr $C$DW$T$106, DW_AT_language(DW_LANG_C)
     839                    .dwattr $C$DW$T$106, DW_AT_decl_file("C:/ti/ccs1110/ccs/tools/compiler/ti-cgt-msp430_21.6.1.LT
     840                    .dwattr $C$DW$T$106, DW_AT_decl_line(0x76)
     841                    .dwattr $C$DW$T$106, DW_AT_decl_column(0x14)
     842            
     843            $C$DW$T$107     .dwtag  DW_TAG_typedef
     844                    .dwattr $C$DW$T$107, DW_AT_name("__char32_t")
     845                    .dwattr $C$DW$T$107, DW_AT_type(*$C$DW$T$106)
     846                    .dwattr $C$DW$T$107, DW_AT_language(DW_LANG_C)
     847                    .dwattr $C$DW$T$107, DW_AT_decl_file("C:/ti/ccs1110/ccs/tools/compiler/ti-cgt-msp430_21.6.1.LT
     848                    .dwattr $C$DW$T$107, DW_AT_decl_line(0x72)
     849                    .dwattr $C$DW$T$107, DW_AT_decl_column(0x1a)
     850            
     851            $C$DW$T$108     .dwtag  DW_TAG_typedef
     852                    .dwattr $C$DW$T$108, DW_AT_name("uint_least32_t")
     853                    .dwattr $C$DW$T$108, DW_AT_type(*$C$DW$T$106)
     854                    .dwattr $C$DW$T$108, DW_AT_language(DW_LANG_C)
     855                    .dwattr $C$DW$T$108, DW_AT_decl_file("C:/ti/ccs1110/ccs/tools/compiler/ti-cgt-msp430_21.6.1.LT
     856                    .dwattr $C$DW$T$108, DW_AT_decl_line(0x31)
     857                    .dwattr $C$DW$T$108, DW_AT_decl_column(0x1a)
     858            
     859            $C$DW$T$109     .dwtag  DW_TAG_typedef
     860                    .dwattr $C$DW$T$109, DW_AT_name("__uintfptr_t")
     861                    .dwattr $C$DW$T$109, DW_AT_type(*$C$DW$T$96)
     862                    .dwattr $C$DW$T$109, DW_AT_language(DW_LANG_C)
     863                    .dwattr $C$DW$T$109, DW_AT_decl_file("C:/ti/ccs1110/ccs/tools/compiler/ti-cgt-msp430_21.6.1.LT
     864                    .dwattr $C$DW$T$109, DW_AT_decl_line(0x68)
     865                    .dwattr $C$DW$T$109, DW_AT_decl_column(0x14)
     866            
     867            $C$DW$T$110     .dwtag  DW_TAG_typedef
     868                    .dwattr $C$DW$T$110, DW_AT_name("__uintptr_t")
     869                    .dwattr $C$DW$T$110, DW_AT_type(*$C$DW$T$96)
     870                    .dwattr $C$DW$T$110, DW_AT_language(DW_LANG_C)
     871                    .dwattr $C$DW$T$110, DW_AT_decl_file("C:/ti/ccs1110/ccs/tools/compiler/ti-cgt-msp430_21.6.1.LT
     872                    .dwattr $C$DW$T$110, DW_AT_decl_line(0x6b)
     873                    .dwattr $C$DW$T$110, DW_AT_decl_column(0x14)
     874            
     875            $C$DW$T$111     .dwtag  DW_TAG_typedef
     876                    .dwattr $C$DW$T$111, DW_AT_name("uintptr_t")
     877                    .dwattr $C$DW$T$111, DW_AT_type(*$C$DW$T$110)
MSP430 Assembler PC v21.6.1 Tue Dec 20 13:45:49 2022

Copyright (c) 2003-2018 Texas Instruments Incorporated
ram.asm                                                              PAGE   17

     878                    .dwattr $C$DW$T$111, DW_AT_language(DW_LANG_C)
     879                    .dwattr $C$DW$T$111, DW_AT_decl_file("C:/ti/ccs1110/ccs/tools/compiler/ti-cgt-msp430_21.6.1.LT
     880                    .dwattr $C$DW$T$111, DW_AT_decl_line(0x54)
     881                    .dwattr $C$DW$T$111, DW_AT_decl_column(0x16)
     882            
     883            $C$DW$T$112     .dwtag  DW_TAG_typedef
     884                    .dwattr $C$DW$T$112, DW_AT_name("__vm_offset_t")
     885                    .dwattr $C$DW$T$112, DW_AT_type(*$C$DW$T$96)
     886                    .dwattr $C$DW$T$112, DW_AT_language(DW_LANG_C)
     887                    .dwattr $C$DW$T$112, DW_AT_decl_file("C:/ti/ccs1110/ccs/tools/compiler/ti-cgt-msp430_21.6.1.LT
     888                    .dwattr $C$DW$T$112, DW_AT_decl_line(0x79)
     889                    .dwattr $C$DW$T$112, DW_AT_decl_column(0x14)
     890            
     891            $C$DW$T$113     .dwtag  DW_TAG_typedef
     892                    .dwattr $C$DW$T$113, DW_AT_name("__vm_paddr_t")
     893                    .dwattr $C$DW$T$113, DW_AT_type(*$C$DW$T$96)
     894                    .dwattr $C$DW$T$113, DW_AT_language(DW_LANG_C)
     895                    .dwattr $C$DW$T$113, DW_AT_decl_file("C:/ti/ccs1110/ccs/tools/compiler/ti-cgt-msp430_21.6.1.LT
     896                    .dwattr $C$DW$T$113, DW_AT_decl_line(0x7a)
     897                    .dwattr $C$DW$T$113, DW_AT_decl_column(0x14)
     898            
     899            $C$DW$T$114     .dwtag  DW_TAG_typedef
     900                    .dwattr $C$DW$T$114, DW_AT_name("__vm_size_t")
     901                    .dwattr $C$DW$T$114, DW_AT_type(*$C$DW$T$96)
     902                    .dwattr $C$DW$T$114, DW_AT_language(DW_LANG_C)
     903                    .dwattr $C$DW$T$114, DW_AT_decl_file("C:/ti/ccs1110/ccs/tools/compiler/ti-cgt-msp430_21.6.1.LT
     904                    .dwattr $C$DW$T$114, DW_AT_decl_line(0x7b)
     905                    .dwattr $C$DW$T$114, DW_AT_decl_column(0x14)
     906            
     907            $C$DW$T$115     .dwtag  DW_TAG_typedef
     908                    .dwattr $C$DW$T$115, DW_AT_name("uint32_t")
     909                    .dwattr $C$DW$T$115, DW_AT_type(*$C$DW$T$96)
     910                    .dwattr $C$DW$T$115, DW_AT_language(DW_LANG_C)
     911                    .dwattr $C$DW$T$115, DW_AT_decl_file("C:/ti/ccs1110/ccs/tools/compiler/ti-cgt-msp430_21.6.1.LT
     912                    .dwattr $C$DW$T$115, DW_AT_decl_line(0x46)
     913                    .dwattr $C$DW$T$115, DW_AT_decl_column(0x15)
     914            
     915            $C$DW$T$14      .dwtag  DW_TAG_base_type
     916                    .dwattr $C$DW$T$14, DW_AT_encoding(DW_ATE_signed)
     917                    .dwattr $C$DW$T$14, DW_AT_name("long long")
     918                    .dwattr $C$DW$T$14, DW_AT_byte_size(0x08)
     919            
     920            $C$DW$T$116     .dwtag  DW_TAG_typedef
     921                    .dwattr $C$DW$T$116, DW_AT_name("__int64_t")
     922                    .dwattr $C$DW$T$116, DW_AT_type(*$C$DW$T$14)
     923                    .dwattr $C$DW$T$116, DW_AT_language(DW_LANG_C)
     924                    .dwattr $C$DW$T$116, DW_AT_decl_file("C:/ti/ccs1110/ccs/tools/compiler/ti-cgt-msp430_21.6.1.LT
     925                    .dwattr $C$DW$T$116, DW_AT_decl_line(0x40)
     926                    .dwattr $C$DW$T$116, DW_AT_decl_column(0x14)
     927            
     928            $C$DW$T$117     .dwtag  DW_TAG_typedef
     929                    .dwattr $C$DW$T$117, DW_AT_name("__blkcnt_t")
     930                    .dwattr $C$DW$T$117, DW_AT_type(*$C$DW$T$116)
     931                    .dwattr $C$DW$T$117, DW_AT_language(DW_LANG_C)
     932                    .dwattr $C$DW$T$117, DW_AT_decl_file("C:/ti/ccs1110/ccs/tools/compiler/ti-cgt-msp430_21.6.1.LT
MSP430 Assembler PC v21.6.1 Tue Dec 20 13:45:49 2022

Copyright (c) 2003-2018 Texas Instruments Incorporated
ram.asm                                                              PAGE   18

     933                    .dwattr $C$DW$T$117, DW_AT_decl_line(0x30)
     934                    .dwattr $C$DW$T$117, DW_AT_decl_column(0x13)
     935            
     936            $C$DW$T$118     .dwtag  DW_TAG_typedef
     937                    .dwattr $C$DW$T$118, DW_AT_name("__id_t")
     938                    .dwattr $C$DW$T$118, DW_AT_type(*$C$DW$T$116)
     939                    .dwattr $C$DW$T$118, DW_AT_language(DW_LANG_C)
     940                    .dwattr $C$DW$T$118, DW_AT_decl_file("C:/ti/ccs1110/ccs/tools/compiler/ti-cgt-msp430_21.6.1.LT
     941                    .dwattr $C$DW$T$118, DW_AT_decl_line(0x36)
     942                    .dwattr $C$DW$T$118, DW_AT_decl_column(0x13)
     943            
     944            $C$DW$T$119     .dwtag  DW_TAG_typedef
     945                    .dwattr $C$DW$T$119, DW_AT_name("__int_fast64_t")
     946                    .dwattr $C$DW$T$119, DW_AT_type(*$C$DW$T$116)
     947                    .dwattr $C$DW$T$119, DW_AT_language(DW_LANG_C)
     948                    .dwattr $C$DW$T$119, DW_AT_decl_file("C:/ti/ccs1110/ccs/tools/compiler/ti-cgt-msp430_21.6.1.LT
     949                    .dwattr $C$DW$T$119, DW_AT_decl_line(0x59)
     950                    .dwattr $C$DW$T$119, DW_AT_decl_column(0x13)
     951            
     952            $C$DW$T$120     .dwtag  DW_TAG_typedef
     953                    .dwattr $C$DW$T$120, DW_AT_name("int_fast64_t")
     954                    .dwattr $C$DW$T$120, DW_AT_type(*$C$DW$T$119)
     955                    .dwattr $C$DW$T$120, DW_AT_language(DW_LANG_C)
     956                    .dwattr $C$DW$T$120, DW_AT_decl_file("C:/ti/ccs1110/ccs/tools/compiler/ti-cgt-msp430_21.6.1.LT
     957                    .dwattr $C$DW$T$120, DW_AT_decl_line(0x37)
     958                    .dwattr $C$DW$T$120, DW_AT_decl_column(0x19)
     959            
     960            $C$DW$T$121     .dwtag  DW_TAG_typedef
     961                    .dwattr $C$DW$T$121, DW_AT_name("__int_least64_t")
     962                    .dwattr $C$DW$T$121, DW_AT_type(*$C$DW$T$116)
     963                    .dwattr $C$DW$T$121, DW_AT_language(DW_LANG_C)
     964                    .dwattr $C$DW$T$121, DW_AT_decl_file("C:/ti/ccs1110/ccs/tools/compiler/ti-cgt-msp430_21.6.1.LT
     965                    .dwattr $C$DW$T$121, DW_AT_decl_line(0x5d)
     966                    .dwattr $C$DW$T$121, DW_AT_decl_column(0x13)
     967            
     968            $C$DW$T$122     .dwtag  DW_TAG_typedef
     969                    .dwattr $C$DW$T$122, DW_AT_name("int_least64_t")
     970                    .dwattr $C$DW$T$122, DW_AT_type(*$C$DW$T$121)
     971                    .dwattr $C$DW$T$122, DW_AT_language(DW_LANG_C)
     972                    .dwattr $C$DW$T$122, DW_AT_decl_file("C:/ti/ccs1110/ccs/tools/compiler/ti-cgt-msp430_21.6.1.LT
     973                    .dwattr $C$DW$T$122, DW_AT_decl_line(0x2d)
     974                    .dwattr $C$DW$T$122, DW_AT_decl_column(0x1a)
     975            
     976            $C$DW$T$123     .dwtag  DW_TAG_typedef
     977                    .dwattr $C$DW$T$123, DW_AT_name("__intmax_t")
     978                    .dwattr $C$DW$T$123, DW_AT_type(*$C$DW$T$116)
     979                    .dwattr $C$DW$T$123, DW_AT_language(DW_LANG_C)
     980                    .dwattr $C$DW$T$123, DW_AT_decl_file("C:/ti/ccs1110/ccs/tools/compiler/ti-cgt-msp430_21.6.1.LT
     981                    .dwattr $C$DW$T$123, DW_AT_decl_line(0x4f)
     982                    .dwattr $C$DW$T$123, DW_AT_decl_column(0x13)
     983            
     984            $C$DW$T$124     .dwtag  DW_TAG_typedef
     985                    .dwattr $C$DW$T$124, DW_AT_name("intmax_t")
     986                    .dwattr $C$DW$T$124, DW_AT_type(*$C$DW$T$123)
     987                    .dwattr $C$DW$T$124, DW_AT_language(DW_LANG_C)
MSP430 Assembler PC v21.6.1 Tue Dec 20 13:45:49 2022

Copyright (c) 2003-2018 Texas Instruments Incorporated
ram.asm                                                              PAGE   19

     988                    .dwattr $C$DW$T$124, DW_AT_decl_file("C:/ti/ccs1110/ccs/tools/compiler/ti-cgt-msp430_21.6.1.LT
     989                    .dwattr $C$DW$T$124, DW_AT_decl_line(0x58)
     990                    .dwattr $C$DW$T$124, DW_AT_decl_column(0x15)
     991            
     992            $C$DW$T$125     .dwtag  DW_TAG_typedef
     993                    .dwattr $C$DW$T$125, DW_AT_name("__off64_t")
     994                    .dwattr $C$DW$T$125, DW_AT_type(*$C$DW$T$116)
     995                    .dwattr $C$DW$T$125, DW_AT_language(DW_LANG_C)
     996                    .dwattr $C$DW$T$125, DW_AT_decl_file("C:/ti/ccs1110/ccs/tools/compiler/ti-cgt-msp430_21.6.1.LT
     997                    .dwattr $C$DW$T$125, DW_AT_decl_line(0x3f)
     998                    .dwattr $C$DW$T$125, DW_AT_decl_column(0x13)
     999            
    1000            $C$DW$T$126     .dwtag  DW_TAG_typedef
    1001                    .dwattr $C$DW$T$126, DW_AT_name("__rlim_t")
    1002                    .dwattr $C$DW$T$126, DW_AT_type(*$C$DW$T$116)
    1003                    .dwattr $C$DW$T$126, DW_AT_language(DW_LANG_C)
    1004                    .dwattr $C$DW$T$126, DW_AT_decl_file("C:/ti/ccs1110/ccs/tools/compiler/ti-cgt-msp430_21.6.1.LT
    1005                    .dwattr $C$DW$T$126, DW_AT_decl_line(0x41)
    1006                    .dwattr $C$DW$T$126, DW_AT_decl_column(0x13)
    1007            
    1008            $C$DW$T$127     .dwtag  DW_TAG_typedef
    1009                    .dwattr $C$DW$T$127, DW_AT_name("int64_t")
    1010                    .dwattr $C$DW$T$127, DW_AT_type(*$C$DW$T$116)
    1011                    .dwattr $C$DW$T$127, DW_AT_language(DW_LANG_C)
    1012                    .dwattr $C$DW$T$127, DW_AT_decl_file("C:/ti/ccs1110/ccs/tools/compiler/ti-cgt-msp430_21.6.1.LT
    1013                    .dwattr $C$DW$T$127, DW_AT_decl_line(0x35)
    1014                    .dwattr $C$DW$T$127, DW_AT_decl_column(0x14)
    1015            
    1016            $C$DW$T$15      .dwtag  DW_TAG_base_type
    1017                    .dwattr $C$DW$T$15, DW_AT_encoding(DW_ATE_unsigned)
    1018                    .dwattr $C$DW$T$15, DW_AT_name("unsigned long long")
    1019                    .dwattr $C$DW$T$15, DW_AT_byte_size(0x08)
    1020            
    1021            $C$DW$T$128     .dwtag  DW_TAG_typedef
    1022                    .dwattr $C$DW$T$128, DW_AT_name("__uint64_t")
    1023                    .dwattr $C$DW$T$128, DW_AT_type(*$C$DW$T$15)
    1024                    .dwattr $C$DW$T$128, DW_AT_language(DW_LANG_C)
    1025                    .dwattr $C$DW$T$128, DW_AT_decl_file("C:/ti/ccs1110/ccs/tools/compiler/ti-cgt-msp430_21.6.1.LT
    1026                    .dwattr $C$DW$T$128, DW_AT_decl_line(0x45)
    1027                    .dwattr $C$DW$T$128, DW_AT_decl_column(0x1c)
    1028            
    1029            $C$DW$T$129     .dwtag  DW_TAG_typedef
    1030                    .dwattr $C$DW$T$129, DW_AT_name("__dev_t")
    1031                    .dwattr $C$DW$T$129, DW_AT_type(*$C$DW$T$128)
    1032                    .dwattr $C$DW$T$129, DW_AT_language(DW_LANG_C)
    1033                    .dwattr $C$DW$T$129, DW_AT_decl_file("C:/ti/ccs1110/ccs/tools/compiler/ti-cgt-msp430_21.6.1.LT
    1034                    .dwattr $C$DW$T$129, DW_AT_decl_line(0x7f)
    1035                    .dwattr $C$DW$T$129, DW_AT_decl_column(0x14)
    1036            
    1037            $C$DW$T$130     .dwtag  DW_TAG_typedef
    1038                    .dwattr $C$DW$T$130, DW_AT_name("__fsblkcnt_t")
    1039                    .dwattr $C$DW$T$130, DW_AT_type(*$C$DW$T$128)
    1040                    .dwattr $C$DW$T$130, DW_AT_language(DW_LANG_C)
    1041                    .dwattr $C$DW$T$130, DW_AT_decl_file("C:/ti/ccs1110/ccs/tools/compiler/ti-cgt-msp430_21.6.1.LT
    1042                    .dwattr $C$DW$T$130, DW_AT_decl_line(0x33)
MSP430 Assembler PC v21.6.1 Tue Dec 20 13:45:49 2022

Copyright (c) 2003-2018 Texas Instruments Incorporated
ram.asm                                                              PAGE   20

    1043                    .dwattr $C$DW$T$130, DW_AT_decl_column(0x14)
    1044            
    1045            $C$DW$T$131     .dwtag  DW_TAG_typedef
    1046                    .dwattr $C$DW$T$131, DW_AT_name("__fsfilcnt_t")
    1047                    .dwattr $C$DW$T$131, DW_AT_type(*$C$DW$T$128)
    1048                    .dwattr $C$DW$T$131, DW_AT_language(DW_LANG_C)
    1049                    .dwattr $C$DW$T$131, DW_AT_decl_file("C:/ti/ccs1110/ccs/tools/compiler/ti-cgt-msp430_21.6.1.LT
    1050                    .dwattr $C$DW$T$131, DW_AT_decl_line(0x34)
    1051                    .dwattr $C$DW$T$131, DW_AT_decl_column(0x14)
    1052            
    1053            $C$DW$T$132     .dwtag  DW_TAG_typedef
    1054                    .dwattr $C$DW$T$132, DW_AT_name("__ino_t")
    1055                    .dwattr $C$DW$T$132, DW_AT_type(*$C$DW$T$128)
    1056                    .dwattr $C$DW$T$132, DW_AT_language(DW_LANG_C)
    1057                    .dwattr $C$DW$T$132, DW_AT_decl_file("C:/ti/ccs1110/ccs/tools/compiler/ti-cgt-msp430_21.6.1.LT
    1058                    .dwattr $C$DW$T$132, DW_AT_decl_line(0x37)
    1059                    .dwattr $C$DW$T$132, DW_AT_decl_column(0x14)
    1060            
    1061            $C$DW$T$133     .dwtag  DW_TAG_typedef
    1062                    .dwattr $C$DW$T$133, DW_AT_name("__nlink_t")
    1063                    .dwattr $C$DW$T$133, DW_AT_type(*$C$DW$T$128)
    1064                    .dwattr $C$DW$T$133, DW_AT_language(DW_LANG_C)
    1065                    .dwattr $C$DW$T$133, DW_AT_decl_file("C:/ti/ccs1110/ccs/tools/compiler/ti-cgt-msp430_21.6.1.LT
    1066                    .dwattr $C$DW$T$133, DW_AT_decl_line(0x3d)
    1067                    .dwattr $C$DW$T$133, DW_AT_decl_column(0x14)
    1068            
    1069            $C$DW$T$134     .dwtag  DW_TAG_typedef
    1070                    .dwattr $C$DW$T$134, DW_AT_name("__uint_fast64_t")
    1071                    .dwattr $C$DW$T$134, DW_AT_type(*$C$DW$T$128)
    1072                    .dwattr $C$DW$T$134, DW_AT_language(DW_LANG_C)
    1073                    .dwattr $C$DW$T$134, DW_AT_decl_file("C:/ti/ccs1110/ccs/tools/compiler/ti-cgt-msp430_21.6.1.LT
    1074                    .dwattr $C$DW$T$134, DW_AT_decl_line(0x73)
    1075                    .dwattr $C$DW$T$134, DW_AT_decl_column(0x14)
    1076            
    1077            $C$DW$T$135     .dwtag  DW_TAG_typedef
    1078                    .dwattr $C$DW$T$135, DW_AT_name("uint_fast64_t")
    1079                    .dwattr $C$DW$T$135, DW_AT_type(*$C$DW$T$134)
    1080                    .dwattr $C$DW$T$135, DW_AT_language(DW_LANG_C)
    1081                    .dwattr $C$DW$T$135, DW_AT_decl_file("C:/ti/ccs1110/ccs/tools/compiler/ti-cgt-msp430_21.6.1.LT
    1082                    .dwattr $C$DW$T$135, DW_AT_decl_line(0x3c)
    1083                    .dwattr $C$DW$T$135, DW_AT_decl_column(0x1a)
    1084            
    1085            $C$DW$T$136     .dwtag  DW_TAG_typedef
    1086                    .dwattr $C$DW$T$136, DW_AT_name("__uint_least64_t")
    1087                    .dwattr $C$DW$T$136, DW_AT_type(*$C$DW$T$128)
    1088                    .dwattr $C$DW$T$136, DW_AT_language(DW_LANG_C)
    1089                    .dwattr $C$DW$T$136, DW_AT_decl_file("C:/ti/ccs1110/ccs/tools/compiler/ti-cgt-msp430_21.6.1.LT
    1090                    .dwattr $C$DW$T$136, DW_AT_decl_line(0x77)
    1091                    .dwattr $C$DW$T$136, DW_AT_decl_column(0x14)
    1092            
    1093            $C$DW$T$137     .dwtag  DW_TAG_typedef
    1094                    .dwattr $C$DW$T$137, DW_AT_name("uint_least64_t")
    1095                    .dwattr $C$DW$T$137, DW_AT_type(*$C$DW$T$136)
    1096                    .dwattr $C$DW$T$137, DW_AT_language(DW_LANG_C)
    1097                    .dwattr $C$DW$T$137, DW_AT_decl_file("C:/ti/ccs1110/ccs/tools/compiler/ti-cgt-msp430_21.6.1.LT
MSP430 Assembler PC v21.6.1 Tue Dec 20 13:45:49 2022

Copyright (c) 2003-2018 Texas Instruments Incorporated
ram.asm                                                              PAGE   21

    1098                    .dwattr $C$DW$T$137, DW_AT_decl_line(0x32)
    1099                    .dwattr $C$DW$T$137, DW_AT_decl_column(0x1a)
    1100            
    1101            $C$DW$T$138     .dwtag  DW_TAG_typedef
    1102                    .dwattr $C$DW$T$138, DW_AT_name("__uintmax_t")
    1103                    .dwattr $C$DW$T$138, DW_AT_type(*$C$DW$T$128)
    1104                    .dwattr $C$DW$T$138, DW_AT_language(DW_LANG_C)
    1105                    .dwattr $C$DW$T$138, DW_AT_decl_file("C:/ti/ccs1110/ccs/tools/compiler/ti-cgt-msp430_21.6.1.LT
    1106                    .dwattr $C$DW$T$138, DW_AT_decl_line(0x69)
    1107                    .dwattr $C$DW$T$138, DW_AT_decl_column(0x14)
    1108            
    1109            $C$DW$T$139     .dwtag  DW_TAG_typedef
    1110                    .dwattr $C$DW$T$139, DW_AT_name("__rman_res_t")
    1111                    .dwattr $C$DW$T$139, DW_AT_type(*$C$DW$T$138)
    1112                    .dwattr $C$DW$T$139, DW_AT_language(DW_LANG_C)
    1113                    .dwattr $C$DW$T$139, DW_AT_decl_file("C:/ti/ccs1110/ccs/tools/compiler/ti-cgt-msp430_21.6.1.LT
    1114                    .dwattr $C$DW$T$139, DW_AT_decl_line(0x9a)
    1115                    .dwattr $C$DW$T$139, DW_AT_decl_column(0x19)
    1116            
    1117            $C$DW$T$140     .dwtag  DW_TAG_typedef
    1118                    .dwattr $C$DW$T$140, DW_AT_name("uintmax_t")
    1119                    .dwattr $C$DW$T$140, DW_AT_type(*$C$DW$T$138)
    1120                    .dwattr $C$DW$T$140, DW_AT_language(DW_LANG_C)
    1121                    .dwattr $C$DW$T$140, DW_AT_decl_file("C:/ti/ccs1110/ccs/tools/compiler/ti-cgt-msp430_21.6.1.LT
    1122                    .dwattr $C$DW$T$140, DW_AT_decl_line(0x5c)
    1123                    .dwattr $C$DW$T$140, DW_AT_decl_column(0x16)
    1124            
    1125            $C$DW$T$141     .dwtag  DW_TAG_typedef
    1126                    .dwattr $C$DW$T$141, DW_AT_name("uint64_t")
    1127                    .dwattr $C$DW$T$141, DW_AT_type(*$C$DW$T$128)
    1128                    .dwattr $C$DW$T$141, DW_AT_language(DW_LANG_C)
    1129                    .dwattr $C$DW$T$141, DW_AT_decl_file("C:/ti/ccs1110/ccs/tools/compiler/ti-cgt-msp430_21.6.1.LT
    1130                    .dwattr $C$DW$T$141, DW_AT_decl_line(0x4b)
    1131                    .dwattr $C$DW$T$141, DW_AT_decl_column(0x15)
    1132            
    1133            $C$DW$T$16      .dwtag  DW_TAG_base_type
    1134                    .dwattr $C$DW$T$16, DW_AT_encoding(DW_ATE_float)
    1135                    .dwattr $C$DW$T$16, DW_AT_name("float")
    1136                    .dwattr $C$DW$T$16, DW_AT_byte_size(0x04)
    1137            
    1138            $C$DW$T$142     .dwtag  DW_TAG_typedef
    1139                    .dwattr $C$DW$T$142, DW_AT_name("__float_t")
    1140                    .dwattr $C$DW$T$142, DW_AT_type(*$C$DW$T$16)
    1141                    .dwattr $C$DW$T$142, DW_AT_language(DW_LANG_C)
    1142                    .dwattr $C$DW$T$142, DW_AT_decl_file("C:/ti/ccs1110/ccs/tools/compiler/ti-cgt-msp430_21.6.1.LT
    1143                    .dwattr $C$DW$T$142, DW_AT_decl_line(0x4d)
    1144                    .dwattr $C$DW$T$142, DW_AT_decl_column(0x10)
    1145            
    1146            $C$DW$T$17      .dwtag  DW_TAG_base_type
    1147                    .dwattr $C$DW$T$17, DW_AT_encoding(DW_ATE_float)
    1148                    .dwattr $C$DW$T$17, DW_AT_name("double")
    1149                    .dwattr $C$DW$T$17, DW_AT_byte_size(0x08)
    1150            
    1151            $C$DW$T$143     .dwtag  DW_TAG_typedef
    1152                    .dwattr $C$DW$T$143, DW_AT_name("__double_t")
MSP430 Assembler PC v21.6.1 Tue Dec 20 13:45:49 2022

Copyright (c) 2003-2018 Texas Instruments Incorporated
ram.asm                                                              PAGE   22

    1153                    .dwattr $C$DW$T$143, DW_AT_type(*$C$DW$T$17)
    1154                    .dwattr $C$DW$T$143, DW_AT_language(DW_LANG_C)
    1155                    .dwattr $C$DW$T$143, DW_AT_decl_file("C:/ti/ccs1110/ccs/tools/compiler/ti-cgt-msp430_21.6.1.LT
    1156                    .dwattr $C$DW$T$143, DW_AT_decl_line(0x4c)
    1157                    .dwattr $C$DW$T$143, DW_AT_decl_column(0x11)
    1158            
    1159            $C$DW$T$18      .dwtag  DW_TAG_base_type
    1160                    .dwattr $C$DW$T$18, DW_AT_encoding(DW_ATE_float)
    1161                    .dwattr $C$DW$T$18, DW_AT_name("long double")
    1162                    .dwattr $C$DW$T$18, DW_AT_byte_size(0x08)
    1163            
    1164            $C$DW$T$145     .dwtag  DW_TAG_pointer_type
    1165                    .dwattr $C$DW$T$145, DW_AT_type(*$C$DW$T$6)
    1166                    .dwattr $C$DW$T$145, DW_AT_address_class(0x14)
    1167            
    1168            $C$DW$T$146     .dwtag  DW_TAG_typedef
    1169                    .dwattr $C$DW$T$146, DW_AT_name("__va_list")
    1170                    .dwattr $C$DW$T$146, DW_AT_type(*$C$DW$T$145)
    1171                    .dwattr $C$DW$T$146, DW_AT_language(DW_LANG_C)
    1172                    .dwattr $C$DW$T$146, DW_AT_decl_file("C:/ti/ccs1110/ccs/tools/compiler/ti-cgt-msp430_21.6.1.LT
    1173                    .dwattr $C$DW$T$146, DW_AT_decl_line(0x92)
    1174                    .dwattr $C$DW$T$146, DW_AT_decl_column(0x0f)
    1175            
    1176            
    1177            $C$DW$T$19      .dwtag  DW_TAG_structure_type
    1178                    .dwattr $C$DW$T$19, DW_AT_name("__mq")
    1179                    .dwattr $C$DW$T$19, DW_AT_declaration
    1180                    .dwattr $C$DW$T$19, DW_AT_decl_file("C:/ti/ccs1110/ccs/tools/compiler/ti-cgt-msp430_21.6.1.LTS
    1181                    .dwattr $C$DW$T$19, DW_AT_decl_line(0x4c)
    1182                    .dwattr $C$DW$T$19, DW_AT_decl_column(0x10)
    1183                    .dwendtag $C$DW$T$19
    1184            
    1185            $C$DW$T$147     .dwtag  DW_TAG_pointer_type
    1186                    .dwattr $C$DW$T$147, DW_AT_type(*$C$DW$T$19)
    1187                    .dwattr $C$DW$T$147, DW_AT_address_class(0x14)
    1188            
    1189            $C$DW$T$148     .dwtag  DW_TAG_typedef
    1190                    .dwattr $C$DW$T$148, DW_AT_name("__mqd_t")
    1191                    .dwattr $C$DW$T$148, DW_AT_type(*$C$DW$T$147)
    1192                    .dwattr $C$DW$T$148, DW_AT_language(DW_LANG_C)
    1193                    .dwattr $C$DW$T$148, DW_AT_decl_file("C:/ti/ccs1110/ccs/tools/compiler/ti-cgt-msp430_21.6.1.LT
    1194                    .dwattr $C$DW$T$148, DW_AT_decl_line(0x4c)
    1195                    .dwattr $C$DW$T$148, DW_AT_decl_column(0x16)
    1196            
    1197            
    1198            $C$DW$T$20      .dwtag  DW_TAG_structure_type
    1199                    .dwattr $C$DW$T$20, DW_AT_name("__timer")
    1200                    .dwattr $C$DW$T$20, DW_AT_declaration
    1201                    .dwattr $C$DW$T$20, DW_AT_decl_file("C:/ti/ccs1110/ccs/tools/compiler/ti-cgt-msp430_21.6.1.LTS
    1202                    .dwattr $C$DW$T$20, DW_AT_decl_line(0x4b)
    1203                    .dwattr $C$DW$T$20, DW_AT_decl_column(0x10)
    1204                    .dwendtag $C$DW$T$20
    1205            
    1206            $C$DW$T$149     .dwtag  DW_TAG_pointer_type
    1207                    .dwattr $C$DW$T$149, DW_AT_type(*$C$DW$T$20)
MSP430 Assembler PC v21.6.1 Tue Dec 20 13:45:49 2022

Copyright (c) 2003-2018 Texas Instruments Incorporated
ram.asm                                                              PAGE   23

    1208                    .dwattr $C$DW$T$149, DW_AT_address_class(0x14)
    1209            
    1210            $C$DW$T$150     .dwtag  DW_TAG_typedef
    1211                    .dwattr $C$DW$T$150, DW_AT_name("__timer_t")
    1212                    .dwattr $C$DW$T$150, DW_AT_type(*$C$DW$T$149)
    1213                    .dwattr $C$DW$T$150, DW_AT_language(DW_LANG_C)
    1214                    .dwattr $C$DW$T$150, DW_AT_decl_file("C:/ti/ccs1110/ccs/tools/compiler/ti-cgt-msp430_21.6.1.LT
    1215                    .dwattr $C$DW$T$150, DW_AT_decl_line(0x4b)
    1216                    .dwattr $C$DW$T$150, DW_AT_decl_column(0x19)
    1217            
    1218                    .dwattr $C$DW$CU, DW_AT_language(DW_LANG_C)
    1219            
    1220            ;***************************************************************
    1221            ;* DWARF CIE ENTRIES                                           *
    1222            ;***************************************************************
    1223            
    1224            $C$DW$CIE       .dwcie 16
    1225                    .dwcfi  cfa_register, 1
    1226                    .dwcfi  cfa_offset, 0
    1227                    .dwcfi  same_value, 0
    1228                    .dwcfi  same_value, 1
    1229                    .dwcfi  same_value, 3
    1230                    .dwcfi  same_value, 4
    1231                    .dwcfi  same_value, 5
    1232                    .dwcfi  same_value, 6
    1233                    .dwcfi  same_value, 7
    1234                    .dwcfi  same_value, 8
    1235                    .dwcfi  same_value, 9
    1236                    .dwcfi  same_value, 10
    1237                    .dwendentry
    1238            
    1239            ;***************************************************************
    1240            ;* DWARF REGISTER MAP                                          *
    1241            ;***************************************************************
    1242            
    1243            $C$DW$10        .dwtag  DW_TAG_TI_assign_register
    1244                    .dwattr $C$DW$10, DW_AT_name("PC")
    1245                    .dwattr $C$DW$10, DW_AT_location[DW_OP_reg0]
    1246            
    1247            $C$DW$11        .dwtag  DW_TAG_TI_assign_register
    1248                    .dwattr $C$DW$11, DW_AT_name("SP")
    1249                    .dwattr $C$DW$11, DW_AT_location[DW_OP_reg1]
    1250            
    1251            $C$DW$12        .dwtag  DW_TAG_TI_assign_register
    1252                    .dwattr $C$DW$12, DW_AT_name("SR")
    1253                    .dwattr $C$DW$12, DW_AT_location[DW_OP_reg2]
    1254            
    1255            $C$DW$13        .dwtag  DW_TAG_TI_assign_register
    1256                    .dwattr $C$DW$13, DW_AT_name("CG")
    1257                    .dwattr $C$DW$13, DW_AT_location[DW_OP_reg3]
    1258            
    1259            $C$DW$14        .dwtag  DW_TAG_TI_assign_register
    1260                    .dwattr $C$DW$14, DW_AT_name("r4")
    1261                    .dwattr $C$DW$14, DW_AT_location[DW_OP_reg4]
    1262            
MSP430 Assembler PC v21.6.1 Tue Dec 20 13:45:49 2022

Copyright (c) 2003-2018 Texas Instruments Incorporated
ram.asm                                                              PAGE   24

    1263            $C$DW$15        .dwtag  DW_TAG_TI_assign_register
    1264                    .dwattr $C$DW$15, DW_AT_name("r5")
    1265                    .dwattr $C$DW$15, DW_AT_location[DW_OP_reg5]
    1266            
    1267            $C$DW$16        .dwtag  DW_TAG_TI_assign_register
    1268                    .dwattr $C$DW$16, DW_AT_name("r6")
    1269                    .dwattr $C$DW$16, DW_AT_location[DW_OP_reg6]
    1270            
    1271            $C$DW$17        .dwtag  DW_TAG_TI_assign_register
    1272                    .dwattr $C$DW$17, DW_AT_name("r7")
    1273                    .dwattr $C$DW$17, DW_AT_location[DW_OP_reg7]
    1274            
    1275            $C$DW$18        .dwtag  DW_TAG_TI_assign_register
    1276                    .dwattr $C$DW$18, DW_AT_name("r8")
    1277                    .dwattr $C$DW$18, DW_AT_location[DW_OP_reg8]
    1278            
    1279            $C$DW$19        .dwtag  DW_TAG_TI_assign_register
    1280                    .dwattr $C$DW$19, DW_AT_name("r9")
    1281                    .dwattr $C$DW$19, DW_AT_location[DW_OP_reg9]
    1282            
    1283            $C$DW$20        .dwtag  DW_TAG_TI_assign_register
    1284                    .dwattr $C$DW$20, DW_AT_name("r10")
    1285                    .dwattr $C$DW$20, DW_AT_location[DW_OP_reg10]
    1286            
    1287            $C$DW$21        .dwtag  DW_TAG_TI_assign_register
    1288                    .dwattr $C$DW$21, DW_AT_name("r11")
    1289                    .dwattr $C$DW$21, DW_AT_location[DW_OP_reg11]
    1290            
    1291            $C$DW$22        .dwtag  DW_TAG_TI_assign_register
    1292                    .dwattr $C$DW$22, DW_AT_name("r12")
    1293                    .dwattr $C$DW$22, DW_AT_location[DW_OP_reg12]
    1294            
    1295            $C$DW$23        .dwtag  DW_TAG_TI_assign_register
    1296                    .dwattr $C$DW$23, DW_AT_name("r13")
    1297                    .dwattr $C$DW$23, DW_AT_location[DW_OP_reg13]
    1298            
    1299            $C$DW$24        .dwtag  DW_TAG_TI_assign_register
    1300                    .dwattr $C$DW$24, DW_AT_name("r14")
    1301                    .dwattr $C$DW$24, DW_AT_location[DW_OP_reg14]
    1302            
    1303            $C$DW$25        .dwtag  DW_TAG_TI_assign_register
    1304                    .dwattr $C$DW$25, DW_AT_name("r15")
    1305                    .dwattr $C$DW$25, DW_AT_location[DW_OP_reg15]
    1306            
    1307            $C$DW$26        .dwtag  DW_TAG_TI_assign_register
    1308                    .dwattr $C$DW$26, DW_AT_name("CIE_RETA")
    1309                    .dwattr $C$DW$26, DW_AT_location[DW_OP_reg16]
    1310            
    1311                    .dwendtag $C$DW$CU
    1312            

No Assembly Errors, No Assembly Warnings
