MSP430 Assembler PC v21.6.1 Tue Dec 20 13:45:52 2022

Copyright (c) 2003-2018 Texas Instruments Incorporated
tec.asm                                                              PAGE    1

       1            ;******************************************************************************
       2            ;* MSP430 G3 C/C++ Codegen                                              PC v21.6.1.LTS *
       3            ;* Date/Time created: Tue Dec 20 13:45:52 2022                                *
       4            ;******************************************************************************
       5                    .compiler_opts --abi=eabi --diag_wrap=off --hll_source=on --mem_model:code=large --mem_model:d
       6            
       7            $C$DW$CU        .dwtag  DW_TAG_compile_unit
       8                    .dwattr $C$DW$CU, DW_AT_name("../MP430DriverLib/driverlib/MSP430F5xx_6xx/tec.c")
       9                    .dwattr $C$DW$CU, DW_AT_producer("TI MSP430 G3 C/C++ Codegen PC v21.6.1.LTS Copyright (c) 2003
      10                    .dwattr $C$DW$CU, DW_AT_TI_version(0x01)
      11                    .dwattr $C$DW$CU, DW_AT_comp_dir("C:\Users\MCourson\workspace_v11\MZERO_HB50Board\Debug")
      12            ;       C:\ti\ccs1110\ccs\tools\compiler\ti-cgt-msp430_21.6.1.LTS\bin\opt430.exe C:\\Users\\MCourson\\
      13            
      14            ;******************************************************************************
      15            ;* BUILD ATTRIBUTES                                                           *
      16            ;******************************************************************************
      17                    .battr "TI", Tag_File, 1, Tag_LPM_INFO(1)
      18                    .battr "TI", Tag_File, 1, Tag_PORTS_INIT_INFO("012345678901ABCDEFGHIJ0000000000001111110000000
      19                    .battr "TI", Tag_File, 1, Tag_LEA_INFO(1)
      20                    .battr "TI", Tag_File, 1, Tag_HW_MPY32_INFO(2)
      21                    .battr "TI", Tag_File, 1, Tag_HW_MPY_ISR_INFO(1)
      22                    .battr "TI", Tag_File, 1, Tag_HW_MPY_INLINE_INFO(1)
      23                    .battr "mspabi", Tag_File, 1, Tag_enum_size(3)
      24            
      25            ;******************************************************************************
      26            ;* TYPE INFORMATION                                                           *
      27            ;******************************************************************************
      28            
      29            $C$DW$T$21      .dwtag  DW_TAG_structure_type
      30                    .dwattr $C$DW$T$21, DW_AT_byte_size(0x10)
      31            $C$DW$1 .dwtag  DW_TAG_member
      32                    .dwattr $C$DW$1, DW_AT_type(*$C$DW$T$14)
      33                    .dwattr $C$DW$1, DW_AT_name("__max_align1")
      34                    .dwattr $C$DW$1, DW_AT_TI_symbol_name("__max_align1")
      35                    .dwattr $C$DW$1, DW_AT_data_member_location[DW_OP_plus_uconst 0x0]
      36                    .dwattr $C$DW$1, DW_AT_accessibility(DW_ACCESS_public)
      37                    .dwattr $C$DW$1, DW_AT_decl_file("C:/ti/ccs1110/ccs/tools/compiler/ti-cgt-msp430_21.6.1.LTS/in
      38                    .dwattr $C$DW$1, DW_AT_decl_line(0x7b)
      39                    .dwattr $C$DW$1, DW_AT_decl_column(0x0c)
      40            
      41            $C$DW$2 .dwtag  DW_TAG_member
      42                    .dwattr $C$DW$2, DW_AT_type(*$C$DW$T$18)
      43                    .dwattr $C$DW$2, DW_AT_name("__max_align2")
      44                    .dwattr $C$DW$2, DW_AT_TI_symbol_name("__max_align2")
      45                    .dwattr $C$DW$2, DW_AT_data_member_location[DW_OP_plus_uconst 0x8]
      46                    .dwattr $C$DW$2, DW_AT_accessibility(DW_ACCESS_public)
      47                    .dwattr $C$DW$2, DW_AT_decl_file("C:/ti/ccs1110/ccs/tools/compiler/ti-cgt-msp430_21.6.1.LTS/in
      48                    .dwattr $C$DW$2, DW_AT_decl_line(0x7c)
      49                    .dwattr $C$DW$2, DW_AT_decl_column(0x0e)
      50            
      51                    .dwattr $C$DW$T$21, DW_AT_decl_file("C:/ti/ccs1110/ccs/tools/compiler/ti-cgt-msp430_21.6.1.LTS
      52                    .dwattr $C$DW$T$21, DW_AT_decl_line(0x7a)
      53                    .dwattr $C$DW$T$21, DW_AT_decl_column(0x10)
      54                    .dwendtag $C$DW$T$21
      55            
MSP430 Assembler PC v21.6.1 Tue Dec 20 13:45:52 2022

Copyright (c) 2003-2018 Texas Instruments Incorporated
tec.asm                                                              PAGE    2

      56            $C$DW$T$22      .dwtag  DW_TAG_typedef
      57                    .dwattr $C$DW$T$22, DW_AT_name("__max_align_t")
      58                    .dwattr $C$DW$T$22, DW_AT_type(*$C$DW$T$21)
      59                    .dwattr $C$DW$T$22, DW_AT_language(DW_LANG_C)
      60                    .dwattr $C$DW$T$22, DW_AT_decl_file("C:/ti/ccs1110/ccs/tools/compiler/ti-cgt-msp430_21.6.1.LTS
      61                    .dwattr $C$DW$T$22, DW_AT_decl_line(0x7d)
      62                    .dwattr $C$DW$T$22, DW_AT_decl_column(0x03)
      63            
      64            $C$DW$T$2       .dwtag  DW_TAG_unspecified_type
      65                    .dwattr $C$DW$T$2, DW_AT_name("void")
      66            
      67            
      68            $C$DW$T$23      .dwtag  DW_TAG_subroutine_type
      69                    .dwattr $C$DW$T$23, DW_AT_language(DW_LANG_C)
      70                    .dwendtag $C$DW$T$23
      71            
      72            $C$DW$T$24      .dwtag  DW_TAG_pointer_type
      73                    .dwattr $C$DW$T$24, DW_AT_type(*$C$DW$T$23)
      74                    .dwattr $C$DW$T$24, DW_AT_address_class(0x14)
      75            
      76            $C$DW$T$25      .dwtag  DW_TAG_typedef
      77                    .dwattr $C$DW$T$25, DW_AT_name("__SFR_FARPTR")
      78                    .dwattr $C$DW$T$25, DW_AT_type(*$C$DW$T$24)
      79                    .dwattr $C$DW$T$25, DW_AT_language(DW_LANG_C)
      80                    .dwattr $C$DW$T$25, DW_AT_decl_file("C:\ti\ccs1110\ccs\ccs_base\msp430\include\msp430f5438a.h"
      81                    .dwattr $C$DW$T$25, DW_AT_decl_line(0x49)
      82                    .dwattr $C$DW$T$25, DW_AT_decl_column(0x11)
      83            
      84            $C$DW$T$4       .dwtag  DW_TAG_base_type
      85                    .dwattr $C$DW$T$4, DW_AT_encoding(DW_ATE_boolean)
      86                    .dwattr $C$DW$T$4, DW_AT_name("bool")
      87                    .dwattr $C$DW$T$4, DW_AT_byte_size(0x01)
      88            
      89            $C$DW$T$5       .dwtag  DW_TAG_base_type
      90                    .dwattr $C$DW$T$5, DW_AT_encoding(DW_ATE_signed_char)
      91                    .dwattr $C$DW$T$5, DW_AT_name("signed char")
      92                    .dwattr $C$DW$T$5, DW_AT_byte_size(0x01)
      93            
      94            $C$DW$T$26      .dwtag  DW_TAG_typedef
      95                    .dwattr $C$DW$T$26, DW_AT_name("__int8_t")
      96                    .dwattr $C$DW$T$26, DW_AT_type(*$C$DW$T$5)
      97                    .dwattr $C$DW$T$26, DW_AT_language(DW_LANG_C)
      98                    .dwattr $C$DW$T$26, DW_AT_decl_file("C:/ti/ccs1110/ccs/tools/compiler/ti-cgt-msp430_21.6.1.LTS
      99                    .dwattr $C$DW$T$26, DW_AT_decl_line(0x36)
     100                    .dwattr $C$DW$T$26, DW_AT_decl_column(0x16)
     101            
     102            $C$DW$T$27      .dwtag  DW_TAG_typedef
     103                    .dwattr $C$DW$T$27, DW_AT_name("__int_least8_t")
     104                    .dwattr $C$DW$T$27, DW_AT_type(*$C$DW$T$26)
     105                    .dwattr $C$DW$T$27, DW_AT_language(DW_LANG_C)
     106                    .dwattr $C$DW$T$27, DW_AT_decl_file("C:/ti/ccs1110/ccs/tools/compiler/ti-cgt-msp430_21.6.1.LTS
     107                    .dwattr $C$DW$T$27, DW_AT_decl_line(0x5a)
     108                    .dwattr $C$DW$T$27, DW_AT_decl_column(0x12)
     109            
     110            $C$DW$T$28      .dwtag  DW_TAG_typedef
MSP430 Assembler PC v21.6.1 Tue Dec 20 13:45:52 2022

Copyright (c) 2003-2018 Texas Instruments Incorporated
tec.asm                                                              PAGE    3

     111                    .dwattr $C$DW$T$28, DW_AT_name("int_least8_t")
     112                    .dwattr $C$DW$T$28, DW_AT_type(*$C$DW$T$27)
     113                    .dwattr $C$DW$T$28, DW_AT_language(DW_LANG_C)
     114                    .dwattr $C$DW$T$28, DW_AT_decl_file("C:/ti/ccs1110/ccs/tools/compiler/ti-cgt-msp430_21.6.1.LTS
     115                    .dwattr $C$DW$T$28, DW_AT_decl_line(0x2a)
     116                    .dwattr $C$DW$T$28, DW_AT_decl_column(0x19)
     117            
     118            $C$DW$T$29      .dwtag  DW_TAG_typedef
     119                    .dwattr $C$DW$T$29, DW_AT_name("int8_t")
     120                    .dwattr $C$DW$T$29, DW_AT_type(*$C$DW$T$26)
     121                    .dwattr $C$DW$T$29, DW_AT_language(DW_LANG_C)
     122                    .dwattr $C$DW$T$29, DW_AT_decl_file("C:/ti/ccs1110/ccs/tools/compiler/ti-cgt-msp430_21.6.1.LTS
     123                    .dwattr $C$DW$T$29, DW_AT_decl_line(0x25)
     124                    .dwattr $C$DW$T$29, DW_AT_decl_column(0x13)
     125            
     126            $C$DW$T$6       .dwtag  DW_TAG_base_type
     127                    .dwattr $C$DW$T$6, DW_AT_encoding(DW_ATE_unsigned_char)
     128                    .dwattr $C$DW$T$6, DW_AT_name("unsigned char")
     129                    .dwattr $C$DW$T$6, DW_AT_byte_size(0x01)
     130            
     131            $C$DW$T$30      .dwtag  DW_TAG_typedef
     132                    .dwattr $C$DW$T$30, DW_AT_name("__uint8_t")
     133                    .dwattr $C$DW$T$30, DW_AT_type(*$C$DW$T$6)
     134                    .dwattr $C$DW$T$30, DW_AT_language(DW_LANG_C)
     135                    .dwattr $C$DW$T$30, DW_AT_decl_file("C:/ti/ccs1110/ccs/tools/compiler/ti-cgt-msp430_21.6.1.LTS
     136                    .dwattr $C$DW$T$30, DW_AT_decl_line(0x37)
     137                    .dwattr $C$DW$T$30, DW_AT_decl_column(0x18)
     138            
     139            $C$DW$T$31      .dwtag  DW_TAG_typedef
     140                    .dwattr $C$DW$T$31, DW_AT_name("__sa_family_t")
     141                    .dwattr $C$DW$T$31, DW_AT_type(*$C$DW$T$30)
     142                    .dwattr $C$DW$T$31, DW_AT_language(DW_LANG_C)
     143                    .dwattr $C$DW$T$31, DW_AT_decl_file("C:/ti/ccs1110/ccs/tools/compiler/ti-cgt-msp430_21.6.1.LTS
     144                    .dwattr $C$DW$T$31, DW_AT_decl_line(0x47)
     145                    .dwattr $C$DW$T$31, DW_AT_decl_column(0x13)
     146            
     147            $C$DW$T$32      .dwtag  DW_TAG_typedef
     148                    .dwattr $C$DW$T$32, DW_AT_name("__uint_least8_t")
     149                    .dwattr $C$DW$T$32, DW_AT_type(*$C$DW$T$30)
     150                    .dwattr $C$DW$T$32, DW_AT_language(DW_LANG_C)
     151                    .dwattr $C$DW$T$32, DW_AT_decl_file("C:/ti/ccs1110/ccs/tools/compiler/ti-cgt-msp430_21.6.1.LTS
     152                    .dwattr $C$DW$T$32, DW_AT_decl_line(0x74)
     153                    .dwattr $C$DW$T$32, DW_AT_decl_column(0x13)
     154            
     155            $C$DW$T$33      .dwtag  DW_TAG_typedef
     156                    .dwattr $C$DW$T$33, DW_AT_name("uint_least8_t")
     157                    .dwattr $C$DW$T$33, DW_AT_type(*$C$DW$T$32)
     158                    .dwattr $C$DW$T$33, DW_AT_language(DW_LANG_C)
     159                    .dwattr $C$DW$T$33, DW_AT_decl_file("C:/ti/ccs1110/ccs/tools/compiler/ti-cgt-msp430_21.6.1.LTS
     160                    .dwattr $C$DW$T$33, DW_AT_decl_line(0x2f)
     161                    .dwattr $C$DW$T$33, DW_AT_decl_column(0x1a)
     162            
     163            $C$DW$T$34      .dwtag  DW_TAG_typedef
     164                    .dwattr $C$DW$T$34, DW_AT_name("uint8_t")
     165                    .dwattr $C$DW$T$34, DW_AT_type(*$C$DW$T$30)
MSP430 Assembler PC v21.6.1 Tue Dec 20 13:45:52 2022

Copyright (c) 2003-2018 Texas Instruments Incorporated
tec.asm                                                              PAGE    4

     166                    .dwattr $C$DW$T$34, DW_AT_language(DW_LANG_C)
     167                    .dwattr $C$DW$T$34, DW_AT_decl_file("C:/ti/ccs1110/ccs/tools/compiler/ti-cgt-msp430_21.6.1.LTS
     168                    .dwattr $C$DW$T$34, DW_AT_decl_line(0x3b)
     169                    .dwattr $C$DW$T$34, DW_AT_decl_column(0x14)
     170            
     171            $C$DW$T$7       .dwtag  DW_TAG_base_type
     172                    .dwattr $C$DW$T$7, DW_AT_encoding(DW_ATE_signed_char)
     173                    .dwattr $C$DW$T$7, DW_AT_name("wchar_t")
     174                    .dwattr $C$DW$T$7, DW_AT_byte_size(0x02)
     175            
     176            $C$DW$T$8       .dwtag  DW_TAG_base_type
     177                    .dwattr $C$DW$T$8, DW_AT_encoding(DW_ATE_signed)
     178                    .dwattr $C$DW$T$8, DW_AT_name("short")
     179                    .dwattr $C$DW$T$8, DW_AT_byte_size(0x02)
     180            
     181            $C$DW$T$9       .dwtag  DW_TAG_base_type
     182                    .dwattr $C$DW$T$9, DW_AT_encoding(DW_ATE_unsigned)
     183                    .dwattr $C$DW$T$9, DW_AT_name("unsigned short")
     184                    .dwattr $C$DW$T$9, DW_AT_byte_size(0x02)
     185            
     186            $C$DW$T$10      .dwtag  DW_TAG_base_type
     187                    .dwattr $C$DW$T$10, DW_AT_encoding(DW_ATE_signed)
     188                    .dwattr $C$DW$T$10, DW_AT_name("int")
     189                    .dwattr $C$DW$T$10, DW_AT_byte_size(0x02)
     190            
     191            $C$DW$T$35      .dwtag  DW_TAG_typedef
     192                    .dwattr $C$DW$T$35, DW_AT_name("_Mbstatet")
     193                    .dwattr $C$DW$T$35, DW_AT_type(*$C$DW$T$10)
     194                    .dwattr $C$DW$T$35, DW_AT_language(DW_LANG_C)
     195                    .dwattr $C$DW$T$35, DW_AT_decl_file("C:/ti/ccs1110/ccs/tools/compiler/ti-cgt-msp430_21.6.1.LTS
     196                    .dwattr $C$DW$T$35, DW_AT_decl_line(0x8f)
     197                    .dwattr $C$DW$T$35, DW_AT_decl_column(0x0d)
     198            
     199            $C$DW$T$36      .dwtag  DW_TAG_typedef
     200                    .dwattr $C$DW$T$36, DW_AT_name("__mbstate_t")
     201                    .dwattr $C$DW$T$36, DW_AT_type(*$C$DW$T$35)
     202                    .dwattr $C$DW$T$36, DW_AT_language(DW_LANG_C)
     203                    .dwattr $C$DW$T$36, DW_AT_decl_file("C:/ti/ccs1110/ccs/tools/compiler/ti-cgt-msp430_21.6.1.LTS
     204                    .dwattr $C$DW$T$36, DW_AT_decl_line(0x92)
     205                    .dwattr $C$DW$T$36, DW_AT_decl_column(0x13)
     206            
     207            $C$DW$T$37      .dwtag  DW_TAG_typedef
     208                    .dwattr $C$DW$T$37, DW_AT_name("__accmode_t")
     209                    .dwattr $C$DW$T$37, DW_AT_type(*$C$DW$T$10)
     210                    .dwattr $C$DW$T$37, DW_AT_language(DW_LANG_C)
     211                    .dwattr $C$DW$T$37, DW_AT_decl_file("C:/ti/ccs1110/ccs/tools/compiler/ti-cgt-msp430_21.6.1.LTS
     212                    .dwattr $C$DW$T$37, DW_AT_decl_line(0x3b)
     213                    .dwattr $C$DW$T$37, DW_AT_decl_column(0x0e)
     214            
     215            $C$DW$T$38      .dwtag  DW_TAG_typedef
     216                    .dwattr $C$DW$T$38, DW_AT_name("__cpulevel_t")
     217                    .dwattr $C$DW$T$38, DW_AT_type(*$C$DW$T$10)
     218                    .dwattr $C$DW$T$38, DW_AT_language(DW_LANG_C)
     219                    .dwattr $C$DW$T$38, DW_AT_decl_file("C:/ti/ccs1110/ccs/tools/compiler/ti-cgt-msp430_21.6.1.LTS
     220                    .dwattr $C$DW$T$38, DW_AT_decl_line(0x50)
MSP430 Assembler PC v21.6.1 Tue Dec 20 13:45:52 2022

Copyright (c) 2003-2018 Texas Instruments Incorporated
tec.asm                                                              PAGE    5

     221                    .dwattr $C$DW$T$38, DW_AT_decl_column(0x0e)
     222            
     223            $C$DW$T$39      .dwtag  DW_TAG_typedef
     224                    .dwattr $C$DW$T$39, DW_AT_name("__cpusetid_t")
     225                    .dwattr $C$DW$T$39, DW_AT_type(*$C$DW$T$10)
     226                    .dwattr $C$DW$T$39, DW_AT_language(DW_LANG_C)
     227                    .dwattr $C$DW$T$39, DW_AT_decl_file("C:/ti/ccs1110/ccs/tools/compiler/ti-cgt-msp430_21.6.1.LTS
     228                    .dwattr $C$DW$T$39, DW_AT_decl_line(0x51)
     229                    .dwattr $C$DW$T$39, DW_AT_decl_column(0x0e)
     230            
     231            $C$DW$T$40      .dwtag  DW_TAG_typedef
     232                    .dwattr $C$DW$T$40, DW_AT_name("__cpuwhich_t")
     233                    .dwattr $C$DW$T$40, DW_AT_type(*$C$DW$T$10)
     234                    .dwattr $C$DW$T$40, DW_AT_language(DW_LANG_C)
     235                    .dwattr $C$DW$T$40, DW_AT_decl_file("C:/ti/ccs1110/ccs/tools/compiler/ti-cgt-msp430_21.6.1.LTS
     236                    .dwattr $C$DW$T$40, DW_AT_decl_line(0x4f)
     237                    .dwattr $C$DW$T$40, DW_AT_decl_column(0x0e)
     238            
     239            $C$DW$T$41      .dwtag  DW_TAG_typedef
     240                    .dwattr $C$DW$T$41, DW_AT_name("__ct_rune_t")
     241                    .dwattr $C$DW$T$41, DW_AT_type(*$C$DW$T$10)
     242                    .dwattr $C$DW$T$41, DW_AT_language(DW_LANG_C)
     243                    .dwattr $C$DW$T$41, DW_AT_decl_file("C:/ti/ccs1110/ccs/tools/compiler/ti-cgt-msp430_21.6.1.LTS
     244                    .dwattr $C$DW$T$41, DW_AT_decl_line(0x69)
     245                    .dwattr $C$DW$T$41, DW_AT_decl_column(0x0e)
     246            
     247            $C$DW$T$42      .dwtag  DW_TAG_typedef
     248                    .dwattr $C$DW$T$42, DW_AT_name("__rune_t")
     249                    .dwattr $C$DW$T$42, DW_AT_type(*$C$DW$T$41)
     250                    .dwattr $C$DW$T$42, DW_AT_language(DW_LANG_C)
     251                    .dwattr $C$DW$T$42, DW_AT_decl_file("C:/ti/ccs1110/ccs/tools/compiler/ti-cgt-msp430_21.6.1.LTS
     252                    .dwattr $C$DW$T$42, DW_AT_decl_line(0x6c)
     253                    .dwattr $C$DW$T$42, DW_AT_decl_column(0x15)
     254            
     255            $C$DW$T$43      .dwtag  DW_TAG_typedef
     256                    .dwattr $C$DW$T$43, DW_AT_name("__wint_t")
     257                    .dwattr $C$DW$T$43, DW_AT_type(*$C$DW$T$41)
     258                    .dwattr $C$DW$T$43, DW_AT_language(DW_LANG_C)
     259                    .dwattr $C$DW$T$43, DW_AT_decl_file("C:/ti/ccs1110/ccs/tools/compiler/ti-cgt-msp430_21.6.1.LTS
     260                    .dwattr $C$DW$T$43, DW_AT_decl_line(0x6d)
     261                    .dwattr $C$DW$T$43, DW_AT_decl_column(0x15)
     262            
     263            $C$DW$T$44      .dwtag  DW_TAG_typedef
     264                    .dwattr $C$DW$T$44, DW_AT_name("__int16_t")
     265                    .dwattr $C$DW$T$44, DW_AT_type(*$C$DW$T$10)
     266                    .dwattr $C$DW$T$44, DW_AT_language(DW_LANG_C)
     267                    .dwattr $C$DW$T$44, DW_AT_decl_file("C:/ti/ccs1110/ccs/tools/compiler/ti-cgt-msp430_21.6.1.LTS
     268                    .dwattr $C$DW$T$44, DW_AT_decl_line(0x38)
     269                    .dwattr $C$DW$T$44, DW_AT_decl_column(0x0f)
     270            
     271            $C$DW$T$45      .dwtag  DW_TAG_typedef
     272                    .dwattr $C$DW$T$45, DW_AT_name("__int_fast16_t")
     273                    .dwattr $C$DW$T$45, DW_AT_type(*$C$DW$T$44)
     274                    .dwattr $C$DW$T$45, DW_AT_language(DW_LANG_C)
     275                    .dwattr $C$DW$T$45, DW_AT_decl_file("C:/ti/ccs1110/ccs/tools/compiler/ti-cgt-msp430_21.6.1.LTS
MSP430 Assembler PC v21.6.1 Tue Dec 20 13:45:52 2022

Copyright (c) 2003-2018 Texas Instruments Incorporated
tec.asm                                                              PAGE    6

     276                    .dwattr $C$DW$T$45, DW_AT_decl_line(0x57)
     277                    .dwattr $C$DW$T$45, DW_AT_decl_column(0x13)
     278            
     279            $C$DW$T$46      .dwtag  DW_TAG_typedef
     280                    .dwattr $C$DW$T$46, DW_AT_name("int_fast16_t")
     281                    .dwattr $C$DW$T$46, DW_AT_type(*$C$DW$T$45)
     282                    .dwattr $C$DW$T$46, DW_AT_language(DW_LANG_C)
     283                    .dwattr $C$DW$T$46, DW_AT_decl_file("C:/ti/ccs1110/ccs/tools/compiler/ti-cgt-msp430_21.6.1.LTS
     284                    .dwattr $C$DW$T$46, DW_AT_decl_line(0x35)
     285                    .dwattr $C$DW$T$46, DW_AT_decl_column(0x19)
     286            
     287            $C$DW$T$47      .dwtag  DW_TAG_typedef
     288                    .dwattr $C$DW$T$47, DW_AT_name("__int_fast8_t")
     289                    .dwattr $C$DW$T$47, DW_AT_type(*$C$DW$T$44)
     290                    .dwattr $C$DW$T$47, DW_AT_language(DW_LANG_C)
     291                    .dwattr $C$DW$T$47, DW_AT_decl_file("C:/ti/ccs1110/ccs/tools/compiler/ti-cgt-msp430_21.6.1.LTS
     292                    .dwattr $C$DW$T$47, DW_AT_decl_line(0x56)
     293                    .dwattr $C$DW$T$47, DW_AT_decl_column(0x13)
     294            
     295            $C$DW$T$48      .dwtag  DW_TAG_typedef
     296                    .dwattr $C$DW$T$48, DW_AT_name("int_fast8_t")
     297                    .dwattr $C$DW$T$48, DW_AT_type(*$C$DW$T$47)
     298                    .dwattr $C$DW$T$48, DW_AT_language(DW_LANG_C)
     299                    .dwattr $C$DW$T$48, DW_AT_decl_file("C:/ti/ccs1110/ccs/tools/compiler/ti-cgt-msp430_21.6.1.LTS
     300                    .dwattr $C$DW$T$48, DW_AT_decl_line(0x34)
     301                    .dwattr $C$DW$T$48, DW_AT_decl_column(0x18)
     302            
     303            $C$DW$T$49      .dwtag  DW_TAG_typedef
     304                    .dwattr $C$DW$T$49, DW_AT_name("__int_least16_t")
     305                    .dwattr $C$DW$T$49, DW_AT_type(*$C$DW$T$44)
     306                    .dwattr $C$DW$T$49, DW_AT_language(DW_LANG_C)
     307                    .dwattr $C$DW$T$49, DW_AT_decl_file("C:/ti/ccs1110/ccs/tools/compiler/ti-cgt-msp430_21.6.1.LTS
     308                    .dwattr $C$DW$T$49, DW_AT_decl_line(0x5b)
     309                    .dwattr $C$DW$T$49, DW_AT_decl_column(0x13)
     310            
     311            $C$DW$T$50      .dwtag  DW_TAG_typedef
     312                    .dwattr $C$DW$T$50, DW_AT_name("int_least16_t")
     313                    .dwattr $C$DW$T$50, DW_AT_type(*$C$DW$T$49)
     314                    .dwattr $C$DW$T$50, DW_AT_language(DW_LANG_C)
     315                    .dwattr $C$DW$T$50, DW_AT_decl_file("C:/ti/ccs1110/ccs/tools/compiler/ti-cgt-msp430_21.6.1.LTS
     316                    .dwattr $C$DW$T$50, DW_AT_decl_line(0x2b)
     317                    .dwattr $C$DW$T$50, DW_AT_decl_column(0x1a)
     318            
     319            $C$DW$T$51      .dwtag  DW_TAG_typedef
     320                    .dwattr $C$DW$T$51, DW_AT_name("__register_t")
     321                    .dwattr $C$DW$T$51, DW_AT_type(*$C$DW$T$44)
     322                    .dwattr $C$DW$T$51, DW_AT_language(DW_LANG_C)
     323                    .dwattr $C$DW$T$51, DW_AT_decl_file("C:/ti/ccs1110/ccs/tools/compiler/ti-cgt-msp430_21.6.1.LTS
     324                    .dwattr $C$DW$T$51, DW_AT_decl_line(0x5f)
     325                    .dwattr $C$DW$T$51, DW_AT_decl_column(0x13)
     326            
     327            $C$DW$T$52      .dwtag  DW_TAG_typedef
     328                    .dwattr $C$DW$T$52, DW_AT_name("int16_t")
     329                    .dwattr $C$DW$T$52, DW_AT_type(*$C$DW$T$44)
     330                    .dwattr $C$DW$T$52, DW_AT_language(DW_LANG_C)
MSP430 Assembler PC v21.6.1 Tue Dec 20 13:45:52 2022

Copyright (c) 2003-2018 Texas Instruments Incorporated
tec.asm                                                              PAGE    7

     331                    .dwattr $C$DW$T$52, DW_AT_decl_file("C:/ti/ccs1110/ccs/tools/compiler/ti-cgt-msp430_21.6.1.LTS
     332                    .dwattr $C$DW$T$52, DW_AT_decl_line(0x2b)
     333                    .dwattr $C$DW$T$52, DW_AT_decl_column(0x14)
     334            
     335            $C$DW$T$53      .dwtag  DW_TAG_typedef
     336                    .dwattr $C$DW$T$53, DW_AT_name("__nl_item")
     337                    .dwattr $C$DW$T$53, DW_AT_type(*$C$DW$T$10)
     338                    .dwattr $C$DW$T$53, DW_AT_language(DW_LANG_C)
     339                    .dwattr $C$DW$T$53, DW_AT_decl_file("C:/ti/ccs1110/ccs/tools/compiler/ti-cgt-msp430_21.6.1.LTS
     340                    .dwattr $C$DW$T$53, DW_AT_decl_line(0x3c)
     341                    .dwattr $C$DW$T$53, DW_AT_decl_column(0x0e)
     342            
     343            $C$DW$T$54      .dwtag  DW_TAG_typedef
     344                    .dwattr $C$DW$T$54, DW_AT_name("__ptrdiff_t")
     345                    .dwattr $C$DW$T$54, DW_AT_type(*$C$DW$T$10)
     346                    .dwattr $C$DW$T$54, DW_AT_language(DW_LANG_C)
     347                    .dwattr $C$DW$T$54, DW_AT_decl_file("C:/ti/ccs1110/ccs/tools/compiler/ti-cgt-msp430_21.6.1.LTS
     348                    .dwattr $C$DW$T$54, DW_AT_decl_line(0x5e)
     349                    .dwattr $C$DW$T$54, DW_AT_decl_column(0x1c)
     350            
     351            $C$DW$T$11      .dwtag  DW_TAG_base_type
     352                    .dwattr $C$DW$T$11, DW_AT_encoding(DW_ATE_unsigned)
     353                    .dwattr $C$DW$T$11, DW_AT_name("unsigned int")
     354                    .dwattr $C$DW$T$11, DW_AT_byte_size(0x02)
     355            
     356            $C$DW$T$55      .dwtag  DW_TAG_typedef
     357                    .dwattr $C$DW$T$55, DW_AT_name("___wchar_t")
     358                    .dwattr $C$DW$T$55, DW_AT_type(*$C$DW$T$11)
     359                    .dwattr $C$DW$T$55, DW_AT_language(DW_LANG_C)
     360                    .dwattr $C$DW$T$55, DW_AT_decl_file("C:/ti/ccs1110/ccs/tools/compiler/ti-cgt-msp430_21.6.1.LTS
     361                    .dwattr $C$DW$T$55, DW_AT_decl_line(0x7d)
     362                    .dwattr $C$DW$T$55, DW_AT_decl_column(0x1a)
     363            
     364            $C$DW$T$56      .dwtag  DW_TAG_typedef
     365                    .dwattr $C$DW$T$56, DW_AT_name("__size_t")
     366                    .dwattr $C$DW$T$56, DW_AT_type(*$C$DW$T$11)
     367                    .dwattr $C$DW$T$56, DW_AT_language(DW_LANG_C)
     368                    .dwattr $C$DW$T$56, DW_AT_decl_file("C:/ti/ccs1110/ccs/tools/compiler/ti-cgt-msp430_21.6.1.LTS
     369                    .dwattr $C$DW$T$56, DW_AT_decl_line(0x61)
     370                    .dwattr $C$DW$T$56, DW_AT_decl_column(0x19)
     371            
     372            $C$DW$T$57      .dwtag  DW_TAG_typedef
     373                    .dwattr $C$DW$T$57, DW_AT_name("__uint16_t")
     374                    .dwattr $C$DW$T$57, DW_AT_type(*$C$DW$T$11)
     375                    .dwattr $C$DW$T$57, DW_AT_language(DW_LANG_C)
     376                    .dwattr $C$DW$T$57, DW_AT_decl_file("C:/ti/ccs1110/ccs/tools/compiler/ti-cgt-msp430_21.6.1.LTS
     377                    .dwattr $C$DW$T$57, DW_AT_decl_line(0x39)
     378                    .dwattr $C$DW$T$57, DW_AT_decl_column(0x17)
     379            
     380            $C$DW$T$58      .dwtag  DW_TAG_typedef
     381                    .dwattr $C$DW$T$58, DW_AT_name("__mode_t")
     382                    .dwattr $C$DW$T$58, DW_AT_type(*$C$DW$T$57)
     383                    .dwattr $C$DW$T$58, DW_AT_language(DW_LANG_C)
     384                    .dwattr $C$DW$T$58, DW_AT_decl_file("C:/ti/ccs1110/ccs/tools/compiler/ti-cgt-msp430_21.6.1.LTS
     385                    .dwattr $C$DW$T$58, DW_AT_decl_line(0x3a)
MSP430 Assembler PC v21.6.1 Tue Dec 20 13:45:52 2022

Copyright (c) 2003-2018 Texas Instruments Incorporated
tec.asm                                                              PAGE    8

     386                    .dwattr $C$DW$T$58, DW_AT_decl_column(0x14)
     387            
     388            $C$DW$T$59      .dwtag  DW_TAG_typedef
     389                    .dwattr $C$DW$T$59, DW_AT_name("__u_register_t")
     390                    .dwattr $C$DW$T$59, DW_AT_type(*$C$DW$T$57)
     391                    .dwattr $C$DW$T$59, DW_AT_language(DW_LANG_C)
     392                    .dwattr $C$DW$T$59, DW_AT_decl_file("C:/ti/ccs1110/ccs/tools/compiler/ti-cgt-msp430_21.6.1.LTS
     393                    .dwattr $C$DW$T$59, DW_AT_decl_line(0x78)
     394                    .dwattr $C$DW$T$59, DW_AT_decl_column(0x14)
     395            
     396            $C$DW$T$60      .dwtag  DW_TAG_typedef
     397                    .dwattr $C$DW$T$60, DW_AT_name("__uint_fast16_t")
     398                    .dwattr $C$DW$T$60, DW_AT_type(*$C$DW$T$57)
     399                    .dwattr $C$DW$T$60, DW_AT_language(DW_LANG_C)
     400                    .dwattr $C$DW$T$60, DW_AT_decl_file("C:/ti/ccs1110/ccs/tools/compiler/ti-cgt-msp430_21.6.1.LTS
     401                    .dwattr $C$DW$T$60, DW_AT_decl_line(0x71)
     402                    .dwattr $C$DW$T$60, DW_AT_decl_column(0x14)
     403            
     404            $C$DW$T$61      .dwtag  DW_TAG_typedef
     405                    .dwattr $C$DW$T$61, DW_AT_name("uint_fast16_t")
     406                    .dwattr $C$DW$T$61, DW_AT_type(*$C$DW$T$60)
     407                    .dwattr $C$DW$T$61, DW_AT_language(DW_LANG_C)
     408                    .dwattr $C$DW$T$61, DW_AT_decl_file("C:/ti/ccs1110/ccs/tools/compiler/ti-cgt-msp430_21.6.1.LTS
     409                    .dwattr $C$DW$T$61, DW_AT_decl_line(0x3a)
     410                    .dwattr $C$DW$T$61, DW_AT_decl_column(0x1a)
     411            
     412            $C$DW$T$62      .dwtag  DW_TAG_typedef
     413                    .dwattr $C$DW$T$62, DW_AT_name("__uint_fast8_t")
     414                    .dwattr $C$DW$T$62, DW_AT_type(*$C$DW$T$57)
     415                    .dwattr $C$DW$T$62, DW_AT_language(DW_LANG_C)
     416                    .dwattr $C$DW$T$62, DW_AT_decl_file("C:/ti/ccs1110/ccs/tools/compiler/ti-cgt-msp430_21.6.1.LTS
     417                    .dwattr $C$DW$T$62, DW_AT_decl_line(0x70)
     418                    .dwattr $C$DW$T$62, DW_AT_decl_column(0x14)
     419            
     420            $C$DW$T$63      .dwtag  DW_TAG_typedef
     421                    .dwattr $C$DW$T$63, DW_AT_name("uint_fast8_t")
     422                    .dwattr $C$DW$T$63, DW_AT_type(*$C$DW$T$62)
     423                    .dwattr $C$DW$T$63, DW_AT_language(DW_LANG_C)
     424                    .dwattr $C$DW$T$63, DW_AT_decl_file("C:/ti/ccs1110/ccs/tools/compiler/ti-cgt-msp430_21.6.1.LTS
     425                    .dwattr $C$DW$T$63, DW_AT_decl_line(0x39)
     426                    .dwattr $C$DW$T$63, DW_AT_decl_column(0x19)
     427            
     428            $C$DW$T$64      .dwtag  DW_TAG_typedef
     429                    .dwattr $C$DW$T$64, DW_AT_name("__uint_least16_t")
     430                    .dwattr $C$DW$T$64, DW_AT_type(*$C$DW$T$57)
     431                    .dwattr $C$DW$T$64, DW_AT_language(DW_LANG_C)
     432                    .dwattr $C$DW$T$64, DW_AT_decl_file("C:/ti/ccs1110/ccs/tools/compiler/ti-cgt-msp430_21.6.1.LTS
     433                    .dwattr $C$DW$T$64, DW_AT_decl_line(0x75)
     434                    .dwattr $C$DW$T$64, DW_AT_decl_column(0x14)
     435            
     436            $C$DW$T$65      .dwtag  DW_TAG_typedef
     437                    .dwattr $C$DW$T$65, DW_AT_name("__char16_t")
     438                    .dwattr $C$DW$T$65, DW_AT_type(*$C$DW$T$64)
     439                    .dwattr $C$DW$T$65, DW_AT_language(DW_LANG_C)
     440                    .dwattr $C$DW$T$65, DW_AT_decl_file("C:/ti/ccs1110/ccs/tools/compiler/ti-cgt-msp430_21.6.1.LTS
MSP430 Assembler PC v21.6.1 Tue Dec 20 13:45:52 2022

Copyright (c) 2003-2018 Texas Instruments Incorporated
tec.asm                                                              PAGE    9

     441                    .dwattr $C$DW$T$65, DW_AT_decl_line(0x71)
     442                    .dwattr $C$DW$T$65, DW_AT_decl_column(0x1a)
     443            
     444            $C$DW$T$66      .dwtag  DW_TAG_typedef
     445                    .dwattr $C$DW$T$66, DW_AT_name("uint_least16_t")
     446                    .dwattr $C$DW$T$66, DW_AT_type(*$C$DW$T$64)
     447                    .dwattr $C$DW$T$66, DW_AT_language(DW_LANG_C)
     448                    .dwattr $C$DW$T$66, DW_AT_decl_file("C:/ti/ccs1110/ccs/tools/compiler/ti-cgt-msp430_21.6.1.LTS
     449                    .dwattr $C$DW$T$66, DW_AT_decl_line(0x30)
     450                    .dwattr $C$DW$T$66, DW_AT_decl_column(0x1a)
     451            
     452            $C$DW$T$67      .dwtag  DW_TAG_typedef
     453                    .dwattr $C$DW$T$67, DW_AT_name("uint16_t")
     454                    .dwattr $C$DW$T$67, DW_AT_type(*$C$DW$T$57)
     455                    .dwattr $C$DW$T$67, DW_AT_language(DW_LANG_C)
     456                    .dwattr $C$DW$T$67, DW_AT_decl_file("C:/ti/ccs1110/ccs/tools/compiler/ti-cgt-msp430_21.6.1.LTS
     457                    .dwattr $C$DW$T$67, DW_AT_decl_line(0x41)
     458                    .dwattr $C$DW$T$67, DW_AT_decl_column(0x15)
     459            
     460            $C$DW$T$68      .dwtag  DW_TAG_typedef
     461                    .dwattr $C$DW$T$68, DW_AT_name("__useconds_t")
     462                    .dwattr $C$DW$T$68, DW_AT_type(*$C$DW$T$11)
     463                    .dwattr $C$DW$T$68, DW_AT_language(DW_LANG_C)
     464                    .dwattr $C$DW$T$68, DW_AT_decl_file("C:/ti/ccs1110/ccs/tools/compiler/ti-cgt-msp430_21.6.1.LTS
     465                    .dwattr $C$DW$T$68, DW_AT_decl_line(0x4e)
     466                    .dwattr $C$DW$T$68, DW_AT_decl_column(0x16)
     467            
     468            $C$DW$T$12      .dwtag  DW_TAG_base_type
     469                    .dwattr $C$DW$T$12, DW_AT_encoding(DW_ATE_signed)
     470                    .dwattr $C$DW$T$12, DW_AT_name("long")
     471                    .dwattr $C$DW$T$12, DW_AT_byte_size(0x04)
     472            
     473            $C$DW$T$69      .dwtag  DW_TAG_typedef
     474                    .dwattr $C$DW$T$69, DW_AT_name("__int32_t")
     475                    .dwattr $C$DW$T$69, DW_AT_type(*$C$DW$T$12)
     476                    .dwattr $C$DW$T$69, DW_AT_language(DW_LANG_C)
     477                    .dwattr $C$DW$T$69, DW_AT_decl_file("C:/ti/ccs1110/ccs/tools/compiler/ti-cgt-msp430_21.6.1.LTS
     478                    .dwattr $C$DW$T$69, DW_AT_decl_line(0x3a)
     479                    .dwattr $C$DW$T$69, DW_AT_decl_column(0x10)
     480            
     481            $C$DW$T$70      .dwtag  DW_TAG_typedef
     482                    .dwattr $C$DW$T$70, DW_AT_name("__blksize_t")
     483                    .dwattr $C$DW$T$70, DW_AT_type(*$C$DW$T$69)
     484                    .dwattr $C$DW$T$70, DW_AT_language(DW_LANG_C)
     485                    .dwattr $C$DW$T$70, DW_AT_decl_file("C:/ti/ccs1110/ccs/tools/compiler/ti-cgt-msp430_21.6.1.LTS
     486                    .dwattr $C$DW$T$70, DW_AT_decl_line(0x2f)
     487                    .dwattr $C$DW$T$70, DW_AT_decl_column(0x13)
     488            
     489            $C$DW$T$71      .dwtag  DW_TAG_typedef
     490                    .dwattr $C$DW$T$71, DW_AT_name("__clockid_t")
     491                    .dwattr $C$DW$T$71, DW_AT_type(*$C$DW$T$69)
     492                    .dwattr $C$DW$T$71, DW_AT_language(DW_LANG_C)
     493                    .dwattr $C$DW$T$71, DW_AT_decl_file("C:/ti/ccs1110/ccs/tools/compiler/ti-cgt-msp430_21.6.1.LTS
     494                    .dwattr $C$DW$T$71, DW_AT_decl_line(0x31)
     495                    .dwattr $C$DW$T$71, DW_AT_decl_column(0x13)
MSP430 Assembler PC v21.6.1 Tue Dec 20 13:45:52 2022

Copyright (c) 2003-2018 Texas Instruments Incorporated
tec.asm                                                              PAGE   10

     496            
     497            $C$DW$T$72      .dwtag  DW_TAG_typedef
     498                    .dwattr $C$DW$T$72, DW_AT_name("__critical_t")
     499                    .dwattr $C$DW$T$72, DW_AT_type(*$C$DW$T$69)
     500                    .dwattr $C$DW$T$72, DW_AT_language(DW_LANG_C)
     501                    .dwattr $C$DW$T$72, DW_AT_decl_file("C:/ti/ccs1110/ccs/tools/compiler/ti-cgt-msp430_21.6.1.LTS
     502                    .dwattr $C$DW$T$72, DW_AT_decl_line(0x4b)
     503                    .dwattr $C$DW$T$72, DW_AT_decl_column(0x13)
     504            
     505            $C$DW$T$73      .dwtag  DW_TAG_typedef
     506                    .dwattr $C$DW$T$73, DW_AT_name("__int_fast32_t")
     507                    .dwattr $C$DW$T$73, DW_AT_type(*$C$DW$T$69)
     508                    .dwattr $C$DW$T$73, DW_AT_language(DW_LANG_C)
     509                    .dwattr $C$DW$T$73, DW_AT_decl_file("C:/ti/ccs1110/ccs/tools/compiler/ti-cgt-msp430_21.6.1.LTS
     510                    .dwattr $C$DW$T$73, DW_AT_decl_line(0x58)
     511                    .dwattr $C$DW$T$73, DW_AT_decl_column(0x13)
     512            
     513            $C$DW$T$74      .dwtag  DW_TAG_typedef
     514                    .dwattr $C$DW$T$74, DW_AT_name("int_fast32_t")
     515                    .dwattr $C$DW$T$74, DW_AT_type(*$C$DW$T$73)
     516                    .dwattr $C$DW$T$74, DW_AT_language(DW_LANG_C)
     517                    .dwattr $C$DW$T$74, DW_AT_decl_file("C:/ti/ccs1110/ccs/tools/compiler/ti-cgt-msp430_21.6.1.LTS
     518                    .dwattr $C$DW$T$74, DW_AT_decl_line(0x36)
     519                    .dwattr $C$DW$T$74, DW_AT_decl_column(0x19)
     520            
     521            $C$DW$T$75      .dwtag  DW_TAG_typedef
     522                    .dwattr $C$DW$T$75, DW_AT_name("__int_least32_t")
     523                    .dwattr $C$DW$T$75, DW_AT_type(*$C$DW$T$69)
     524                    .dwattr $C$DW$T$75, DW_AT_language(DW_LANG_C)
     525                    .dwattr $C$DW$T$75, DW_AT_decl_file("C:/ti/ccs1110/ccs/tools/compiler/ti-cgt-msp430_21.6.1.LTS
     526                    .dwattr $C$DW$T$75, DW_AT_decl_line(0x5c)
     527                    .dwattr $C$DW$T$75, DW_AT_decl_column(0x13)
     528            
     529            $C$DW$T$76      .dwtag  DW_TAG_typedef
     530                    .dwattr $C$DW$T$76, DW_AT_name("int_least32_t")
     531                    .dwattr $C$DW$T$76, DW_AT_type(*$C$DW$T$75)
     532                    .dwattr $C$DW$T$76, DW_AT_language(DW_LANG_C)
     533                    .dwattr $C$DW$T$76, DW_AT_decl_file("C:/ti/ccs1110/ccs/tools/compiler/ti-cgt-msp430_21.6.1.LTS
     534                    .dwattr $C$DW$T$76, DW_AT_decl_line(0x2c)
     535                    .dwattr $C$DW$T$76, DW_AT_decl_column(0x1a)
     536            
     537            $C$DW$T$77      .dwtag  DW_TAG_typedef
     538                    .dwattr $C$DW$T$77, DW_AT_name("__intfptr_t")
     539                    .dwattr $C$DW$T$77, DW_AT_type(*$C$DW$T$69)
     540                    .dwattr $C$DW$T$77, DW_AT_language(DW_LANG_C)
     541                    .dwattr $C$DW$T$77, DW_AT_decl_file("C:/ti/ccs1110/ccs/tools/compiler/ti-cgt-msp430_21.6.1.LTS
     542                    .dwattr $C$DW$T$77, DW_AT_decl_line(0x4e)
     543                    .dwattr $C$DW$T$77, DW_AT_decl_column(0x13)
     544            
     545            $C$DW$T$78      .dwtag  DW_TAG_typedef
     546                    .dwattr $C$DW$T$78, DW_AT_name("__intptr_t")
     547                    .dwattr $C$DW$T$78, DW_AT_type(*$C$DW$T$69)
     548                    .dwattr $C$DW$T$78, DW_AT_language(DW_LANG_C)
     549                    .dwattr $C$DW$T$78, DW_AT_decl_file("C:/ti/ccs1110/ccs/tools/compiler/ti-cgt-msp430_21.6.1.LTS
     550                    .dwattr $C$DW$T$78, DW_AT_decl_line(0x51)
MSP430 Assembler PC v21.6.1 Tue Dec 20 13:45:52 2022

Copyright (c) 2003-2018 Texas Instruments Incorporated
tec.asm                                                              PAGE   11

     551                    .dwattr $C$DW$T$78, DW_AT_decl_column(0x13)
     552            
     553            $C$DW$T$79      .dwtag  DW_TAG_typedef
     554                    .dwattr $C$DW$T$79, DW_AT_name("intptr_t")
     555                    .dwattr $C$DW$T$79, DW_AT_type(*$C$DW$T$78)
     556                    .dwattr $C$DW$T$79, DW_AT_language(DW_LANG_C)
     557                    .dwattr $C$DW$T$79, DW_AT_decl_file("C:/ti/ccs1110/ccs/tools/compiler/ti-cgt-msp430_21.6.1.LTS
     558                    .dwattr $C$DW$T$79, DW_AT_decl_line(0x50)
     559                    .dwattr $C$DW$T$79, DW_AT_decl_column(0x15)
     560            
     561            $C$DW$T$80      .dwtag  DW_TAG_typedef
     562                    .dwattr $C$DW$T$80, DW_AT_name("__lwpid_t")
     563                    .dwattr $C$DW$T$80, DW_AT_type(*$C$DW$T$69)
     564                    .dwattr $C$DW$T$80, DW_AT_language(DW_LANG_C)
     565                    .dwattr $C$DW$T$80, DW_AT_decl_file("C:/ti/ccs1110/ccs/tools/compiler/ti-cgt-msp430_21.6.1.LTS
     566                    .dwattr $C$DW$T$80, DW_AT_decl_line(0x39)
     567                    .dwattr $C$DW$T$80, DW_AT_decl_column(0x13)
     568            
     569            $C$DW$T$81      .dwtag  DW_TAG_typedef
     570                    .dwattr $C$DW$T$81, DW_AT_name("__pid_t")
     571                    .dwattr $C$DW$T$81, DW_AT_type(*$C$DW$T$69)
     572                    .dwattr $C$DW$T$81, DW_AT_language(DW_LANG_C)
     573                    .dwattr $C$DW$T$81, DW_AT_decl_file("C:/ti/ccs1110/ccs/tools/compiler/ti-cgt-msp430_21.6.1.LTS
     574                    .dwattr $C$DW$T$81, DW_AT_decl_line(0x40)
     575                    .dwattr $C$DW$T$81, DW_AT_decl_column(0x13)
     576            
     577            $C$DW$T$82      .dwtag  DW_TAG_typedef
     578                    .dwattr $C$DW$T$82, DW_AT_name("__segsz_t")
     579                    .dwattr $C$DW$T$82, DW_AT_type(*$C$DW$T$69)
     580                    .dwattr $C$DW$T$82, DW_AT_language(DW_LANG_C)
     581                    .dwattr $C$DW$T$82, DW_AT_decl_file("C:/ti/ccs1110/ccs/tools/compiler/ti-cgt-msp430_21.6.1.LTS
     582                    .dwattr $C$DW$T$82, DW_AT_decl_line(0x60)
     583                    .dwattr $C$DW$T$82, DW_AT_decl_column(0x13)
     584            
     585            $C$DW$T$83      .dwtag  DW_TAG_typedef
     586                    .dwattr $C$DW$T$83, DW_AT_name("__ssize_t")
     587                    .dwattr $C$DW$T$83, DW_AT_type(*$C$DW$T$69)
     588                    .dwattr $C$DW$T$83, DW_AT_language(DW_LANG_C)
     589                    .dwattr $C$DW$T$83, DW_AT_decl_file("C:/ti/ccs1110/ccs/tools/compiler/ti-cgt-msp430_21.6.1.LTS
     590                    .dwattr $C$DW$T$83, DW_AT_decl_line(0x62)
     591                    .dwattr $C$DW$T$83, DW_AT_decl_column(0x13)
     592            
     593            $C$DW$T$84      .dwtag  DW_TAG_typedef
     594                    .dwattr $C$DW$T$84, DW_AT_name("int32_t")
     595                    .dwattr $C$DW$T$84, DW_AT_type(*$C$DW$T$69)
     596                    .dwattr $C$DW$T$84, DW_AT_language(DW_LANG_C)
     597                    .dwattr $C$DW$T$84, DW_AT_decl_file("C:/ti/ccs1110/ccs/tools/compiler/ti-cgt-msp430_21.6.1.LTS
     598                    .dwattr $C$DW$T$84, DW_AT_decl_line(0x30)
     599                    .dwattr $C$DW$T$84, DW_AT_decl_column(0x14)
     600            
     601            $C$DW$T$85      .dwtag  DW_TAG_typedef
     602                    .dwattr $C$DW$T$85, DW_AT_name("__key_t")
     603                    .dwattr $C$DW$T$85, DW_AT_type(*$C$DW$T$12)
     604                    .dwattr $C$DW$T$85, DW_AT_language(DW_LANG_C)
     605                    .dwattr $C$DW$T$85, DW_AT_decl_file("C:/ti/ccs1110/ccs/tools/compiler/ti-cgt-msp430_21.6.1.LTS
MSP430 Assembler PC v21.6.1 Tue Dec 20 13:45:52 2022

Copyright (c) 2003-2018 Texas Instruments Incorporated
tec.asm                                                              PAGE   12

     606                    .dwattr $C$DW$T$85, DW_AT_decl_line(0x38)
     607                    .dwattr $C$DW$T$85, DW_AT_decl_column(0x0f)
     608            
     609            $C$DW$T$86      .dwtag  DW_TAG_typedef
     610                    .dwattr $C$DW$T$86, DW_AT_name("__suseconds_t")
     611                    .dwattr $C$DW$T$86, DW_AT_type(*$C$DW$T$12)
     612                    .dwattr $C$DW$T$86, DW_AT_language(DW_LANG_C)
     613                    .dwattr $C$DW$T$86, DW_AT_decl_file("C:/ti/ccs1110/ccs/tools/compiler/ti-cgt-msp430_21.6.1.LTS
     614                    .dwattr $C$DW$T$86, DW_AT_decl_line(0x4a)
     615                    .dwattr $C$DW$T$86, DW_AT_decl_column(0x0f)
     616            
     617            $C$DW$T$87      .dwtag  DW_TAG_typedef
     618                    .dwattr $C$DW$T$87, DW_AT_name("_off_t")
     619                    .dwattr $C$DW$T$87, DW_AT_type(*$C$DW$T$12)
     620                    .dwattr $C$DW$T$87, DW_AT_language(DW_LANG_C)
     621                    .dwattr $C$DW$T$87, DW_AT_decl_file("C:/ti/ccs1110/ccs/tools/compiler/ti-cgt-msp430_21.6.1.LTS
     622                    .dwattr $C$DW$T$87, DW_AT_decl_line(0x8d)
     623                    .dwattr $C$DW$T$87, DW_AT_decl_column(0x12)
     624            
     625            $C$DW$T$88      .dwtag  DW_TAG_typedef
     626                    .dwattr $C$DW$T$88, DW_AT_name("__off_t")
     627                    .dwattr $C$DW$T$88, DW_AT_type(*$C$DW$T$87)
     628                    .dwattr $C$DW$T$88, DW_AT_language(DW_LANG_C)
     629                    .dwattr $C$DW$T$88, DW_AT_decl_file("C:/ti/ccs1110/ccs/tools/compiler/ti-cgt-msp430_21.6.1.LTS
     630                    .dwattr $C$DW$T$88, DW_AT_decl_line(0x3e)
     631                    .dwattr $C$DW$T$88, DW_AT_decl_column(0x18)
     632            
     633            $C$DW$T$13      .dwtag  DW_TAG_base_type
     634                    .dwattr $C$DW$T$13, DW_AT_encoding(DW_ATE_unsigned)
     635                    .dwattr $C$DW$T$13, DW_AT_name("unsigned long")
     636                    .dwattr $C$DW$T$13, DW_AT_byte_size(0x04)
     637            
     638            $C$DW$T$89      .dwtag  DW_TAG_typedef
     639                    .dwattr $C$DW$T$89, DW_AT_name("__uint32_t")
     640                    .dwattr $C$DW$T$89, DW_AT_type(*$C$DW$T$13)
     641                    .dwattr $C$DW$T$89, DW_AT_language(DW_LANG_C)
     642                    .dwattr $C$DW$T$89, DW_AT_decl_file("C:/ti/ccs1110/ccs/tools/compiler/ti-cgt-msp430_21.6.1.LTS
     643                    .dwattr $C$DW$T$89, DW_AT_decl_line(0x3b)
     644                    .dwattr $C$DW$T$89, DW_AT_decl_column(0x18)
     645            
     646            $C$DW$T$90      .dwtag  DW_TAG_typedef
     647                    .dwattr $C$DW$T$90, DW_AT_name("__clock_t")
     648                    .dwattr $C$DW$T$90, DW_AT_type(*$C$DW$T$89)
     649                    .dwattr $C$DW$T$90, DW_AT_language(DW_LANG_C)
     650                    .dwattr $C$DW$T$90, DW_AT_decl_file("C:/ti/ccs1110/ccs/tools/compiler/ti-cgt-msp430_21.6.1.LTS
     651                    .dwattr $C$DW$T$90, DW_AT_decl_line(0x4a)
     652                    .dwattr $C$DW$T$90, DW_AT_decl_column(0x14)
     653            
     654            $C$DW$T$91      .dwtag  DW_TAG_typedef
     655                    .dwattr $C$DW$T$91, DW_AT_name("__fflags_t")
     656                    .dwattr $C$DW$T$91, DW_AT_type(*$C$DW$T$89)
     657                    .dwattr $C$DW$T$91, DW_AT_language(DW_LANG_C)
     658                    .dwattr $C$DW$T$91, DW_AT_decl_file("C:/ti/ccs1110/ccs/tools/compiler/ti-cgt-msp430_21.6.1.LTS
     659                    .dwattr $C$DW$T$91, DW_AT_decl_line(0x32)
     660                    .dwattr $C$DW$T$91, DW_AT_decl_column(0x14)
MSP430 Assembler PC v21.6.1 Tue Dec 20 13:45:52 2022

Copyright (c) 2003-2018 Texas Instruments Incorporated
tec.asm                                                              PAGE   13

     661            
     662            $C$DW$T$92      .dwtag  DW_TAG_typedef
     663                    .dwattr $C$DW$T$92, DW_AT_name("__fixpt_t")
     664                    .dwattr $C$DW$T$92, DW_AT_type(*$C$DW$T$89)
     665                    .dwattr $C$DW$T$92, DW_AT_language(DW_LANG_C)
     666                    .dwattr $C$DW$T$92, DW_AT_decl_file("C:/ti/ccs1110/ccs/tools/compiler/ti-cgt-msp430_21.6.1.LTS
     667                    .dwattr $C$DW$T$92, DW_AT_decl_line(0x81)
     668                    .dwattr $C$DW$T$92, DW_AT_decl_column(0x14)
     669            
     670            $C$DW$T$93      .dwtag  DW_TAG_typedef
     671                    .dwattr $C$DW$T$93, DW_AT_name("__gid_t")
     672                    .dwattr $C$DW$T$93, DW_AT_type(*$C$DW$T$89)
     673                    .dwattr $C$DW$T$93, DW_AT_language(DW_LANG_C)
     674                    .dwattr $C$DW$T$93, DW_AT_decl_file("C:/ti/ccs1110/ccs/tools/compiler/ti-cgt-msp430_21.6.1.LTS
     675                    .dwattr $C$DW$T$93, DW_AT_decl_line(0x35)
     676                    .dwattr $C$DW$T$93, DW_AT_decl_column(0x14)
     677            
     678            $C$DW$T$94      .dwtag  DW_TAG_typedef
     679                    .dwattr $C$DW$T$94, DW_AT_name("__socklen_t")
     680                    .dwattr $C$DW$T$94, DW_AT_type(*$C$DW$T$89)
     681                    .dwattr $C$DW$T$94, DW_AT_language(DW_LANG_C)
     682                    .dwattr $C$DW$T$94, DW_AT_decl_file("C:/ti/ccs1110/ccs/tools/compiler/ti-cgt-msp430_21.6.1.LTS
     683                    .dwattr $C$DW$T$94, DW_AT_decl_line(0x49)
     684                    .dwattr $C$DW$T$94, DW_AT_decl_column(0x14)
     685            
     686            $C$DW$T$95      .dwtag  DW_TAG_typedef
     687                    .dwattr $C$DW$T$95, DW_AT_name("__time_t")
     688                    .dwattr $C$DW$T$95, DW_AT_type(*$C$DW$T$89)
     689                    .dwattr $C$DW$T$95, DW_AT_language(DW_LANG_C)
     690                    .dwattr $C$DW$T$95, DW_AT_decl_file("C:/ti/ccs1110/ccs/tools/compiler/ti-cgt-msp430_21.6.1.LTS
     691                    .dwattr $C$DW$T$95, DW_AT_decl_line(0x66)
     692                    .dwattr $C$DW$T$95, DW_AT_decl_column(0x19)
     693            
     694            $C$DW$T$96      .dwtag  DW_TAG_typedef
     695                    .dwattr $C$DW$T$96, DW_AT_name("__uid_t")
     696                    .dwattr $C$DW$T$96, DW_AT_type(*$C$DW$T$89)
     697                    .dwattr $C$DW$T$96, DW_AT_language(DW_LANG_C)
     698                    .dwattr $C$DW$T$96, DW_AT_decl_file("C:/ti/ccs1110/ccs/tools/compiler/ti-cgt-msp430_21.6.1.LTS
     699                    .dwattr $C$DW$T$96, DW_AT_decl_line(0x4d)
     700                    .dwattr $C$DW$T$96, DW_AT_decl_column(0x14)
     701            
     702            $C$DW$T$97      .dwtag  DW_TAG_typedef
     703                    .dwattr $C$DW$T$97, DW_AT_name("__uint_fast32_t")
     704                    .dwattr $C$DW$T$97, DW_AT_type(*$C$DW$T$89)
     705                    .dwattr $C$DW$T$97, DW_AT_language(DW_LANG_C)
     706                    .dwattr $C$DW$T$97, DW_AT_decl_file("C:/ti/ccs1110/ccs/tools/compiler/ti-cgt-msp430_21.6.1.LTS
     707                    .dwattr $C$DW$T$97, DW_AT_decl_line(0x72)
     708                    .dwattr $C$DW$T$97, DW_AT_decl_column(0x14)
     709            
     710            $C$DW$T$98      .dwtag  DW_TAG_typedef
     711                    .dwattr $C$DW$T$98, DW_AT_name("uint_fast32_t")
     712                    .dwattr $C$DW$T$98, DW_AT_type(*$C$DW$T$97)
     713                    .dwattr $C$DW$T$98, DW_AT_language(DW_LANG_C)
     714                    .dwattr $C$DW$T$98, DW_AT_decl_file("C:/ti/ccs1110/ccs/tools/compiler/ti-cgt-msp430_21.6.1.LTS
     715                    .dwattr $C$DW$T$98, DW_AT_decl_line(0x3b)
MSP430 Assembler PC v21.6.1 Tue Dec 20 13:45:52 2022

Copyright (c) 2003-2018 Texas Instruments Incorporated
tec.asm                                                              PAGE   14

     716                    .dwattr $C$DW$T$98, DW_AT_decl_column(0x1a)
     717            
     718            $C$DW$T$99      .dwtag  DW_TAG_typedef
     719                    .dwattr $C$DW$T$99, DW_AT_name("__uint_least32_t")
     720                    .dwattr $C$DW$T$99, DW_AT_type(*$C$DW$T$89)
     721                    .dwattr $C$DW$T$99, DW_AT_language(DW_LANG_C)
     722                    .dwattr $C$DW$T$99, DW_AT_decl_file("C:/ti/ccs1110/ccs/tools/compiler/ti-cgt-msp430_21.6.1.LTS
     723                    .dwattr $C$DW$T$99, DW_AT_decl_line(0x76)
     724                    .dwattr $C$DW$T$99, DW_AT_decl_column(0x14)
     725            
     726            $C$DW$T$100     .dwtag  DW_TAG_typedef
     727                    .dwattr $C$DW$T$100, DW_AT_name("__char32_t")
     728                    .dwattr $C$DW$T$100, DW_AT_type(*$C$DW$T$99)
     729                    .dwattr $C$DW$T$100, DW_AT_language(DW_LANG_C)
     730                    .dwattr $C$DW$T$100, DW_AT_decl_file("C:/ti/ccs1110/ccs/tools/compiler/ti-cgt-msp430_21.6.1.LT
     731                    .dwattr $C$DW$T$100, DW_AT_decl_line(0x72)
     732                    .dwattr $C$DW$T$100, DW_AT_decl_column(0x1a)
     733            
     734            $C$DW$T$101     .dwtag  DW_TAG_typedef
     735                    .dwattr $C$DW$T$101, DW_AT_name("uint_least32_t")
     736                    .dwattr $C$DW$T$101, DW_AT_type(*$C$DW$T$99)
     737                    .dwattr $C$DW$T$101, DW_AT_language(DW_LANG_C)
     738                    .dwattr $C$DW$T$101, DW_AT_decl_file("C:/ti/ccs1110/ccs/tools/compiler/ti-cgt-msp430_21.6.1.LT
     739                    .dwattr $C$DW$T$101, DW_AT_decl_line(0x31)
     740                    .dwattr $C$DW$T$101, DW_AT_decl_column(0x1a)
     741            
     742            $C$DW$T$102     .dwtag  DW_TAG_typedef
     743                    .dwattr $C$DW$T$102, DW_AT_name("__uintfptr_t")
     744                    .dwattr $C$DW$T$102, DW_AT_type(*$C$DW$T$89)
     745                    .dwattr $C$DW$T$102, DW_AT_language(DW_LANG_C)
     746                    .dwattr $C$DW$T$102, DW_AT_decl_file("C:/ti/ccs1110/ccs/tools/compiler/ti-cgt-msp430_21.6.1.LT
     747                    .dwattr $C$DW$T$102, DW_AT_decl_line(0x68)
     748                    .dwattr $C$DW$T$102, DW_AT_decl_column(0x14)
     749            
     750            $C$DW$T$103     .dwtag  DW_TAG_typedef
     751                    .dwattr $C$DW$T$103, DW_AT_name("__uintptr_t")
     752                    .dwattr $C$DW$T$103, DW_AT_type(*$C$DW$T$89)
     753                    .dwattr $C$DW$T$103, DW_AT_language(DW_LANG_C)
     754                    .dwattr $C$DW$T$103, DW_AT_decl_file("C:/ti/ccs1110/ccs/tools/compiler/ti-cgt-msp430_21.6.1.LT
     755                    .dwattr $C$DW$T$103, DW_AT_decl_line(0x6b)
     756                    .dwattr $C$DW$T$103, DW_AT_decl_column(0x14)
     757            
     758            $C$DW$T$104     .dwtag  DW_TAG_typedef
     759                    .dwattr $C$DW$T$104, DW_AT_name("uintptr_t")
     760                    .dwattr $C$DW$T$104, DW_AT_type(*$C$DW$T$103)
     761                    .dwattr $C$DW$T$104, DW_AT_language(DW_LANG_C)
     762                    .dwattr $C$DW$T$104, DW_AT_decl_file("C:/ti/ccs1110/ccs/tools/compiler/ti-cgt-msp430_21.6.1.LT
     763                    .dwattr $C$DW$T$104, DW_AT_decl_line(0x54)
     764                    .dwattr $C$DW$T$104, DW_AT_decl_column(0x16)
     765            
     766            $C$DW$T$105     .dwtag  DW_TAG_typedef
     767                    .dwattr $C$DW$T$105, DW_AT_name("__vm_offset_t")
     768                    .dwattr $C$DW$T$105, DW_AT_type(*$C$DW$T$89)
     769                    .dwattr $C$DW$T$105, DW_AT_language(DW_LANG_C)
     770                    .dwattr $C$DW$T$105, DW_AT_decl_file("C:/ti/ccs1110/ccs/tools/compiler/ti-cgt-msp430_21.6.1.LT
MSP430 Assembler PC v21.6.1 Tue Dec 20 13:45:52 2022

Copyright (c) 2003-2018 Texas Instruments Incorporated
tec.asm                                                              PAGE   15

     771                    .dwattr $C$DW$T$105, DW_AT_decl_line(0x79)
     772                    .dwattr $C$DW$T$105, DW_AT_decl_column(0x14)
     773            
     774            $C$DW$T$106     .dwtag  DW_TAG_typedef
     775                    .dwattr $C$DW$T$106, DW_AT_name("__vm_paddr_t")
     776                    .dwattr $C$DW$T$106, DW_AT_type(*$C$DW$T$89)
     777                    .dwattr $C$DW$T$106, DW_AT_language(DW_LANG_C)
     778                    .dwattr $C$DW$T$106, DW_AT_decl_file("C:/ti/ccs1110/ccs/tools/compiler/ti-cgt-msp430_21.6.1.LT
     779                    .dwattr $C$DW$T$106, DW_AT_decl_line(0x7a)
     780                    .dwattr $C$DW$T$106, DW_AT_decl_column(0x14)
     781            
     782            $C$DW$T$107     .dwtag  DW_TAG_typedef
     783                    .dwattr $C$DW$T$107, DW_AT_name("__vm_size_t")
     784                    .dwattr $C$DW$T$107, DW_AT_type(*$C$DW$T$89)
     785                    .dwattr $C$DW$T$107, DW_AT_language(DW_LANG_C)
     786                    .dwattr $C$DW$T$107, DW_AT_decl_file("C:/ti/ccs1110/ccs/tools/compiler/ti-cgt-msp430_21.6.1.LT
     787                    .dwattr $C$DW$T$107, DW_AT_decl_line(0x7b)
     788                    .dwattr $C$DW$T$107, DW_AT_decl_column(0x14)
     789            
     790            $C$DW$T$108     .dwtag  DW_TAG_typedef
     791                    .dwattr $C$DW$T$108, DW_AT_name("uint32_t")
     792                    .dwattr $C$DW$T$108, DW_AT_type(*$C$DW$T$89)
     793                    .dwattr $C$DW$T$108, DW_AT_language(DW_LANG_C)
     794                    .dwattr $C$DW$T$108, DW_AT_decl_file("C:/ti/ccs1110/ccs/tools/compiler/ti-cgt-msp430_21.6.1.LT
     795                    .dwattr $C$DW$T$108, DW_AT_decl_line(0x46)
     796                    .dwattr $C$DW$T$108, DW_AT_decl_column(0x15)
     797            
     798            $C$DW$T$14      .dwtag  DW_TAG_base_type
     799                    .dwattr $C$DW$T$14, DW_AT_encoding(DW_ATE_signed)
     800                    .dwattr $C$DW$T$14, DW_AT_name("long long")
     801                    .dwattr $C$DW$T$14, DW_AT_byte_size(0x08)
     802            
     803            $C$DW$T$109     .dwtag  DW_TAG_typedef
     804                    .dwattr $C$DW$T$109, DW_AT_name("__int64_t")
     805                    .dwattr $C$DW$T$109, DW_AT_type(*$C$DW$T$14)
     806                    .dwattr $C$DW$T$109, DW_AT_language(DW_LANG_C)
     807                    .dwattr $C$DW$T$109, DW_AT_decl_file("C:/ti/ccs1110/ccs/tools/compiler/ti-cgt-msp430_21.6.1.LT
     808                    .dwattr $C$DW$T$109, DW_AT_decl_line(0x40)
     809                    .dwattr $C$DW$T$109, DW_AT_decl_column(0x14)
     810            
     811            $C$DW$T$110     .dwtag  DW_TAG_typedef
     812                    .dwattr $C$DW$T$110, DW_AT_name("__blkcnt_t")
     813                    .dwattr $C$DW$T$110, DW_AT_type(*$C$DW$T$109)
     814                    .dwattr $C$DW$T$110, DW_AT_language(DW_LANG_C)
     815                    .dwattr $C$DW$T$110, DW_AT_decl_file("C:/ti/ccs1110/ccs/tools/compiler/ti-cgt-msp430_21.6.1.LT
     816                    .dwattr $C$DW$T$110, DW_AT_decl_line(0x30)
     817                    .dwattr $C$DW$T$110, DW_AT_decl_column(0x13)
     818            
     819            $C$DW$T$111     .dwtag  DW_TAG_typedef
     820                    .dwattr $C$DW$T$111, DW_AT_name("__id_t")
     821                    .dwattr $C$DW$T$111, DW_AT_type(*$C$DW$T$109)
     822                    .dwattr $C$DW$T$111, DW_AT_language(DW_LANG_C)
     823                    .dwattr $C$DW$T$111, DW_AT_decl_file("C:/ti/ccs1110/ccs/tools/compiler/ti-cgt-msp430_21.6.1.LT
     824                    .dwattr $C$DW$T$111, DW_AT_decl_line(0x36)
     825                    .dwattr $C$DW$T$111, DW_AT_decl_column(0x13)
MSP430 Assembler PC v21.6.1 Tue Dec 20 13:45:52 2022

Copyright (c) 2003-2018 Texas Instruments Incorporated
tec.asm                                                              PAGE   16

     826            
     827            $C$DW$T$112     .dwtag  DW_TAG_typedef
     828                    .dwattr $C$DW$T$112, DW_AT_name("__int_fast64_t")
     829                    .dwattr $C$DW$T$112, DW_AT_type(*$C$DW$T$109)
     830                    .dwattr $C$DW$T$112, DW_AT_language(DW_LANG_C)
     831                    .dwattr $C$DW$T$112, DW_AT_decl_file("C:/ti/ccs1110/ccs/tools/compiler/ti-cgt-msp430_21.6.1.LT
     832                    .dwattr $C$DW$T$112, DW_AT_decl_line(0x59)
     833                    .dwattr $C$DW$T$112, DW_AT_decl_column(0x13)
     834            
     835            $C$DW$T$113     .dwtag  DW_TAG_typedef
     836                    .dwattr $C$DW$T$113, DW_AT_name("int_fast64_t")
     837                    .dwattr $C$DW$T$113, DW_AT_type(*$C$DW$T$112)
     838                    .dwattr $C$DW$T$113, DW_AT_language(DW_LANG_C)
     839                    .dwattr $C$DW$T$113, DW_AT_decl_file("C:/ti/ccs1110/ccs/tools/compiler/ti-cgt-msp430_21.6.1.LT
     840                    .dwattr $C$DW$T$113, DW_AT_decl_line(0x37)
     841                    .dwattr $C$DW$T$113, DW_AT_decl_column(0x19)
     842            
     843            $C$DW$T$114     .dwtag  DW_TAG_typedef
     844                    .dwattr $C$DW$T$114, DW_AT_name("__int_least64_t")
     845                    .dwattr $C$DW$T$114, DW_AT_type(*$C$DW$T$109)
     846                    .dwattr $C$DW$T$114, DW_AT_language(DW_LANG_C)
     847                    .dwattr $C$DW$T$114, DW_AT_decl_file("C:/ti/ccs1110/ccs/tools/compiler/ti-cgt-msp430_21.6.1.LT
     848                    .dwattr $C$DW$T$114, DW_AT_decl_line(0x5d)
     849                    .dwattr $C$DW$T$114, DW_AT_decl_column(0x13)
     850            
     851            $C$DW$T$115     .dwtag  DW_TAG_typedef
     852                    .dwattr $C$DW$T$115, DW_AT_name("int_least64_t")
     853                    .dwattr $C$DW$T$115, DW_AT_type(*$C$DW$T$114)
     854                    .dwattr $C$DW$T$115, DW_AT_language(DW_LANG_C)
     855                    .dwattr $C$DW$T$115, DW_AT_decl_file("C:/ti/ccs1110/ccs/tools/compiler/ti-cgt-msp430_21.6.1.LT
     856                    .dwattr $C$DW$T$115, DW_AT_decl_line(0x2d)
     857                    .dwattr $C$DW$T$115, DW_AT_decl_column(0x1a)
     858            
     859            $C$DW$T$116     .dwtag  DW_TAG_typedef
     860                    .dwattr $C$DW$T$116, DW_AT_name("__intmax_t")
     861                    .dwattr $C$DW$T$116, DW_AT_type(*$C$DW$T$109)
     862                    .dwattr $C$DW$T$116, DW_AT_language(DW_LANG_C)
     863                    .dwattr $C$DW$T$116, DW_AT_decl_file("C:/ti/ccs1110/ccs/tools/compiler/ti-cgt-msp430_21.6.1.LT
     864                    .dwattr $C$DW$T$116, DW_AT_decl_line(0x4f)
     865                    .dwattr $C$DW$T$116, DW_AT_decl_column(0x13)
     866            
     867            $C$DW$T$117     .dwtag  DW_TAG_typedef
     868                    .dwattr $C$DW$T$117, DW_AT_name("intmax_t")
     869                    .dwattr $C$DW$T$117, DW_AT_type(*$C$DW$T$116)
     870                    .dwattr $C$DW$T$117, DW_AT_language(DW_LANG_C)
     871                    .dwattr $C$DW$T$117, DW_AT_decl_file("C:/ti/ccs1110/ccs/tools/compiler/ti-cgt-msp430_21.6.1.LT
     872                    .dwattr $C$DW$T$117, DW_AT_decl_line(0x58)
     873                    .dwattr $C$DW$T$117, DW_AT_decl_column(0x15)
     874            
     875            $C$DW$T$118     .dwtag  DW_TAG_typedef
     876                    .dwattr $C$DW$T$118, DW_AT_name("__off64_t")
     877                    .dwattr $C$DW$T$118, DW_AT_type(*$C$DW$T$109)
     878                    .dwattr $C$DW$T$118, DW_AT_language(DW_LANG_C)
     879                    .dwattr $C$DW$T$118, DW_AT_decl_file("C:/ti/ccs1110/ccs/tools/compiler/ti-cgt-msp430_21.6.1.LT
     880                    .dwattr $C$DW$T$118, DW_AT_decl_line(0x3f)
MSP430 Assembler PC v21.6.1 Tue Dec 20 13:45:52 2022

Copyright (c) 2003-2018 Texas Instruments Incorporated
tec.asm                                                              PAGE   17

     881                    .dwattr $C$DW$T$118, DW_AT_decl_column(0x13)
     882            
     883            $C$DW$T$119     .dwtag  DW_TAG_typedef
     884                    .dwattr $C$DW$T$119, DW_AT_name("__rlim_t")
     885                    .dwattr $C$DW$T$119, DW_AT_type(*$C$DW$T$109)
     886                    .dwattr $C$DW$T$119, DW_AT_language(DW_LANG_C)
     887                    .dwattr $C$DW$T$119, DW_AT_decl_file("C:/ti/ccs1110/ccs/tools/compiler/ti-cgt-msp430_21.6.1.LT
     888                    .dwattr $C$DW$T$119, DW_AT_decl_line(0x41)
     889                    .dwattr $C$DW$T$119, DW_AT_decl_column(0x13)
     890            
     891            $C$DW$T$120     .dwtag  DW_TAG_typedef
     892                    .dwattr $C$DW$T$120, DW_AT_name("int64_t")
     893                    .dwattr $C$DW$T$120, DW_AT_type(*$C$DW$T$109)
     894                    .dwattr $C$DW$T$120, DW_AT_language(DW_LANG_C)
     895                    .dwattr $C$DW$T$120, DW_AT_decl_file("C:/ti/ccs1110/ccs/tools/compiler/ti-cgt-msp430_21.6.1.LT
     896                    .dwattr $C$DW$T$120, DW_AT_decl_line(0x35)
     897                    .dwattr $C$DW$T$120, DW_AT_decl_column(0x14)
     898            
     899            $C$DW$T$15      .dwtag  DW_TAG_base_type
     900                    .dwattr $C$DW$T$15, DW_AT_encoding(DW_ATE_unsigned)
     901                    .dwattr $C$DW$T$15, DW_AT_name("unsigned long long")
     902                    .dwattr $C$DW$T$15, DW_AT_byte_size(0x08)
     903            
     904            $C$DW$T$121     .dwtag  DW_TAG_typedef
     905                    .dwattr $C$DW$T$121, DW_AT_name("__uint64_t")
     906                    .dwattr $C$DW$T$121, DW_AT_type(*$C$DW$T$15)
     907                    .dwattr $C$DW$T$121, DW_AT_language(DW_LANG_C)
     908                    .dwattr $C$DW$T$121, DW_AT_decl_file("C:/ti/ccs1110/ccs/tools/compiler/ti-cgt-msp430_21.6.1.LT
     909                    .dwattr $C$DW$T$121, DW_AT_decl_line(0x45)
     910                    .dwattr $C$DW$T$121, DW_AT_decl_column(0x1c)
     911            
     912            $C$DW$T$122     .dwtag  DW_TAG_typedef
     913                    .dwattr $C$DW$T$122, DW_AT_name("__dev_t")
     914                    .dwattr $C$DW$T$122, DW_AT_type(*$C$DW$T$121)
     915                    .dwattr $C$DW$T$122, DW_AT_language(DW_LANG_C)
     916                    .dwattr $C$DW$T$122, DW_AT_decl_file("C:/ti/ccs1110/ccs/tools/compiler/ti-cgt-msp430_21.6.1.LT
     917                    .dwattr $C$DW$T$122, DW_AT_decl_line(0x7f)
     918                    .dwattr $C$DW$T$122, DW_AT_decl_column(0x14)
     919            
     920            $C$DW$T$123     .dwtag  DW_TAG_typedef
     921                    .dwattr $C$DW$T$123, DW_AT_name("__fsblkcnt_t")
     922                    .dwattr $C$DW$T$123, DW_AT_type(*$C$DW$T$121)
     923                    .dwattr $C$DW$T$123, DW_AT_language(DW_LANG_C)
     924                    .dwattr $C$DW$T$123, DW_AT_decl_file("C:/ti/ccs1110/ccs/tools/compiler/ti-cgt-msp430_21.6.1.LT
     925                    .dwattr $C$DW$T$123, DW_AT_decl_line(0x33)
     926                    .dwattr $C$DW$T$123, DW_AT_decl_column(0x14)
     927            
     928            $C$DW$T$124     .dwtag  DW_TAG_typedef
     929                    .dwattr $C$DW$T$124, DW_AT_name("__fsfilcnt_t")
     930                    .dwattr $C$DW$T$124, DW_AT_type(*$C$DW$T$121)
     931                    .dwattr $C$DW$T$124, DW_AT_language(DW_LANG_C)
     932                    .dwattr $C$DW$T$124, DW_AT_decl_file("C:/ti/ccs1110/ccs/tools/compiler/ti-cgt-msp430_21.6.1.LT
     933                    .dwattr $C$DW$T$124, DW_AT_decl_line(0x34)
     934                    .dwattr $C$DW$T$124, DW_AT_decl_column(0x14)
     935            
MSP430 Assembler PC v21.6.1 Tue Dec 20 13:45:52 2022

Copyright (c) 2003-2018 Texas Instruments Incorporated
tec.asm                                                              PAGE   18

     936            $C$DW$T$125     .dwtag  DW_TAG_typedef
     937                    .dwattr $C$DW$T$125, DW_AT_name("__ino_t")
     938                    .dwattr $C$DW$T$125, DW_AT_type(*$C$DW$T$121)
     939                    .dwattr $C$DW$T$125, DW_AT_language(DW_LANG_C)
     940                    .dwattr $C$DW$T$125, DW_AT_decl_file("C:/ti/ccs1110/ccs/tools/compiler/ti-cgt-msp430_21.6.1.LT
     941                    .dwattr $C$DW$T$125, DW_AT_decl_line(0x37)
     942                    .dwattr $C$DW$T$125, DW_AT_decl_column(0x14)
     943            
     944            $C$DW$T$126     .dwtag  DW_TAG_typedef
     945                    .dwattr $C$DW$T$126, DW_AT_name("__nlink_t")
     946                    .dwattr $C$DW$T$126, DW_AT_type(*$C$DW$T$121)
     947                    .dwattr $C$DW$T$126, DW_AT_language(DW_LANG_C)
     948                    .dwattr $C$DW$T$126, DW_AT_decl_file("C:/ti/ccs1110/ccs/tools/compiler/ti-cgt-msp430_21.6.1.LT
     949                    .dwattr $C$DW$T$126, DW_AT_decl_line(0x3d)
     950                    .dwattr $C$DW$T$126, DW_AT_decl_column(0x14)
     951            
     952            $C$DW$T$127     .dwtag  DW_TAG_typedef
     953                    .dwattr $C$DW$T$127, DW_AT_name("__uint_fast64_t")
     954                    .dwattr $C$DW$T$127, DW_AT_type(*$C$DW$T$121)
     955                    .dwattr $C$DW$T$127, DW_AT_language(DW_LANG_C)
     956                    .dwattr $C$DW$T$127, DW_AT_decl_file("C:/ti/ccs1110/ccs/tools/compiler/ti-cgt-msp430_21.6.1.LT
     957                    .dwattr $C$DW$T$127, DW_AT_decl_line(0x73)
     958                    .dwattr $C$DW$T$127, DW_AT_decl_column(0x14)
     959            
     960            $C$DW$T$128     .dwtag  DW_TAG_typedef
     961                    .dwattr $C$DW$T$128, DW_AT_name("uint_fast64_t")
     962                    .dwattr $C$DW$T$128, DW_AT_type(*$C$DW$T$127)
     963                    .dwattr $C$DW$T$128, DW_AT_language(DW_LANG_C)
     964                    .dwattr $C$DW$T$128, DW_AT_decl_file("C:/ti/ccs1110/ccs/tools/compiler/ti-cgt-msp430_21.6.1.LT
     965                    .dwattr $C$DW$T$128, DW_AT_decl_line(0x3c)
     966                    .dwattr $C$DW$T$128, DW_AT_decl_column(0x1a)
     967            
     968            $C$DW$T$129     .dwtag  DW_TAG_typedef
     969                    .dwattr $C$DW$T$129, DW_AT_name("__uint_least64_t")
     970                    .dwattr $C$DW$T$129, DW_AT_type(*$C$DW$T$121)
     971                    .dwattr $C$DW$T$129, DW_AT_language(DW_LANG_C)
     972                    .dwattr $C$DW$T$129, DW_AT_decl_file("C:/ti/ccs1110/ccs/tools/compiler/ti-cgt-msp430_21.6.1.LT
     973                    .dwattr $C$DW$T$129, DW_AT_decl_line(0x77)
     974                    .dwattr $C$DW$T$129, DW_AT_decl_column(0x14)
     975            
     976            $C$DW$T$130     .dwtag  DW_TAG_typedef
     977                    .dwattr $C$DW$T$130, DW_AT_name("uint_least64_t")
     978                    .dwattr $C$DW$T$130, DW_AT_type(*$C$DW$T$129)
     979                    .dwattr $C$DW$T$130, DW_AT_language(DW_LANG_C)
     980                    .dwattr $C$DW$T$130, DW_AT_decl_file("C:/ti/ccs1110/ccs/tools/compiler/ti-cgt-msp430_21.6.1.LT
     981                    .dwattr $C$DW$T$130, DW_AT_decl_line(0x32)
     982                    .dwattr $C$DW$T$130, DW_AT_decl_column(0x1a)
     983            
     984            $C$DW$T$131     .dwtag  DW_TAG_typedef
     985                    .dwattr $C$DW$T$131, DW_AT_name("__uintmax_t")
     986                    .dwattr $C$DW$T$131, DW_AT_type(*$C$DW$T$121)
     987                    .dwattr $C$DW$T$131, DW_AT_language(DW_LANG_C)
     988                    .dwattr $C$DW$T$131, DW_AT_decl_file("C:/ti/ccs1110/ccs/tools/compiler/ti-cgt-msp430_21.6.1.LT
     989                    .dwattr $C$DW$T$131, DW_AT_decl_line(0x69)
     990                    .dwattr $C$DW$T$131, DW_AT_decl_column(0x14)
MSP430 Assembler PC v21.6.1 Tue Dec 20 13:45:52 2022

Copyright (c) 2003-2018 Texas Instruments Incorporated
tec.asm                                                              PAGE   19

     991            
     992            $C$DW$T$132     .dwtag  DW_TAG_typedef
     993                    .dwattr $C$DW$T$132, DW_AT_name("__rman_res_t")
     994                    .dwattr $C$DW$T$132, DW_AT_type(*$C$DW$T$131)
     995                    .dwattr $C$DW$T$132, DW_AT_language(DW_LANG_C)
     996                    .dwattr $C$DW$T$132, DW_AT_decl_file("C:/ti/ccs1110/ccs/tools/compiler/ti-cgt-msp430_21.6.1.LT
     997                    .dwattr $C$DW$T$132, DW_AT_decl_line(0x9a)
     998                    .dwattr $C$DW$T$132, DW_AT_decl_column(0x19)
     999            
    1000            $C$DW$T$133     .dwtag  DW_TAG_typedef
    1001                    .dwattr $C$DW$T$133, DW_AT_name("uintmax_t")
    1002                    .dwattr $C$DW$T$133, DW_AT_type(*$C$DW$T$131)
    1003                    .dwattr $C$DW$T$133, DW_AT_language(DW_LANG_C)
    1004                    .dwattr $C$DW$T$133, DW_AT_decl_file("C:/ti/ccs1110/ccs/tools/compiler/ti-cgt-msp430_21.6.1.LT
    1005                    .dwattr $C$DW$T$133, DW_AT_decl_line(0x5c)
    1006                    .dwattr $C$DW$T$133, DW_AT_decl_column(0x16)
    1007            
    1008            $C$DW$T$134     .dwtag  DW_TAG_typedef
    1009                    .dwattr $C$DW$T$134, DW_AT_name("uint64_t")
    1010                    .dwattr $C$DW$T$134, DW_AT_type(*$C$DW$T$121)
    1011                    .dwattr $C$DW$T$134, DW_AT_language(DW_LANG_C)
    1012                    .dwattr $C$DW$T$134, DW_AT_decl_file("C:/ti/ccs1110/ccs/tools/compiler/ti-cgt-msp430_21.6.1.LT
    1013                    .dwattr $C$DW$T$134, DW_AT_decl_line(0x4b)
    1014                    .dwattr $C$DW$T$134, DW_AT_decl_column(0x15)
    1015            
    1016            $C$DW$T$16      .dwtag  DW_TAG_base_type
    1017                    .dwattr $C$DW$T$16, DW_AT_encoding(DW_ATE_float)
    1018                    .dwattr $C$DW$T$16, DW_AT_name("float")
    1019                    .dwattr $C$DW$T$16, DW_AT_byte_size(0x04)
    1020            
    1021            $C$DW$T$135     .dwtag  DW_TAG_typedef
    1022                    .dwattr $C$DW$T$135, DW_AT_name("__float_t")
    1023                    .dwattr $C$DW$T$135, DW_AT_type(*$C$DW$T$16)
    1024                    .dwattr $C$DW$T$135, DW_AT_language(DW_LANG_C)
    1025                    .dwattr $C$DW$T$135, DW_AT_decl_file("C:/ti/ccs1110/ccs/tools/compiler/ti-cgt-msp430_21.6.1.LT
    1026                    .dwattr $C$DW$T$135, DW_AT_decl_line(0x4d)
    1027                    .dwattr $C$DW$T$135, DW_AT_decl_column(0x10)
    1028            
    1029            $C$DW$T$17      .dwtag  DW_TAG_base_type
    1030                    .dwattr $C$DW$T$17, DW_AT_encoding(DW_ATE_float)
    1031                    .dwattr $C$DW$T$17, DW_AT_name("double")
    1032                    .dwattr $C$DW$T$17, DW_AT_byte_size(0x08)
    1033            
    1034            $C$DW$T$136     .dwtag  DW_TAG_typedef
    1035                    .dwattr $C$DW$T$136, DW_AT_name("__double_t")
    1036                    .dwattr $C$DW$T$136, DW_AT_type(*$C$DW$T$17)
    1037                    .dwattr $C$DW$T$136, DW_AT_language(DW_LANG_C)
    1038                    .dwattr $C$DW$T$136, DW_AT_decl_file("C:/ti/ccs1110/ccs/tools/compiler/ti-cgt-msp430_21.6.1.LT
    1039                    .dwattr $C$DW$T$136, DW_AT_decl_line(0x4c)
    1040                    .dwattr $C$DW$T$136, DW_AT_decl_column(0x11)
    1041            
    1042            $C$DW$T$18      .dwtag  DW_TAG_base_type
    1043                    .dwattr $C$DW$T$18, DW_AT_encoding(DW_ATE_float)
    1044                    .dwattr $C$DW$T$18, DW_AT_name("long double")
    1045                    .dwattr $C$DW$T$18, DW_AT_byte_size(0x08)
MSP430 Assembler PC v21.6.1 Tue Dec 20 13:45:52 2022

Copyright (c) 2003-2018 Texas Instruments Incorporated
tec.asm                                                              PAGE   20

    1046            
    1047            $C$DW$T$138     .dwtag  DW_TAG_pointer_type
    1048                    .dwattr $C$DW$T$138, DW_AT_type(*$C$DW$T$6)
    1049                    .dwattr $C$DW$T$138, DW_AT_address_class(0x14)
    1050            
    1051            $C$DW$T$139     .dwtag  DW_TAG_typedef
    1052                    .dwattr $C$DW$T$139, DW_AT_name("__va_list")
    1053                    .dwattr $C$DW$T$139, DW_AT_type(*$C$DW$T$138)
    1054                    .dwattr $C$DW$T$139, DW_AT_language(DW_LANG_C)
    1055                    .dwattr $C$DW$T$139, DW_AT_decl_file("C:/ti/ccs1110/ccs/tools/compiler/ti-cgt-msp430_21.6.1.LT
    1056                    .dwattr $C$DW$T$139, DW_AT_decl_line(0x92)
    1057                    .dwattr $C$DW$T$139, DW_AT_decl_column(0x0f)
    1058            
    1059            
    1060            $C$DW$T$19      .dwtag  DW_TAG_structure_type
    1061                    .dwattr $C$DW$T$19, DW_AT_name("__mq")
    1062                    .dwattr $C$DW$T$19, DW_AT_declaration
    1063                    .dwattr $C$DW$T$19, DW_AT_decl_file("C:/ti/ccs1110/ccs/tools/compiler/ti-cgt-msp430_21.6.1.LTS
    1064                    .dwattr $C$DW$T$19, DW_AT_decl_line(0x4c)
    1065                    .dwattr $C$DW$T$19, DW_AT_decl_column(0x10)
    1066                    .dwendtag $C$DW$T$19
    1067            
    1068            $C$DW$T$140     .dwtag  DW_TAG_pointer_type
    1069                    .dwattr $C$DW$T$140, DW_AT_type(*$C$DW$T$19)
    1070                    .dwattr $C$DW$T$140, DW_AT_address_class(0x14)
    1071            
    1072            $C$DW$T$141     .dwtag  DW_TAG_typedef
    1073                    .dwattr $C$DW$T$141, DW_AT_name("__mqd_t")
    1074                    .dwattr $C$DW$T$141, DW_AT_type(*$C$DW$T$140)
    1075                    .dwattr $C$DW$T$141, DW_AT_language(DW_LANG_C)
    1076                    .dwattr $C$DW$T$141, DW_AT_decl_file("C:/ti/ccs1110/ccs/tools/compiler/ti-cgt-msp430_21.6.1.LT
    1077                    .dwattr $C$DW$T$141, DW_AT_decl_line(0x4c)
    1078                    .dwattr $C$DW$T$141, DW_AT_decl_column(0x16)
    1079            
    1080            
    1081            $C$DW$T$20      .dwtag  DW_TAG_structure_type
    1082                    .dwattr $C$DW$T$20, DW_AT_name("__timer")
    1083                    .dwattr $C$DW$T$20, DW_AT_declaration
    1084                    .dwattr $C$DW$T$20, DW_AT_decl_file("C:/ti/ccs1110/ccs/tools/compiler/ti-cgt-msp430_21.6.1.LTS
    1085                    .dwattr $C$DW$T$20, DW_AT_decl_line(0x4b)
    1086                    .dwattr $C$DW$T$20, DW_AT_decl_column(0x10)
    1087                    .dwendtag $C$DW$T$20
    1088            
    1089            $C$DW$T$142     .dwtag  DW_TAG_pointer_type
    1090                    .dwattr $C$DW$T$142, DW_AT_type(*$C$DW$T$20)
    1091                    .dwattr $C$DW$T$142, DW_AT_address_class(0x14)
    1092            
    1093            $C$DW$T$143     .dwtag  DW_TAG_typedef
    1094                    .dwattr $C$DW$T$143, DW_AT_name("__timer_t")
    1095                    .dwattr $C$DW$T$143, DW_AT_type(*$C$DW$T$142)
    1096                    .dwattr $C$DW$T$143, DW_AT_language(DW_LANG_C)
    1097                    .dwattr $C$DW$T$143, DW_AT_decl_file("C:/ti/ccs1110/ccs/tools/compiler/ti-cgt-msp430_21.6.1.LT
    1098                    .dwattr $C$DW$T$143, DW_AT_decl_line(0x4b)
    1099                    .dwattr $C$DW$T$143, DW_AT_decl_column(0x19)
    1100            
MSP430 Assembler PC v21.6.1 Tue Dec 20 13:45:52 2022

Copyright (c) 2003-2018 Texas Instruments Incorporated
tec.asm                                                              PAGE   21

    1101                    .dwattr $C$DW$CU, DW_AT_language(DW_LANG_C)
    1102                    .dwendtag $C$DW$CU
    1103            

No Assembly Errors, No Assembly Warnings
