MSP430 Assembler PC v21.6.1 Tue Dec 20 13:45:56 2022

Copyright (c) 2003-2018 Texas Instruments Incorporated
Calibration.asm                                                      PAGE    1

       1            ;******************************************************************************
       2            ;* MSP430 G3 C/C++ Codegen                                              PC v21.6.1.LTS *
       3            ;* Date/Time created: Tue Dec 20 13:45:56 2022                                *
       4            ;******************************************************************************
       5                    .compiler_opts --abi=eabi --diag_wrap=off --hll_source=on --mem_model:code=large --mem_model:d
       6            
       7            $C$DW$CU        .dwtag  DW_TAG_compile_unit
       8                    .dwattr $C$DW$CU, DW_AT_name("../src/Calibration.c")
       9                    .dwattr $C$DW$CU, DW_AT_producer("TI MSP430 G3 C/C++ Codegen PC v21.6.1.LTS Copyright (c) 2003
      10                    .dwattr $C$DW$CU, DW_AT_TI_version(0x01)
      11                    .dwattr $C$DW$CU, DW_AT_comp_dir("C:\Users\MCourson\workspace_v11\MZERO_HB50Board\Debug")
      12                    .global TC10cal_M
      13 000000               .sect   ".const"
      14                    .align  2
      15                    .elfsym TC10cal_M,SYM_SIZE(4)
      16 000000       TC10cal_M:
      17 000000 A090          .float          $strtod("0x1.f1412p-4")         ; TC10cal_M @ 0
         000002 3DF8 
      18            
      19            $C$DW$1 .dwtag  DW_TAG_variable
      20                    .dwattr $C$DW$1, DW_AT_name("TC10cal_M")
      21                    .dwattr $C$DW$1, DW_AT_TI_symbol_name("TC10cal_M")
      22                    .dwattr $C$DW$1, DW_AT_location[DW_OP_addr TC10cal_M]
      23                    .dwattr $C$DW$1, DW_AT_type(*$C$DW$T$20)
      24                    .dwattr $C$DW$1, DW_AT_external
      25                    .dwattr $C$DW$1, DW_AT_decl_file("../src/Calibration.c")
      26                    .dwattr $C$DW$1, DW_AT_decl_line(0x08)
      27                    .dwattr $C$DW$1, DW_AT_decl_column(0x0d)
      28            
      29                    .global TC10cal_B
      30 000004               .sect   ".const"
      31                    .align  2
      32                    .elfsym TC10cal_B,SYM_SIZE(4)
      33 000004       TC10cal_B:
      34 000004 E0DF          .float          $strtod("0x1.77c1bep-1")                ; TC10cal_B @ 0
         000006 3F3B 
      35            
      36            $C$DW$2 .dwtag  DW_TAG_variable
      37                    .dwattr $C$DW$2, DW_AT_name("TC10cal_B")
      38                    .dwattr $C$DW$2, DW_AT_TI_symbol_name("TC10cal_B")
      39                    .dwattr $C$DW$2, DW_AT_location[DW_OP_addr TC10cal_B]
      40                    .dwattr $C$DW$2, DW_AT_type(*$C$DW$T$20)
      41                    .dwattr $C$DW$2, DW_AT_external
      42                    .dwattr $C$DW$2, DW_AT_decl_file("../src/Calibration.c")
      43                    .dwattr $C$DW$2, DW_AT_decl_line(0x09)
      44                    .dwattr $C$DW$2, DW_AT_decl_column(0x0d)
      45            
      46                    .global AirCompCalm
      47 000008               .sect   ".const"
      48                    .align  2
      49                    .elfsym AirCompCalm,SYM_SIZE(4)
      50 000008       AirCompCalm:
      51 000008 0000          .float          $strtod("0x1.9cp+3")            ; AirCompCalm @ 0
         00000a 414E 
      52            
MSP430 Assembler PC v21.6.1 Tue Dec 20 13:45:56 2022

Copyright (c) 2003-2018 Texas Instruments Incorporated
Calibration.asm                                                      PAGE    2

      53            $C$DW$3 .dwtag  DW_TAG_variable
      54                    .dwattr $C$DW$3, DW_AT_name("AirCompCalm")
      55                    .dwattr $C$DW$3, DW_AT_TI_symbol_name("AirCompCalm")
      56                    .dwattr $C$DW$3, DW_AT_location[DW_OP_addr AirCompCalm]
      57                    .dwattr $C$DW$3, DW_AT_type(*$C$DW$T$20)
      58                    .dwattr $C$DW$3, DW_AT_external
      59                    .dwattr $C$DW$3, DW_AT_decl_file("../src/Calibration.c")
      60                    .dwattr $C$DW$3, DW_AT_decl_line(0x0a)
      61                    .dwattr $C$DW$3, DW_AT_decl_column(0x0d)
      62            
      63                    .global AirCompCalb
      64 00000c               .sect   ".const"
      65                    .align  2
      66                    .elfsym AirCompCalb,SYM_SIZE(4)
      67 00000c       AirCompCalb:
      68 00000c 2000          .float          $strtod("-0x1.864p+8")          ; AirCompCalb @ 0
         00000e C3C3 
      69            
      70            $C$DW$4 .dwtag  DW_TAG_variable
      71                    .dwattr $C$DW$4, DW_AT_name("AirCompCalb")
      72                    .dwattr $C$DW$4, DW_AT_TI_symbol_name("AirCompCalb")
      73                    .dwattr $C$DW$4, DW_AT_location[DW_OP_addr AirCompCalb]
      74                    .dwattr $C$DW$4, DW_AT_type(*$C$DW$T$20)
      75                    .dwattr $C$DW$4, DW_AT_external
      76                    .dwattr $C$DW$4, DW_AT_decl_file("../src/Calibration.c")
      77                    .dwattr $C$DW$4, DW_AT_decl_line(0x0b)
      78                    .dwattr $C$DW$4, DW_AT_decl_column(0x0d)
      79            
      80                    .global VFCcala
      81 000010               .sect   ".const"
      82                    .align  2
      83                    .elfsym VFCcala,SYM_SIZE(4)
      84 000010       VFCcala:
      85 000010 0000          .float          $strtod("0x1p+0")               ; VFCcala @ 0
         000012 3F80 
      86            
      87            $C$DW$5 .dwtag  DW_TAG_variable
      88                    .dwattr $C$DW$5, DW_AT_name("VFCcala")
      89                    .dwattr $C$DW$5, DW_AT_TI_symbol_name("VFCcala")
      90                    .dwattr $C$DW$5, DW_AT_location[DW_OP_addr VFCcala]
      91                    .dwattr $C$DW$5, DW_AT_type(*$C$DW$T$20)
      92                    .dwattr $C$DW$5, DW_AT_external
      93                    .dwattr $C$DW$5, DW_AT_decl_file("../src/Calibration.c")
      94                    .dwattr $C$DW$5, DW_AT_decl_line(0x0c)
      95                    .dwattr $C$DW$5, DW_AT_decl_column(0x0d)
      96            
      97                    .global VFCcalb
      98 000014               .sect   ".const"
      99                    .align  2
     100                    .elfsym VFCcalb,SYM_SIZE(4)
     101 000014       VFCcalb:
     102 000014 0000          .float          $strtod("0x1p+0")               ; VFCcalb @ 0
         000016 3F80 
     103            
     104            $C$DW$6 .dwtag  DW_TAG_variable
MSP430 Assembler PC v21.6.1 Tue Dec 20 13:45:56 2022

Copyright (c) 2003-2018 Texas Instruments Incorporated
Calibration.asm                                                      PAGE    3

     105                    .dwattr $C$DW$6, DW_AT_name("VFCcalb")
     106                    .dwattr $C$DW$6, DW_AT_TI_symbol_name("VFCcalb")
     107                    .dwattr $C$DW$6, DW_AT_location[DW_OP_addr VFCcalb]
     108                    .dwattr $C$DW$6, DW_AT_type(*$C$DW$T$20)
     109                    .dwattr $C$DW$6, DW_AT_external
     110                    .dwattr $C$DW$6, DW_AT_decl_file("../src/Calibration.c")
     111                    .dwattr $C$DW$6, DW_AT_decl_line(0x0d)
     112                    .dwattr $C$DW$6, DW_AT_decl_column(0x0d)
     113            
     114                    .global VFCcalc
     115 000018               .sect   ".const"
     116                    .align  2
     117                    .elfsym VFCcalc,SYM_SIZE(4)
     118 000018       VFCcalc:
     119 000018 0000          .float          $strtod("0x1p+0")               ; VFCcalc @ 0
         00001a 3F80 
     120            
     121            $C$DW$7 .dwtag  DW_TAG_variable
     122                    .dwattr $C$DW$7, DW_AT_name("VFCcalc")
     123                    .dwattr $C$DW$7, DW_AT_TI_symbol_name("VFCcalc")
     124                    .dwattr $C$DW$7, DW_AT_location[DW_OP_addr VFCcalc]
     125                    .dwattr $C$DW$7, DW_AT_type(*$C$DW$T$20)
     126                    .dwattr $C$DW$7, DW_AT_external
     127                    .dwattr $C$DW$7, DW_AT_decl_file("../src/Calibration.c")
     128                    .dwattr $C$DW$7, DW_AT_decl_line(0x0e)
     129                    .dwattr $C$DW$7, DW_AT_decl_column(0x0d)
     130            
     131                    .global IFCcala
     132 00001c               .sect   ".const"
     133                    .align  2
     134                    .elfsym IFCcala,SYM_SIZE(4)
     135 00001c       IFCcala:
     136 00001c 0000          .float          $strtod("0x1p+0")               ; IFCcala @ 0
         00001e 3F80 
     137            
     138            $C$DW$8 .dwtag  DW_TAG_variable
     139                    .dwattr $C$DW$8, DW_AT_name("IFCcala")
     140                    .dwattr $C$DW$8, DW_AT_TI_symbol_name("IFCcala")
     141                    .dwattr $C$DW$8, DW_AT_location[DW_OP_addr IFCcala]
     142                    .dwattr $C$DW$8, DW_AT_type(*$C$DW$T$20)
     143                    .dwattr $C$DW$8, DW_AT_external
     144                    .dwattr $C$DW$8, DW_AT_decl_file("../src/Calibration.c")
     145                    .dwattr $C$DW$8, DW_AT_decl_line(0x0f)
     146                    .dwattr $C$DW$8, DW_AT_decl_column(0x0d)
     147            
     148                    .global IFCcalb
     149 000020               .sect   ".const"
     150                    .align  2
     151                    .elfsym IFCcalb,SYM_SIZE(4)
     152 000020       IFCcalb:
     153 000020 0000          .float          $strtod("0x1p+0")               ; IFCcalb @ 0
         000022 3F80 
     154            
     155            $C$DW$9 .dwtag  DW_TAG_variable
     156                    .dwattr $C$DW$9, DW_AT_name("IFCcalb")
MSP430 Assembler PC v21.6.1 Tue Dec 20 13:45:56 2022

Copyright (c) 2003-2018 Texas Instruments Incorporated
Calibration.asm                                                      PAGE    4

     157                    .dwattr $C$DW$9, DW_AT_TI_symbol_name("IFCcalb")
     158                    .dwattr $C$DW$9, DW_AT_location[DW_OP_addr IFCcalb]
     159                    .dwattr $C$DW$9, DW_AT_type(*$C$DW$T$20)
     160                    .dwattr $C$DW$9, DW_AT_external
     161                    .dwattr $C$DW$9, DW_AT_decl_file("../src/Calibration.c")
     162                    .dwattr $C$DW$9, DW_AT_decl_line(0x10)
     163                    .dwattr $C$DW$9, DW_AT_decl_column(0x0d)
     164            
     165                    .global IFCcalc
     166 000024               .sect   ".const"
     167                    .align  2
     168                    .elfsym IFCcalc,SYM_SIZE(4)
     169 000024       IFCcalc:
     170 000024 0000          .float          $strtod("0x1p+0")               ; IFCcalc @ 0
         000026 3F80 
     171            
     172            $C$DW$10        .dwtag  DW_TAG_variable
     173                    .dwattr $C$DW$10, DW_AT_name("IFCcalc")
     174                    .dwattr $C$DW$10, DW_AT_TI_symbol_name("IFCcalc")
     175                    .dwattr $C$DW$10, DW_AT_location[DW_OP_addr IFCcalc]
     176                    .dwattr $C$DW$10, DW_AT_type(*$C$DW$T$20)
     177                    .dwattr $C$DW$10, DW_AT_external
     178                    .dwattr $C$DW$10, DW_AT_decl_file("../src/Calibration.c")
     179                    .dwattr $C$DW$10, DW_AT_decl_line(0x11)
     180                    .dwattr $C$DW$10, DW_AT_decl_column(0x0d)
     181            
     182                    .global VBcalm
     183 000028               .sect   ".const"
     184                    .align  2
     185                    .elfsym VBcalm,SYM_SIZE(4)
     186 000028       VBcalm:
     187 000028 0000          .float          $strtod("0x1p+0")               ; VBcalm @ 0
         00002a 3F80 
     188            
     189            $C$DW$11        .dwtag  DW_TAG_variable
     190                    .dwattr $C$DW$11, DW_AT_name("VBcalm")
     191                    .dwattr $C$DW$11, DW_AT_TI_symbol_name("VBcalm")
     192                    .dwattr $C$DW$11, DW_AT_location[DW_OP_addr VBcalm]
     193                    .dwattr $C$DW$11, DW_AT_type(*$C$DW$T$20)
     194                    .dwattr $C$DW$11, DW_AT_external
     195                    .dwattr $C$DW$11, DW_AT_decl_file("../src/Calibration.c")
     196                    .dwattr $C$DW$11, DW_AT_decl_line(0x12)
     197                    .dwattr $C$DW$11, DW_AT_decl_column(0x0d)
     198            
     199                    .global VBcalb
     200 00002c               .sect   ".const"
     201                    .align  2
     202                    .elfsym VBcalb,SYM_SIZE(4)
     203 00002c       VBcalb:
     204 00002c 0000          .float          $strtod("0x1p+0")               ; VBcalb @ 0
         00002e 3F80 
     205            
     206            $C$DW$12        .dwtag  DW_TAG_variable
     207                    .dwattr $C$DW$12, DW_AT_name("VBcalb")
     208                    .dwattr $C$DW$12, DW_AT_TI_symbol_name("VBcalb")
MSP430 Assembler PC v21.6.1 Tue Dec 20 13:45:56 2022

Copyright (c) 2003-2018 Texas Instruments Incorporated
Calibration.asm                                                      PAGE    5

     209                    .dwattr $C$DW$12, DW_AT_location[DW_OP_addr VBcalb]
     210                    .dwattr $C$DW$12, DW_AT_type(*$C$DW$T$20)
     211                    .dwattr $C$DW$12, DW_AT_external
     212                    .dwattr $C$DW$12, DW_AT_decl_file("../src/Calibration.c")
     213                    .dwattr $C$DW$12, DW_AT_decl_line(0x13)
     214                    .dwattr $C$DW$12, DW_AT_decl_column(0x0d)
     215            
     216                    .global VOcalm
     217 000030               .sect   ".const"
     218                    .align  2
     219                    .elfsym VOcalm,SYM_SIZE(4)
     220 000030       VOcalm:
     221 000030 0000          .float          $strtod("0x1p+0")               ; VOcalm @ 0
         000032 3F80 
     222            
     223            $C$DW$13        .dwtag  DW_TAG_variable
     224                    .dwattr $C$DW$13, DW_AT_name("VOcalm")
     225                    .dwattr $C$DW$13, DW_AT_TI_symbol_name("VOcalm")
     226                    .dwattr $C$DW$13, DW_AT_location[DW_OP_addr VOcalm]
     227                    .dwattr $C$DW$13, DW_AT_type(*$C$DW$T$20)
     228                    .dwattr $C$DW$13, DW_AT_external
     229                    .dwattr $C$DW$13, DW_AT_decl_file("../src/Calibration.c")
     230                    .dwattr $C$DW$13, DW_AT_decl_line(0x14)
     231                    .dwattr $C$DW$13, DW_AT_decl_column(0x0d)
     232            
     233                    .global VOcalb
     234 000034               .sect   ".const"
     235                    .align  2
     236                    .elfsym VOcalb,SYM_SIZE(4)
     237 000034       VOcalb:
     238 000034 0000          .float          $strtod("0x1p+0")               ; VOcalb @ 0
         000036 3F80 
     239            
     240            $C$DW$14        .dwtag  DW_TAG_variable
     241                    .dwattr $C$DW$14, DW_AT_name("VOcalb")
     242                    .dwattr $C$DW$14, DW_AT_TI_symbol_name("VOcalb")
     243                    .dwattr $C$DW$14, DW_AT_location[DW_OP_addr VOcalb]
     244                    .dwattr $C$DW$14, DW_AT_type(*$C$DW$T$20)
     245                    .dwattr $C$DW$14, DW_AT_external
     246                    .dwattr $C$DW$14, DW_AT_decl_file("../src/Calibration.c")
     247                    .dwattr $C$DW$14, DW_AT_decl_line(0x15)
     248                    .dwattr $C$DW$14, DW_AT_decl_column(0x0d)
     249            
     250                    .global AMBTcalm
     251 000038               .sect   ".const"
     252                    .align  2
     253                    .elfsym AMBTcalm,SYM_SIZE(4)
     254 000038       AMBTcalm:
     255 000038 0000          .float          $strtod("0x1p+0")               ; AMBTcalm @ 0
         00003a 3F80 
     256            
     257            $C$DW$15        .dwtag  DW_TAG_variable
     258                    .dwattr $C$DW$15, DW_AT_name("AMBTcalm")
     259                    .dwattr $C$DW$15, DW_AT_TI_symbol_name("AMBTcalm")
     260                    .dwattr $C$DW$15, DW_AT_location[DW_OP_addr AMBTcalm]
MSP430 Assembler PC v21.6.1 Tue Dec 20 13:45:56 2022

Copyright (c) 2003-2018 Texas Instruments Incorporated
Calibration.asm                                                      PAGE    6

     261                    .dwattr $C$DW$15, DW_AT_type(*$C$DW$T$20)
     262                    .dwattr $C$DW$15, DW_AT_external
     263                    .dwattr $C$DW$15, DW_AT_decl_file("../src/Calibration.c")
     264                    .dwattr $C$DW$15, DW_AT_decl_line(0x16)
     265                    .dwattr $C$DW$15, DW_AT_decl_column(0x0d)
     266            
     267                    .global AMBTcalb
     268 00003c               .sect   ".const"
     269                    .align  2
     270                    .elfsym AMBTcalb,SYM_SIZE(4)
     271 00003c       AMBTcalb:
     272 00003c 0000          .float          $strtod("0x1p+0")               ; AMBTcalb @ 0
         00003e 3F80 
     273            
     274            $C$DW$16        .dwtag  DW_TAG_variable
     275                    .dwattr $C$DW$16, DW_AT_name("AMBTcalb")
     276                    .dwattr $C$DW$16, DW_AT_TI_symbol_name("AMBTcalb")
     277                    .dwattr $C$DW$16, DW_AT_location[DW_OP_addr AMBTcalb]
     278                    .dwattr $C$DW$16, DW_AT_type(*$C$DW$T$20)
     279                    .dwattr $C$DW$16, DW_AT_external
     280                    .dwattr $C$DW$16, DW_AT_decl_file("../src/Calibration.c")
     281                    .dwattr $C$DW$16, DW_AT_decl_line(0x17)
     282                    .dwattr $C$DW$16, DW_AT_decl_column(0x0d)
     283            
     284                    .global ILoadcalm
     285 000040               .sect   ".const"
     286                    .align  2
     287                    .elfsym ILoadcalm,SYM_SIZE(4)
     288 000040       ILoadcalm:
     289 000040 0000          .float          $strtod("0x1p+0")               ; ILoadcalm @ 0
         000042 3F80 
     290            
     291            $C$DW$17        .dwtag  DW_TAG_variable
     292                    .dwattr $C$DW$17, DW_AT_name("ILoadcalm")
     293                    .dwattr $C$DW$17, DW_AT_TI_symbol_name("ILoadcalm")
     294                    .dwattr $C$DW$17, DW_AT_location[DW_OP_addr ILoadcalm]
     295                    .dwattr $C$DW$17, DW_AT_type(*$C$DW$T$20)
     296                    .dwattr $C$DW$17, DW_AT_external
     297                    .dwattr $C$DW$17, DW_AT_decl_file("../src/Calibration.c")
     298                    .dwattr $C$DW$17, DW_AT_decl_line(0x18)
     299                    .dwattr $C$DW$17, DW_AT_decl_column(0x0d)
     300            
     301                    .global PressureXDucer_M_2
     302 000044               .sect   ".const"
     303                    .align  2
     304                    .elfsym PressureXDucer_M_2,SYM_SIZE(4)
     305 000044       PressureXDucer_M_2:
     306 000044 75F7          .float          $strtod("0x1.c0ebeep-7")                ; PressureXDucer_M_2 @ 0
         000046 3C60 
     307            
     308            $C$DW$18        .dwtag  DW_TAG_variable
     309                    .dwattr $C$DW$18, DW_AT_name("PressureXDucer_M_2")
     310                    .dwattr $C$DW$18, DW_AT_TI_symbol_name("PressureXDucer_M_2")
     311                    .dwattr $C$DW$18, DW_AT_location[DW_OP_addr PressureXDucer_M_2]
     312                    .dwattr $C$DW$18, DW_AT_type(*$C$DW$T$20)
MSP430 Assembler PC v21.6.1 Tue Dec 20 13:45:56 2022

Copyright (c) 2003-2018 Texas Instruments Incorporated
Calibration.asm                                                      PAGE    7

     313                    .dwattr $C$DW$18, DW_AT_external
     314                    .dwattr $C$DW$18, DW_AT_decl_file("../src/Calibration.c")
     315                    .dwattr $C$DW$18, DW_AT_decl_line(0x19)
     316                    .dwattr $C$DW$18, DW_AT_decl_column(0x0d)
     317            
     318                    .global PressureXDucer_B_2
     319 000048               .sect   ".const"
     320                    .align  2
     321                    .elfsym PressureXDucer_B_2,SYM_SIZE(4)
     322 000048       PressureXDucer_B_2:
     323 000048 0000          .float          $strtod("0x0p+0")               ; PressureXDucer_B_2 @ 0
         00004a 0000 
     324            
     325            $C$DW$19        .dwtag  DW_TAG_variable
     326                    .dwattr $C$DW$19, DW_AT_name("PressureXDucer_B_2")
     327                    .dwattr $C$DW$19, DW_AT_TI_symbol_name("PressureXDucer_B_2")
     328                    .dwattr $C$DW$19, DW_AT_location[DW_OP_addr PressureXDucer_B_2]
     329                    .dwattr $C$DW$19, DW_AT_type(*$C$DW$T$20)
     330                    .dwattr $C$DW$19, DW_AT_external
     331                    .dwattr $C$DW$19, DW_AT_decl_file("../src/Calibration.c")
     332                    .dwattr $C$DW$19, DW_AT_decl_line(0x1a)
     333                    .dwattr $C$DW$19, DW_AT_decl_column(0x0d)
     334            
     335                    .global PressureXDucer_M_1
     336 00004c               .sect   ".const"
     337                    .align  2
     338                    .elfsym PressureXDucer_M_1,SYM_SIZE(4)
     339 00004c       PressureXDucer_M_1:
     340 00004c 75F7          .float          $strtod("0x1.c0ebeep-7")                ; PressureXDucer_M_1 @ 0
         00004e 3C60 
     341            
     342            $C$DW$20        .dwtag  DW_TAG_variable
     343                    .dwattr $C$DW$20, DW_AT_name("PressureXDucer_M_1")
     344                    .dwattr $C$DW$20, DW_AT_TI_symbol_name("PressureXDucer_M_1")
     345                    .dwattr $C$DW$20, DW_AT_location[DW_OP_addr PressureXDucer_M_1]
     346                    .dwattr $C$DW$20, DW_AT_type(*$C$DW$T$20)
     347                    .dwattr $C$DW$20, DW_AT_external
     348                    .dwattr $C$DW$20, DW_AT_decl_file("../src/Calibration.c")
     349                    .dwattr $C$DW$20, DW_AT_decl_line(0x1b)
     350                    .dwattr $C$DW$20, DW_AT_decl_column(0x0d)
     351            
     352                    .global PressureXDucer_B_1
     353 000050               .sect   ".const"
     354                    .align  2
     355                    .elfsym PressureXDucer_B_1,SYM_SIZE(4)
     356 000050       PressureXDucer_B_1:
     357 000050 0000          .float          $strtod("0x0p+0")               ; PressureXDucer_B_1 @ 0
         000052 0000 
     358            
     359            $C$DW$21        .dwtag  DW_TAG_variable
     360                    .dwattr $C$DW$21, DW_AT_name("PressureXDucer_B_1")
     361                    .dwattr $C$DW$21, DW_AT_TI_symbol_name("PressureXDucer_B_1")
     362                    .dwattr $C$DW$21, DW_AT_location[DW_OP_addr PressureXDucer_B_1]
     363                    .dwattr $C$DW$21, DW_AT_type(*$C$DW$T$20)
     364                    .dwattr $C$DW$21, DW_AT_external
MSP430 Assembler PC v21.6.1 Tue Dec 20 13:45:56 2022

Copyright (c) 2003-2018 Texas Instruments Incorporated
Calibration.asm                                                      PAGE    8

     365                    .dwattr $C$DW$21, DW_AT_decl_file("../src/Calibration.c")
     366                    .dwattr $C$DW$21, DW_AT_decl_line(0x1c)
     367                    .dwattr $C$DW$21, DW_AT_decl_column(0x0d)
     368            
     369            ;       C:\ti\ccs1110\ccs\tools\compiler\ti-cgt-msp430_21.6.1.LTS\bin\opt430.exe C:\\Users\\MCourson\\
     370 000000               .sect   ".text:Calibration"
     371                    .clink
     372                    .global Calibration
     373            
     374            $C$DW$22        .dwtag  DW_TAG_subprogram
     375                    .dwattr $C$DW$22, DW_AT_name("Calibration")
     376                    .dwattr $C$DW$22, DW_AT_low_pc(Calibration)
     377                    .dwattr $C$DW$22, DW_AT_high_pc(0x00)
     378                    .dwattr $C$DW$22, DW_AT_TI_symbol_name("Calibration")
     379                    .dwattr $C$DW$22, DW_AT_external
     380                    .dwattr $C$DW$22, DW_AT_TI_begin_file("../src/Calibration.c")
     381                    .dwattr $C$DW$22, DW_AT_TI_begin_line(0x23)
     382                    .dwattr $C$DW$22, DW_AT_TI_begin_column(0x01)
     383                    .dwattr $C$DW$22, DW_AT_decl_file("../src/Calibration.c")
     384                    .dwattr $C$DW$22, DW_AT_decl_line(0x23)
     385                    .dwattr $C$DW$22, DW_AT_decl_column(0x01)
     386                    .dwattr $C$DW$22, DW_AT_TI_max_frame_size(0x04)
     387                    .dwpsn  file "../src/Calibration.c",line 36,column 1,is_stmt,address Calibration,isa 0
     388            
     389                    .dwfde $C$DW$CIE, Calibration
     390            
     391            ;*****************************************************************************
     392            ;* FUNCTION NAME: Calibration                                                *
     393            ;*                                                                           *
     394            ;*   Regs Modified     : SP                                                  *
     395            ;*   Regs Used         : SP                                                  *
     396            ;*   Local Frame Size  : 0 Args + 0 Auto + 0 Save = 0 byte                   *
     397            ;*****************************************************************************
     398 000000       Calibration:
     399            ;* --------------------------------------------------------------------------*
     400                    .dwcfi  cfa_offset, 4
     401                    .dwcfi  save_reg_to_mem, 16, -4
     402                    .dwpsn  file "../src/Calibration.c",line 39,column 1,is_stmt,isa 0
     403            $C$DW$23        .dwtag  DW_TAG_TI_branch
     404                    .dwattr $C$DW$23, DW_AT_low_pc(0x00)
     405                    .dwattr $C$DW$23, DW_AT_TI_return
     406            
     407 000000 0110          RETA      ; [] 
     408                    ; [] 
     409                    .dwattr $C$DW$22, DW_AT_TI_end_file("../src/Calibration.c")
     410                    .dwattr $C$DW$22, DW_AT_TI_end_line(0x27)
     411                    .dwattr $C$DW$22, DW_AT_TI_end_column(0x01)
     412                    .dwendentry
     413                    .dwendtag $C$DW$22
     414            
     415            
     416            ;******************************************************************************
     417            ;* BUILD ATTRIBUTES                                                           *
     418            ;******************************************************************************
     419                    .battr "TI", Tag_File, 1, Tag_LPM_INFO(1)
MSP430 Assembler PC v21.6.1 Tue Dec 20 13:45:56 2022

Copyright (c) 2003-2018 Texas Instruments Incorporated
Calibration.asm                                                      PAGE    9

     420                    .battr "TI", Tag_File, 1, Tag_PORTS_INIT_INFO("012345678901ABCDEFGHIJ0000000000000000000000000
     421                    .battr "TI", Tag_File, 1, Tag_LEA_INFO(1)
     422                    .battr "TI", Tag_File, 1, Tag_HW_MPY32_INFO(1)
     423                    .battr "TI", Tag_File, 1, Tag_HW_MPY_ISR_INFO(1)
     424                    .battr "TI", Tag_File, 1, Tag_HW_MPY_INLINE_INFO(1)
     425                    .battr "mspabi", Tag_File, 1, Tag_enum_size(3)
     426            
     427            ;******************************************************************************
     428            ;* TYPE INFORMATION                                                           *
     429            ;******************************************************************************
     430            $C$DW$T$2       .dwtag  DW_TAG_unspecified_type
     431                    .dwattr $C$DW$T$2, DW_AT_name("void")
     432            
     433            $C$DW$T$4       .dwtag  DW_TAG_base_type
     434                    .dwattr $C$DW$T$4, DW_AT_encoding(DW_ATE_boolean)
     435                    .dwattr $C$DW$T$4, DW_AT_name("bool")
     436                    .dwattr $C$DW$T$4, DW_AT_byte_size(0x01)
     437            
     438            $C$DW$T$5       .dwtag  DW_TAG_base_type
     439                    .dwattr $C$DW$T$5, DW_AT_encoding(DW_ATE_signed_char)
     440                    .dwattr $C$DW$T$5, DW_AT_name("signed char")
     441                    .dwattr $C$DW$T$5, DW_AT_byte_size(0x01)
     442            
     443            $C$DW$T$6       .dwtag  DW_TAG_base_type
     444                    .dwattr $C$DW$T$6, DW_AT_encoding(DW_ATE_unsigned_char)
     445                    .dwattr $C$DW$T$6, DW_AT_name("unsigned char")
     446                    .dwattr $C$DW$T$6, DW_AT_byte_size(0x01)
     447            
     448            $C$DW$T$7       .dwtag  DW_TAG_base_type
     449                    .dwattr $C$DW$T$7, DW_AT_encoding(DW_ATE_signed_char)
     450                    .dwattr $C$DW$T$7, DW_AT_name("wchar_t")
     451                    .dwattr $C$DW$T$7, DW_AT_byte_size(0x02)
     452            
     453            $C$DW$T$8       .dwtag  DW_TAG_base_type
     454                    .dwattr $C$DW$T$8, DW_AT_encoding(DW_ATE_signed)
     455                    .dwattr $C$DW$T$8, DW_AT_name("short")
     456                    .dwattr $C$DW$T$8, DW_AT_byte_size(0x02)
     457            
     458            $C$DW$T$9       .dwtag  DW_TAG_base_type
     459                    .dwattr $C$DW$T$9, DW_AT_encoding(DW_ATE_unsigned)
     460                    .dwattr $C$DW$T$9, DW_AT_name("unsigned short")
     461                    .dwattr $C$DW$T$9, DW_AT_byte_size(0x02)
     462            
     463            $C$DW$T$10      .dwtag  DW_TAG_base_type
     464                    .dwattr $C$DW$T$10, DW_AT_encoding(DW_ATE_signed)
     465                    .dwattr $C$DW$T$10, DW_AT_name("int")
     466                    .dwattr $C$DW$T$10, DW_AT_byte_size(0x02)
     467            
     468            $C$DW$T$11      .dwtag  DW_TAG_base_type
     469                    .dwattr $C$DW$T$11, DW_AT_encoding(DW_ATE_unsigned)
     470                    .dwattr $C$DW$T$11, DW_AT_name("unsigned int")
     471                    .dwattr $C$DW$T$11, DW_AT_byte_size(0x02)
     472            
     473            $C$DW$T$12      .dwtag  DW_TAG_base_type
     474                    .dwattr $C$DW$T$12, DW_AT_encoding(DW_ATE_signed)
MSP430 Assembler PC v21.6.1 Tue Dec 20 13:45:56 2022

Copyright (c) 2003-2018 Texas Instruments Incorporated
Calibration.asm                                                      PAGE   10

     475                    .dwattr $C$DW$T$12, DW_AT_name("long")
     476                    .dwattr $C$DW$T$12, DW_AT_byte_size(0x04)
     477            
     478            $C$DW$T$13      .dwtag  DW_TAG_base_type
     479                    .dwattr $C$DW$T$13, DW_AT_encoding(DW_ATE_unsigned)
     480                    .dwattr $C$DW$T$13, DW_AT_name("unsigned long")
     481                    .dwattr $C$DW$T$13, DW_AT_byte_size(0x04)
     482            
     483            $C$DW$T$14      .dwtag  DW_TAG_base_type
     484                    .dwattr $C$DW$T$14, DW_AT_encoding(DW_ATE_signed)
     485                    .dwattr $C$DW$T$14, DW_AT_name("long long")
     486                    .dwattr $C$DW$T$14, DW_AT_byte_size(0x08)
     487            
     488            $C$DW$T$15      .dwtag  DW_TAG_base_type
     489                    .dwattr $C$DW$T$15, DW_AT_encoding(DW_ATE_unsigned)
     490                    .dwattr $C$DW$T$15, DW_AT_name("unsigned long long")
     491                    .dwattr $C$DW$T$15, DW_AT_byte_size(0x08)
     492            
     493            $C$DW$T$16      .dwtag  DW_TAG_base_type
     494                    .dwattr $C$DW$T$16, DW_AT_encoding(DW_ATE_float)
     495                    .dwattr $C$DW$T$16, DW_AT_name("float")
     496                    .dwattr $C$DW$T$16, DW_AT_byte_size(0x04)
     497            
     498            $C$DW$24        .dwtag  DW_TAG_TI_far_type
     499                    .dwattr $C$DW$24, DW_AT_type(*$C$DW$T$16)
     500            
     501            $C$DW$T$20      .dwtag  DW_TAG_const_type
     502                    .dwattr $C$DW$T$20, DW_AT_type(*$C$DW$24)
     503            
     504            $C$DW$T$17      .dwtag  DW_TAG_base_type
     505                    .dwattr $C$DW$T$17, DW_AT_encoding(DW_ATE_float)
     506                    .dwattr $C$DW$T$17, DW_AT_name("double")
     507                    .dwattr $C$DW$T$17, DW_AT_byte_size(0x08)
     508            
     509            $C$DW$T$18      .dwtag  DW_TAG_base_type
     510                    .dwattr $C$DW$T$18, DW_AT_encoding(DW_ATE_float)
     511                    .dwattr $C$DW$T$18, DW_AT_name("long double")
     512                    .dwattr $C$DW$T$18, DW_AT_byte_size(0x08)
     513            
     514                    .dwattr $C$DW$CU, DW_AT_language(DW_LANG_C)
     515            
     516            ;***************************************************************
     517            ;* DWARF CIE ENTRIES                                           *
     518            ;***************************************************************
     519            
     520            $C$DW$CIE       .dwcie 16
     521                    .dwcfi  cfa_register, 1
     522                    .dwcfi  cfa_offset, 0
     523                    .dwcfi  same_value, 0
     524                    .dwcfi  same_value, 1
     525                    .dwcfi  same_value, 3
     526                    .dwcfi  same_value, 4
     527                    .dwcfi  same_value, 5
     528                    .dwcfi  same_value, 6
     529                    .dwcfi  same_value, 7
MSP430 Assembler PC v21.6.1 Tue Dec 20 13:45:56 2022

Copyright (c) 2003-2018 Texas Instruments Incorporated
Calibration.asm                                                      PAGE   11

     530                    .dwcfi  same_value, 8
     531                    .dwcfi  same_value, 9
     532                    .dwcfi  same_value, 10
     533                    .dwendentry
     534            
     535            ;***************************************************************
     536            ;* DWARF REGISTER MAP                                          *
     537            ;***************************************************************
     538            
     539            $C$DW$25        .dwtag  DW_TAG_TI_assign_register
     540                    .dwattr $C$DW$25, DW_AT_name("PC")
     541                    .dwattr $C$DW$25, DW_AT_location[DW_OP_reg0]
     542            
     543            $C$DW$26        .dwtag  DW_TAG_TI_assign_register
     544                    .dwattr $C$DW$26, DW_AT_name("SP")
     545                    .dwattr $C$DW$26, DW_AT_location[DW_OP_reg1]
     546            
     547            $C$DW$27        .dwtag  DW_TAG_TI_assign_register
     548                    .dwattr $C$DW$27, DW_AT_name("SR")
     549                    .dwattr $C$DW$27, DW_AT_location[DW_OP_reg2]
     550            
     551            $C$DW$28        .dwtag  DW_TAG_TI_assign_register
     552                    .dwattr $C$DW$28, DW_AT_name("CG")
     553                    .dwattr $C$DW$28, DW_AT_location[DW_OP_reg3]
     554            
     555            $C$DW$29        .dwtag  DW_TAG_TI_assign_register
     556                    .dwattr $C$DW$29, DW_AT_name("r4")
     557                    .dwattr $C$DW$29, DW_AT_location[DW_OP_reg4]
     558            
     559            $C$DW$30        .dwtag  DW_TAG_TI_assign_register
     560                    .dwattr $C$DW$30, DW_AT_name("r5")
     561                    .dwattr $C$DW$30, DW_AT_location[DW_OP_reg5]
     562            
     563            $C$DW$31        .dwtag  DW_TAG_TI_assign_register
     564                    .dwattr $C$DW$31, DW_AT_name("r6")
     565                    .dwattr $C$DW$31, DW_AT_location[DW_OP_reg6]
     566            
     567            $C$DW$32        .dwtag  DW_TAG_TI_assign_register
     568                    .dwattr $C$DW$32, DW_AT_name("r7")
     569                    .dwattr $C$DW$32, DW_AT_location[DW_OP_reg7]
     570            
     571            $C$DW$33        .dwtag  DW_TAG_TI_assign_register
     572                    .dwattr $C$DW$33, DW_AT_name("r8")
     573                    .dwattr $C$DW$33, DW_AT_location[DW_OP_reg8]
     574            
     575            $C$DW$34        .dwtag  DW_TAG_TI_assign_register
     576                    .dwattr $C$DW$34, DW_AT_name("r9")
     577                    .dwattr $C$DW$34, DW_AT_location[DW_OP_reg9]
     578            
     579            $C$DW$35        .dwtag  DW_TAG_TI_assign_register
     580                    .dwattr $C$DW$35, DW_AT_name("r10")
     581                    .dwattr $C$DW$35, DW_AT_location[DW_OP_reg10]
     582            
     583            $C$DW$36        .dwtag  DW_TAG_TI_assign_register
     584                    .dwattr $C$DW$36, DW_AT_name("r11")
MSP430 Assembler PC v21.6.1 Tue Dec 20 13:45:56 2022

Copyright (c) 2003-2018 Texas Instruments Incorporated
Calibration.asm                                                      PAGE   12

     585                    .dwattr $C$DW$36, DW_AT_location[DW_OP_reg11]
     586            
     587            $C$DW$37        .dwtag  DW_TAG_TI_assign_register
     588                    .dwattr $C$DW$37, DW_AT_name("r12")
     589                    .dwattr $C$DW$37, DW_AT_location[DW_OP_reg12]
     590            
     591            $C$DW$38        .dwtag  DW_TAG_TI_assign_register
     592                    .dwattr $C$DW$38, DW_AT_name("r13")
     593                    .dwattr $C$DW$38, DW_AT_location[DW_OP_reg13]
     594            
     595            $C$DW$39        .dwtag  DW_TAG_TI_assign_register
     596                    .dwattr $C$DW$39, DW_AT_name("r14")
     597                    .dwattr $C$DW$39, DW_AT_location[DW_OP_reg14]
     598            
     599            $C$DW$40        .dwtag  DW_TAG_TI_assign_register
     600                    .dwattr $C$DW$40, DW_AT_name("r15")
     601                    .dwattr $C$DW$40, DW_AT_location[DW_OP_reg15]
     602            
     603            $C$DW$41        .dwtag  DW_TAG_TI_assign_register
     604                    .dwattr $C$DW$41, DW_AT_name("CIE_RETA")
     605                    .dwattr $C$DW$41, DW_AT_location[DW_OP_reg16]
     606            
     607                    .dwendtag $C$DW$CU
     608            

No Assembly Errors, No Assembly Warnings
